<?xml version="1.0" encoding="UTF-8"?>
<!-- Generated by org.testng.reporters.JUnitXMLReporter -->
<testsuite ignored="208" hostname="SVROLP01518" failures="0" tests="70" name="Visitor Tests" time="4032.404" errors="0" timestamp="2022-03-17T10:38:43 EET">
  <testcase classname="User_ArticlesTest" name="testC2097" time="131.493"/>
  <testcase classname="User_ArticlesTest" name="testC2098" time="38.54"/>
  <testcase classname="User_CalendarTest" name="testC2043" time="139.329"/>
  <testcase classname="User_CollectionBuilderTest" name="testC2044" time="25.536"/>
  <testcase classname="User_CollectionBuilderTest" name="testC2045" time="56.714"/>
  <testcase classname="User_CurriculumManagerPageTest" name="testC2056" time="15.453"/>
  <testcase classname="User_BrowseResourceDirectory_MainPageTest" name="testC2057" time="46.06"/>
  <testcase classname="User_BrowseResourceDirectory_MainPageTest" name="testC2058" time="19.835"/>
  <testcase classname="User_BrowseResourceDirectory_SubjectsTest" name="testC2059" time="29.077"/>
  <testcase classname="User_BrowseResourceDirectory_SubjectsTest" name="testC2060" time="29.765"/>
  <testcase classname="User_BrowseResourceDirectory_SubjectsTest" name="testC2061" time="25.792"/>
  <testcase classname="User_BrowseResourceDirectory_SubjectsTest" name="testC2062" time="15.143"/>
  <testcase classname="User_BrowseResourceDirectory_SubjectsTest" name="testC2063" time="11.303"/>
  <testcase classname="User_BrowseResourceDirectory_SubjectsTest" name="testC2064" time="31.437"/>
  <testcase classname="User_HeaderTest" name="testC2046" time="60.026"/>
  <testcase classname="User_HeaderTest" name="testC2048" time="29.87"/>
  <testcase classname="User_FooterTest" name="tesC2048" time="5.961"/>
  <testcase classname="User_FooterTest" name="testC2049" time="36.938"/>
  <testcase classname="User_FooterTest" name="testC2050" time="22.33"/>
  <testcase classname="User_FooterTest" name="testC2051" time="27.403"/>
  <testcase classname="User_FooterTest" name="testC2052" time="10.474"/>
  <testcase classname="User_FooterTest" name="testC2053" time="10.724"/>
  <testcase classname="User_FooterTest" name="testC2054" time="7.391"/>
  <testcase classname="User_FooterTest" name="testC2055" time="10.753"/>
  <testcase classname="User_HomepageTest" name="testC2099" time="13.485"/>
  <testcase classname="User_HomepageTest" name="testC2100" time="31.608"/>
  <testcase classname="User_HomepageTest" name="testC2101" time="18.849"/>
  <testcase classname="User_HomepageTest" name="testC2102" time="11.78"/>
  <testcase classname="User_HomepageTest" name="testC2103" time="7.875"/>
  <testcase classname="User_HomepageTest" name="testC2104" time="9.735"/>
  <testcase classname="User_HomepageTest" name="testC2105" time="11.831"/>
  <testcase classname="User_HomepageTest" name="testC2106" time="8.756"/>
  <testcase classname="User_HomepageTest" name="testC2107" time="13.076"/>
  <testcase classname="User_HomepageTest" name="testC2108" time="10.994"/>
  <testcase classname="User_HomepageTest" name="testC2109" time="9.698"/>
  <testcase classname="User_HomepageTest" name="testC2110" time="269.984"/>
  <testcase classname="User_HomepageTest" name="testC2111" time="24.564"/>
  <testcase classname="User_HomepageTest" name="testC2319" time="273.905"/>
  <testcase classname="User_SearchTest" name="testC2073" time="18.486"/>
  <testcase classname="User_SearchTest" name="testC2074" time="17.759"/>
  <testcase classname="User_SearchTest" name="testC2075" time="27.656"/>
  <testcase classname="User_SearchTest" name="testC2076" time="71.13"/>
  <testcase classname="User_SearchTest" name="testC2077" time="154.505"/>
  <testcase classname="User_SearchTest" name="testC2078" time="143.107"/>
  <testcase classname="User_SearchTest" name="testC2079" time="44.006"/>
  <testcase classname="User_SearchTest" name="testC2080" time="25.249"/>
  <testcase classname="User_SearchTest" name="testC2081" time="41.556"/>
  <testcase classname="User_SearchTest" name="testC2082" time="35.123"/>
  <testcase classname="User_SearchTest" name="testC2083" time="34.718"/>
  <testcase classname="User_SearchTest" name="testC2084" time="181.243"/>
  <testcase classname="User_RrpSearchTest" name="testC2085" time="29.134"/>
  <testcase classname="User_RrpSearchTest" name="testC2086" time="48.8"/>
  <testcase classname="User_RrpSearchTest" name="testC2087" time="54.125"/>
  <testcase classname="User_RrpSearchTest" name="testC2088" time="88.327"/>
  <testcase classname="User_RrpSearchTest" name="testC2089" time="82.971"/>
  <testcase classname="User_RrpSearchTest" name="testC2090" time="78.417"/>
  <testcase classname="User_RrpSearchTest" name="testC2091" time="31.824"/>
  <testcase classname="User_RrpSearchTest" name="testC2092" time="39.555"/>
  <testcase classname="User_RrpSearchTest" name="testC2093" time="57.796"/>
  <testcase classname="User_RrpSearchTest" name="testC2094" time="47.575"/>
  <testcase classname="User_RrpSearchTest" name="testC2095" time="128.581"/>
  <testcase classname="User_RrpSearchTest" name="testC2096" time="60.794"/>
  <testcase classname="User_RrpBrowseResourceDirectoryTest" name="testC2065" time="43.492"/>
  <testcase classname="User_RrpBrowseResourceDirectoryTest" name="testC2066" time="37.861"/>
  <testcase classname="User_RrpBrowseResourceDirectoryTest" name="testC2067" time="74.287"/>
  <testcase classname="User_RrpBrowseResourceDirectoryTest" name="testC2068" time="58.875"/>
  <testcase classname="User_RrpBrowseResourceDirectoryTest" name="testC2069" time="42.79"/>
  <testcase classname="User_RrpBrowseResourceDirectoryTest" name="testC2070" time="39.555"/>
  <testcase classname="User_RrpBrowseResourceDirectoryTest" name="testC2071" time="67.755"/>
  <testcase classname="User_RrpBrowseResourceDirectoryTest" name="testC2072" time="59.256"/>
  <testcase classname="User_EditFolderTest" name="testC2246" time="0.0">
    <ignored/>
  </testcase> <!-- testC2246 -->
  <testcase classname="User_SearchTest" name="testC2275" time="0.0">
    <ignored/>
  </testcase> <!-- testC2275 -->
  <testcase classname="User_SearchTest" name="testC2154" time="0.0">
    <ignored/>
  </testcase> <!-- testC2154 -->
  <testcase classname="User_PublishFolderTest" name="testC2220" time="0.0">
    <ignored/>
  </testcase> <!-- testC2220 -->
  <testcase classname="User_EditFolderTest" name="testC2252" time="0.0">
    <ignored/>
  </testcase> <!-- testC2252 -->
  <testcase classname="User_FooterTest" name="testC2146" time="0.0">
    <ignored/>
  </testcase> <!-- testC2146 -->
  <testcase classname="User_FooterTest" name="testC2267" time="0.0">
    <ignored/>
  </testcase> <!-- testC2267 -->
  <testcase classname="User_SearchTest" name="testC2147" time="0.0">
    <ignored/>
  </testcase> <!-- testC2147 -->
  <testcase classname="User_PublishFolderTest" name="testC2209" time="0.0">
    <ignored/>
  </testcase> <!-- testC2209 -->
  <testcase classname="User_PublishFolderTest" name="testC2219" time="0.0">
    <ignored/>
  </testcase> <!-- testC2219 -->
  <testcase classname="User_BrowseResourceDirectory_SubjectsTest" name="testC2175" time="0.0">
    <ignored/>
  </testcase> <!-- testC2175 -->
  <testcase classname="User_HomepageTest" name="testC2204" time="0.0">
    <ignored/>
  </testcase> <!-- testC2204 -->
  <testcase classname="User_HomepageTest" name="testC2325" time="0.0">
    <ignored/>
  </testcase> <!-- testC2325 -->
  <testcase classname="User_HomepageTest" name="testC2199" time="0.0">
    <ignored/>
  </testcase> <!-- testC2199 -->
  <testcase classname="User_EditFolderTest" name="testC2132" time="0.0">
    <ignored/>
  </testcase> <!-- testC2132 -->
  <testcase classname="User_RrpSearchTest" name="testC2278" time="0.0">
    <ignored/>
  </testcase> <!-- testC2278 -->
  <testcase classname="User_BrowseResourceDirectory_SubjectsTest" name="testC2177" time="0.0">
    <ignored/>
  </testcase> <!-- testC2177 -->
  <testcase classname="User_SearchTest" name="testC2151" time="0.0">
    <ignored/>
  </testcase> <!-- testC2151 -->
  <testcase classname="User_SearchTest" name="testC2272" time="0.0">
    <ignored/>
  </testcase> <!-- testC2272 -->
  <testcase classname="User_PublishFolderTest" name="testC2208" time="0.0">
    <ignored/>
  </testcase> <!-- testC2208 -->
  <testcase classname="User_PublishFolderTest" name="testC2218" time="0.0">
    <ignored/>
  </testcase> <!-- testC2218 -->
  <testcase classname="User_BrowseResourceDirectory_SubjectsTest" name="testC2176" time="0.0">
    <ignored/>
  </testcase> <!-- testC2176 -->
  <testcase classname="User_HomepageTest" name="testC2326" time="0.0">
    <ignored/>
  </testcase> <!-- testC2326 -->
  <testcase classname="User_HomepageTest" name="testC2205" time="0.0">
    <ignored/>
  </testcase> <!-- testC2205 -->
  <testcase classname="User_EditFolderTest" name="testC2131" time="0.0">
    <ignored/>
  </testcase> <!-- testC2131 -->
  <testcase classname="User_RrpSearchTest" name="testC2279" time="0.0">
    <ignored/>
  </testcase> <!-- testC2279 -->
  <testcase classname="User_RrpSearchTest" name="testC2158" time="0.0">
    <ignored/>
  </testcase> <!-- testC2158 -->
  <testcase classname="User_RrpSearchTest" name="testC2168" time="0.0">
    <ignored/>
  </testcase> <!-- testC2168 -->
  <testcase classname="User_FooterTest" name="testC2265" time="0.0">
    <ignored/>
  </testcase> <!-- testC2265 -->
  <testcase classname="User_SearchTest" name="testC2152" time="0.0">
    <ignored/>
  </testcase> <!-- testC2152 -->
  <testcase classname="User_FooterTest" name="testC2144" time="0.0">
    <ignored/>
  </testcase> <!-- testC2144 -->
  <testcase classname="User_SearchTest" name="testC2273" time="0.0">
    <ignored/>
  </testcase> <!-- testC2273 -->
  <testcase classname="User_RrpBrowseResourceDirectoryTest" name="testC3760" time="0.0">
    <ignored/>
  </testcase> <!-- testC3760 -->
  <testcase classname="User_HeaderTest" name="testC2257" time="0.0">
    <ignored/>
  </testcase> <!-- testC2257 -->
  <testcase classname="User_EditFolderTest" name="testC2130" time="0.0">
    <ignored/>
  </testcase> <!-- testC2130 -->
  <testcase classname="User_BrowseResourceDirectory_MainPageTest" name="testC2183" time="0.0">
    <ignored/>
  </testcase> <!-- testC2183 -->
  <testcase classname="User_RrpSearchTest" name="testC2169" time="0.0">
    <ignored/>
  </testcase> <!-- testC2169 -->
  <testcase classname="User_RrpBrowseResourceDirectoryTest" name="testC2179" time="0.0">
    <ignored/>
  </testcase> <!-- testC2179 -->
  <testcase classname="User_SearchTest" name="testC2270" time="0.0">
    <ignored/>
  </testcase> <!-- testC2270 -->
  <testcase classname="User_FooterTest" name="testC2268" time="0.0">
    <ignored/>
  </testcase> <!-- testC2268 -->
  <testcase classname="User_RrpSearchTest" name="testC2173" time="0.0">
    <ignored/>
  </testcase> <!-- testC2173 -->
  <testcase classname="User_EditFolderTest" name="testC2251" time="0.0">
    <ignored/>
  </testcase> <!-- testC2251 -->
  <testcase classname="User_BrowseResourceDirectory_SubjectsTest" name="testC2174" time="0.0">
    <ignored/>
  </testcase> <!-- testC2174 -->
  <testcase classname="User_HomepageTest" name="testC2203" time="0.0">
    <ignored/>
  </testcase> <!-- testC2203 -->
  <testcase classname="User_HomepageTest" name="testC2324" time="0.0">
    <ignored/>
  </testcase> <!-- testC2324 -->
  <testcase classname="User_RrpSearchTest" name="testC2166" time="0.0">
    <ignored/>
  </testcase> <!-- testC2166 -->
  <testcase classname="User_RrpSearchTest" name="testC2287" time="0.0">
    <ignored/>
  </testcase> <!-- testC2287 -->
  <testcase classname="User_RrpSearchTest" name="testC2277" time="0.0">
    <ignored/>
  </testcase> <!-- testC2277 -->
  <testcase classname="User_CollectionPlayerTest" name="testC2314" time="0.0">
    <ignored/>
  </testcase> <!-- testC2314 -->
  <testcase classname="User_SearchTest" name="testC2155" time="0.0">
    <ignored/>
  </testcase> <!-- testC2155 -->
  <testcase classname="User_SearchTest" name="testC2276" time="0.0">
    <ignored/>
  </testcase> <!-- testC2276 -->
  <testcase classname="User_FooterTest" name="testC2142" time="0.0">
    <ignored/>
  </testcase> <!-- testC2142 -->
  <testcase classname="User_FooterTest" name="testC2263" time="0.0">
    <ignored/>
  </testcase> <!-- testC2263 -->
  <testcase classname="User_BrowseResourceDirectory_SubjectsTest" name="testC2289" time="0.0">
    <ignored/>
  </testcase> <!-- testC2289 -->
  <testcase classname="User_CurriculumManagerPageTest" name="testC2117" time="0.0">
    <ignored/>
  </testcase> <!-- testC2117 -->
  <testcase classname="User_CurriculumManagerPageTest" name="testC2127" time="0.0">
    <ignored/>
  </testcase> <!-- testC2127 -->
  <testcase classname="User_CollectionPlayerTest" name="testC2192" time="0.0">
    <ignored/>
  </testcase> <!-- testC2192 -->
  <testcase classname="User_HomepageTest" name="testC2196" time="0.0">
    <ignored/>
  </testcase> <!-- testC2196 -->
  <testcase classname="User_RrpBrowseResourceDirectoryTest" name="testC3762" time="0.0">
    <ignored/>
  </testcase> <!-- testC3762 -->
  <testcase classname="User_HomepageTest" name="testC2321" time="0.0">
    <ignored/>
  </testcase> <!-- testC2321 -->
  <testcase classname="User_HomepageTest" name="testC2200" time="0.0">
    <ignored/>
  </testcase> <!-- testC2200 -->
  <testcase classname="User_SearchTest" name="testC2156" time="0.0">
    <ignored/>
  </testcase> <!-- testC2156 -->
  <testcase classname="User_CollectionPlayerTest" name="testC2191" time="0.0">
    <ignored/>
  </testcase> <!-- testC2191 -->
  <testcase classname="User_FooterTest" name="testC2145" time="0.0">
    <ignored/>
  </testcase> <!-- testC2145 -->
  <testcase classname="User_CollectionPlayerTest" name="testC2313" time="0.0">
    <ignored/>
  </testcase> <!-- testC2313 -->
  <testcase classname="User_FooterTest" name="testC2266" time="0.0">
    <ignored/>
  </testcase> <!-- testC2266 -->
  <testcase classname="User_CurriculumManagerPageTest" name="testC2118" time="0.0">
    <ignored/>
  </testcase> <!-- testC2118 -->
  <testcase classname="User_CurriculumManagerPageTest" name="testC2128" time="0.0">
    <ignored/>
  </testcase> <!-- testC2128 -->
  <testcase classname="User_CurriculumManagerPageTest" name="testC2239" time="0.0">
    <ignored/>
  </testcase> <!-- testC2239 -->
  <testcase classname="User_SearchTest" name="testC2148" time="0.0">
    <ignored/>
  </testcase> <!-- testC2148 -->
  <testcase classname="User_SearchTest" name="testC2269" time="0.0">
    <ignored/>
  </testcase> <!-- testC2269 -->
  <testcase classname="User_HomepageTest" name="testC2197" time="0.0">
    <ignored/>
  </testcase> <!-- testC2197 -->
  <testcase classname="User_RrpBrowseResourceDirectoryTest" name="testC3763" time="0.0">
    <ignored/>
  </testcase> <!-- testC3763 -->
  <testcase classname="User_CurriculumManagerPageTest" name="testC2119" time="0.0">
    <ignored/>
  </testcase> <!-- testC2119 -->
  <testcase classname="User_HomepageTest" name="testC2322" time="0.0">
    <ignored/>
  </testcase> <!-- testC2322 -->
  <testcase classname="User_HomepageTest" name="testC2201" time="0.0">
    <ignored/>
  </testcase> <!-- testC2201 -->
  <testcase classname="User_RrpBrowseResourceDirectoryTest" name="testC3759" time="0.0">
    <ignored/>
  </testcase> <!-- testC3759 -->
  <testcase classname="User_FooterTest" name="testC2261" time="0.0">
    <ignored/>
  </testcase> <!-- testC2261 -->
  <testcase classname="User_BrowseResourceDirectory_SubjectsTest" name="testC2178" time="0.0">
    <ignored/>
  </testcase> <!-- testC2178 -->
  <testcase classname="User_FooterTest" name="testC2140" time="0.0">
    <ignored/>
  </testcase> <!-- testC2140 -->
  <testcase classname="User_CurriculumManagerPageTest" name="testC2236" time="0.0">
    <ignored/>
  </testcase> <!-- testC2236 -->
  <testcase classname="User_CurriculumManagerPageTest" name="testC2115" time="0.0">
    <ignored/>
  </testcase> <!-- testC2115 -->
  <testcase classname="User_CurriculumManagerPageTest" name="testC2125" time="0.0">
    <ignored/>
  </testcase> <!-- testC2125 -->
  <testcase classname="User_PublishFolderTest" name="testC2216" time="0.0">
    <ignored/>
  </testcase> <!-- testC2216 -->
  <testcase classname="User_SearchTest" name="testC2149" time="0.0">
    <ignored/>
  </testcase> <!-- testC2149 -->
  <testcase classname="User_RrpBrowseResourceDirectoryTest" name="testC3764" time="0.0">
    <ignored/>
  </testcase> <!-- testC3764 -->
  <testcase classname="User_HomepageTest" name="testC2315" time="0.0">
    <ignored/>
  </testcase> <!-- testC2315 -->
  <testcase classname="User_HomepageTest" name="testC2206" time="0.0">
    <ignored/>
  </testcase> <!-- testC2206 -->
  <testcase classname="User_RrpSearchTest" name="testC2159" time="0.0">
    <ignored/>
  </testcase> <!-- testC2159 -->
  <testcase classname="User_SearchTest" name="testC2274" time="0.0">
    <ignored/>
  </testcase> <!-- testC2274 -->
  <testcase classname="User_FooterTest" name="testC2264" time="0.0">
    <ignored/>
  </testcase> <!-- testC2264 -->
  <testcase classname="User_FooterTest" name="testC2143" time="0.0">
    <ignored/>
  </testcase> <!-- testC2143 -->
  <testcase classname="User_SearchTest" name="testC2153" time="0.0">
    <ignored/>
  </testcase> <!-- testC2153 -->
  <testcase classname="User_CurriculumManagerPageTest" name="testC2237" time="0.0">
    <ignored/>
  </testcase> <!-- testC2237 -->
  <testcase classname="User_CurriculumManagerPageTest" name="testC2116" time="0.0">
    <ignored/>
  </testcase> <!-- testC2116 -->
  <testcase classname="User_CurriculumManagerPageTest" name="testC2126" time="0.0">
    <ignored/>
  </testcase> <!-- testC2126 -->
  <testcase classname="User_HomepageTest" name="testC2195" time="0.0">
    <ignored/>
  </testcase> <!-- testC2195 -->
  <testcase classname="User_HomepageTest" name="testC2320" time="0.0">
    <ignored/>
  </testcase> <!-- testC2320 -->
  <testcase classname="User_HomepageTest" name="testC2316" time="0.0">
    <ignored/>
  </testcase> <!-- testC2316 -->
  <testcase classname="User_RrpSearchTest" name="testC2170" time="0.0">
    <ignored/>
  </testcase> <!-- testC2170 -->
  <testcase classname="User_CollectionPlayerTest" name="testC2310" time="0.0">
    <ignored/>
  </testcase> <!-- testC2310 -->
  <testcase classname="User_RrpSearchTest" name="testC2281" time="0.0">
    <ignored/>
  </testcase> <!-- testC2281 -->
  <testcase classname="User_BrowseResourceDirectory_MainPageTest" name="testC2302" time="0.0">
    <ignored/>
  </testcase> <!-- testC2302 -->
  <testcase classname="User_RrpSearchTest" name="testC2160" time="0.0">
    <ignored/>
  </testcase> <!-- testC2160 -->
  <testcase classname="User_CurriculumManagerPageTest" name="testC2228" time="0.0">
    <ignored/>
  </testcase> <!-- testC2228 -->
  <testcase classname="User_PublishFolderTest" name="testC2210" time="0.0">
    <ignored/>
  </testcase> <!-- testC2210 -->
  <testcase classname="User_CurriculumManagerPageTest" name="testC2244" time="0.0">
    <ignored/>
  </testcase> <!-- testC2244 -->
  <testcase classname="User_HeaderTest" name="testC2259" time="0.0">
    <ignored/>
  </testcase> <!-- testC2259 -->
  <testcase classname="User_CurriculumManagerPageTest" name="testC2113" time="0.0">
    <ignored/>
  </testcase> <!-- testC2113 -->
  <testcase classname="User_HeaderTest" name="testC2138" time="0.0">
    <ignored/>
  </testcase> <!-- testC2138 -->
  <testcase classname="User_CurriculumManagerPageTest" name="testC2123" time="0.0">
    <ignored/>
  </testcase> <!-- testC2123 -->
  <testcase classname="User_CurriculumManagerPageTest" name="testC2234" time="0.0">
    <ignored/>
  </testcase> <!-- testC2234 -->
  <testcase classname="User_CalendarTest" name="testC2305" time="0.0">
    <ignored/>
  </testcase> <!-- testC2305 -->
  <testcase classname="User_RrpBrowseResourceDirectoryTest" name="testC3766" time="0.0">
    <ignored/>
  </testcase> <!-- testC3766 -->
  <testcase classname="User_CurriculumManagerPageTest" name="testC2229" time="0.0">
    <ignored/>
  </testcase> <!-- testC2229 -->
  <testcase classname="User_CollectionBuilderTest" name="testC2134" time="0.0">
    <ignored/>
  </testcase> <!-- testC2134 -->
  <testcase classname="User_CollectionBuilderTest" name="testC2255" time="0.0">
    <ignored/>
  </testcase> <!-- testC2255 -->
  <testcase classname="User_RrpBrowseResourceDirectoryTest" name="testC2180" time="0.0">
    <ignored/>
  </testcase> <!-- testC2180 -->
  <testcase classname="User_RrpBrowseResourceDirectoryTest" name="testC2297" time="0.0">
    <ignored/>
  </testcase> <!-- testC2297 -->
  <testcase classname="User_FooterTest" name="testC2141" time="0.0">
    <ignored/>
  </testcase> <!-- testC2141 -->
  <testcase classname="User_FooterTest" name="testC2262" time="0.0">
    <ignored/>
  </testcase> <!-- testC2262 -->
  <testcase classname="User_BrowseResourceDirectory_MainPageTest" name="testC2301" time="0.0">
    <ignored/>
  </testcase> <!-- testC2301 -->
  <testcase classname="User_RrpSearchTest" name="testC2282" time="0.0">
    <ignored/>
  </testcase> <!-- testC2282 -->
  <testcase classname="User_RrpSearchTest" name="testC2161" time="0.0">
    <ignored/>
  </testcase> <!-- testC2161 -->
  <testcase classname="User_HeaderTest" name="testC2258" time="0.0">
    <ignored/>
  </testcase> <!-- testC2258 -->
  <testcase classname="User_PublishFolderTest" name="testC2217" time="0.0">
    <ignored/>
  </testcase> <!-- testC2217 -->
  <testcase classname="User_CurriculumManagerPageTest" name="testC2114" time="0.0">
    <ignored/>
  </testcase> <!-- testC2114 -->
  <testcase classname="User_CurriculumManagerPageTest" name="testC2124" time="0.0">
    <ignored/>
  </testcase> <!-- testC2124 -->
  <testcase classname="User_CurriculumManagerPageTest" name="testC2245" time="0.0">
    <ignored/>
  </testcase> <!-- testC2245 -->
  <testcase classname="User_RrpBrowseResourceDirectoryTest" name="testC2181" time="0.0">
    <ignored/>
  </testcase> <!-- testC2181 -->
  <testcase classname="User_ArticlesTest" name="testC2188" time="0.0">
    <ignored/>
  </testcase> <!-- testC2188 -->
  <testcase classname="User_CollectionPlayerTest" name="testC2312" time="0.0">
    <ignored/>
  </testcase> <!-- testC2312 -->
  <testcase classname="User_CollectionBuilderTest" name="testC2135" time="0.0">
    <ignored/>
  </testcase> <!-- testC2135 -->
  <testcase classname="User_CurriculumManagerPageTest" name="testC2121" time="0.0">
    <ignored/>
  </testcase> <!-- testC2121 -->
  <testcase classname="User_CurriculumManagerPageTest" name="testC2242" time="0.0">
    <ignored/>
  </testcase> <!-- testC2242 -->
  <testcase classname="User_CollectionPlayerTest" name="testC2194" time="0.0">
    <ignored/>
  </testcase> <!-- testC2194 -->
  <testcase classname="User_BrowseResourceDirectory_MainPageTest" name="testC2299" time="0.0">
    <ignored/>
  </testcase> <!-- testC2299 -->
  <testcase classname="User_CurriculumManagerPageTest" name="testC2226" time="0.0">
    <ignored/>
  </testcase> <!-- testC2226 -->
  <testcase classname="User_PublishFolderTest" name="testC2212" time="0.0">
    <ignored/>
  </testcase> <!-- testC2212 -->
  <testcase classname="User_SearchTest" name="testC2157" time="0.0">
    <ignored/>
  </testcase> <!-- testC2157 -->
  <testcase classname="User_HomepageTest" name="testC2198" time="0.0">
    <ignored/>
  </testcase> <!-- testC2198 -->
  <testcase classname="User_PublishFolderTest" name="testC2213" time="0.0">
    <ignored/>
  </testcase> <!-- testC2213 -->
  <testcase classname="User_HeaderTest" name="testC2260" time="0.0">
    <ignored/>
  </testcase> <!-- testC2260 -->
  <testcase classname="User_RrpBrowseResourceDirectoryTest" name="testC2182" time="0.0">
    <ignored/>
  </testcase> <!-- testC2182 -->
  <testcase classname="User_HomepageTest" name="testC2323" time="0.0">
    <ignored/>
  </testcase> <!-- testC2323 -->
  <testcase classname="User_HomepageTest" name="testC2202" time="0.0">
    <ignored/>
  </testcase> <!-- testC2202 -->
  <testcase classname="User_RrpSearchTest" name="testC2280" time="0.0">
    <ignored/>
  </testcase> <!-- testC2280 -->
  <testcase classname="User_BrowseResourceDirectory_MainPageTest" name="testC2298" time="0.0">
    <ignored/>
  </testcase> <!-- testC2298 -->
  <testcase classname="User_PublishFolderTest" name="testC2211" time="0.0">
    <ignored/>
  </testcase> <!-- testC2211 -->
  <testcase classname="User_PublishFolderTest" name="testC2221" time="0.0">
    <ignored/>
  </testcase> <!-- testC2221 -->
  <testcase classname="User_CurriculumManagerPageTest" name="testC2227" time="0.0">
    <ignored/>
  </testcase> <!-- testC2227 -->
  <testcase classname="User_CurriculumManagerPageTest" name="testC2233" time="0.0">
    <ignored/>
  </testcase> <!-- testC2233 -->
  <testcase classname="User_CurriculumManagerPageTest" name="testC2243" time="0.0">
    <ignored/>
  </testcase> <!-- testC2243 -->
  <testcase classname="User_CurriculumManagerPageTest" name="testC2112" time="0.0">
    <ignored/>
  </testcase> <!-- testC2112 -->
  <testcase classname="User_CurriculumManagerPageTest" name="testC2122" time="0.0">
    <ignored/>
  </testcase> <!-- testC2122 -->
  <testcase classname="User_RrpBrowseResourceDirectoryTest" name="testC3761" time="0.0">
    <ignored/>
  </testcase> <!-- testC3761 -->
  <testcase classname="User_CollectionBuilderTest" name="testC2254" time="0.0">
    <ignored/>
  </testcase> <!-- testC2254 -->
  <testcase classname="User_CurriculumManagerPageTest" name="testC2240" time="0.0">
    <ignored/>
  </testcase> <!-- testC2240 -->
  <testcase classname="User_CurriculumManagerPageTest" name="testC2230" time="0.0">
    <ignored/>
  </testcase> <!-- testC2230 -->
  <testcase classname="User_EditFolderTest" name="testC2129" time="0.0">
    <ignored/>
  </testcase> <!-- testC2129 -->
  <testcase classname="User_HomepageTest" name="testC2318" time="0.0">
    <ignored/>
  </testcase> <!-- testC2318 -->
  <testcase classname="User_SearchTest" name="testC2271" time="0.0">
    <ignored/>
  </testcase> <!-- testC2271 -->
  <testcase classname="User_SearchTest" name="testC2150" time="0.0">
    <ignored/>
  </testcase> <!-- testC2150 -->
  <testcase classname="User_RrpSearchTest" name="testC2285" time="0.0">
    <ignored/>
  </testcase> <!-- testC2285 -->
  <testcase classname="User_RrpSearchTest" name="testC2164" time="0.0">
    <ignored/>
  </testcase> <!-- testC2164 -->
  <testcase classname="User_CurriculumManagerPageTest" name="testC2224" time="0.0">
    <ignored/>
  </testcase> <!-- testC2224 -->
  <testcase classname="User_BrowseResourceDirectory_SubjectsTest" name="testC2292" time="0.0">
    <ignored/>
  </testcase> <!-- testC2292 -->
  <testcase classname="User_RrpSearchTest" name="testC2167" time="0.0">
    <ignored/>
  </testcase> <!-- testC2167 -->
  <testcase classname="User_BrowseResourceDirectory_MainPageTest" name="testC2185" time="0.0">
    <ignored/>
  </testcase> <!-- testC2185 -->
  <testcase classname="User_RrpSearchTest" name="testC2288" time="0.0">
    <ignored/>
  </testcase> <!-- testC2288 -->
  <testcase classname="User_EditFolderTest" name="testC2249" time="0.0">
    <ignored/>
  </testcase> <!-- testC2249 -->
  <testcase classname="User_CurriculumManagerPageTest" name="testC2120" time="0.0">
    <ignored/>
  </testcase> <!-- testC2120 -->
  <testcase classname="User_CurriculumManagerPageTest" name="testC2231" time="0.0">
    <ignored/>
  </testcase> <!-- testC2231 -->
  <testcase classname="User_RrpSearchTest" name="testC2171" time="0.0">
    <ignored/>
  </testcase> <!-- testC2171 -->
  <testcase classname="User_CurriculumManagerPageTest" name="testC2225" time="0.0">
    <ignored/>
  </testcase> <!-- testC2225 -->
  <testcase classname="User_RrpSearchTest" name="testC2286" time="0.0">
    <ignored/>
  </testcase> <!-- testC2286 -->
  <testcase classname="User_RrpSearchTest" name="testC2165" time="0.0">
    <ignored/>
  </testcase> <!-- testC2165 -->
  <testcase classname="User_FooterTest" name="testC2139" time="0.0">
    <ignored/>
  </testcase> <!-- testC2139 -->
  <testcase classname="User_BrowseResourceDirectory_SubjectsTest" name="testC2293" time="0.0">
    <ignored/>
  </testcase> <!-- testC2293 -->
  <testcase classname="User_PublishFolderTest" name="tesC2214" time="0.0">
    <ignored/>
  </testcase> <!-- tesC2214 -->
  <testcase classname="User_BrowseResourceDirectory_MainPageTest" name="testC2184" time="0.0">
    <ignored/>
  </testcase> <!-- testC2184 -->
  <testcase classname="User_RrpBrowseResourceDirectoryTest" name="testC2294" time="0.0">
    <ignored/>
  </testcase> <!-- testC2294 -->
  <testcase classname="User_CalendarTest" name="testC2190" time="0.0">
    <ignored/>
  </testcase> <!-- testC2190 -->
  <testcase classname="User_RrpSearchTest" name="testC2162" time="0.0">
    <ignored/>
  </testcase> <!-- testC2162 -->
  <testcase classname="User_RrpSearchTest" name="testC2283" time="0.0">
    <ignored/>
  </testcase> <!-- testC2283 -->
  <testcase classname="User_RrpSearchTest" name="testC2172" time="0.0">
    <ignored/>
  </testcase> <!-- testC2172 -->
  <testcase classname="User_BrowseResourceDirectory_MainPageTest" name="testC2300" time="0.0">
    <ignored/>
  </testcase> <!-- testC2300 -->
  <testcase classname="User_BrowseResourceDirectory_SubjectsTest" name="testC2290" time="0.0">
    <ignored/>
  </testcase> <!-- testC2290 -->
  <testcase classname="User_CurriculumManagerPageTest" name="testC2222" time="0.0">
    <ignored/>
  </testcase> <!-- testC2222 -->
  <testcase classname="User_PublishFolderTest" name="testC2207" time="0.0">
    <ignored/>
  </testcase> <!-- testC2207 -->
  <testcase classname="User_HomepageTest" name="testC2194" time="0.0">
    <ignored/>
  </testcase> <!-- testC2194 -->
  <testcase classname="User_CollectionPlayerTest" name="testC2311" time="0.0">
    <ignored/>
  </testcase> <!-- testC2311 -->
  <testcase classname="User_BrowseResourceDirectory_MainPageTest" name="testC2187" time="0.0">
    <ignored/>
  </testcase> <!-- testC2187 -->
  <testcase classname="User_ArticlesTest" name="testC2189" time="0.0">
    <ignored/>
  </testcase> <!-- testC2189 -->
  <testcase classname="User_ArticlesTest" name="testC2303" time="0.0">
    <ignored/>
  </testcase> <!-- testC2303 -->
  <testcase classname="User_RrpBrowseResourceDirectoryTest" name="testC2295" time="0.0">
    <ignored/>
  </testcase> <!-- testC2295 -->
  <testcase classname="User_EditFolderTest" name="testC2247" time="0.0">
    <ignored/>
  </testcase> <!-- testC2247 -->
  <testcase classname="User_HomepageTest" name="testC2317" time="0.0">
    <ignored/>
  </testcase> <!-- testC2317 -->
  <testcase classname="User_RrpSearchTest" name="testC2163" time="0.0">
    <ignored/>
  </testcase> <!-- testC2163 -->
  <testcase classname="User_RrpSearchTest" name="testC2284" time="0.0">
    <ignored/>
  </testcase> <!-- testC2284 -->
  <testcase classname="User_BrowseResourceDirectory_SubjectsTest" name="testC2291" time="0.0">
    <ignored/>
  </testcase> <!-- testC2291 -->
  <testcase classname="User_HeaderTest" name="testC2139" time="0.0">
    <ignored/>
  </testcase> <!-- testC2139 -->
  <testcase classname="User_CurriculumManagerPageTest" name="testC2223" time="0.0">
    <ignored/>
  </testcase> <!-- testC2223 -->
  <testcase classname="User_RrpBrowseResourceDirectoryTest" name="testC3765" time="0.0">
    <ignored/>
  </testcase> <!-- testC3765 -->
  <testcase classname="User_BrowseResourceDirectory_MainPageTest" name="testC2186" time="0.0">
    <ignored/>
  </testcase> <!-- testC2186 -->
  <testcase classname="User_RrpBrowseResourceDirectoryTest" name="testC2296" time="0.0">
    <ignored/>
  </testcase> <!-- testC2296 -->
  <testcase classname="User_ArticlesTest" name="testC2304" time="0.0">
    <ignored/>
  </testcase> <!-- testC2304 -->
  <testcase classname="User_EditFolderTest" name="testC2248" time="0.0">
    <ignored/>
  </testcase> <!-- testC2248 -->
</testsuite> <!-- Visitor Tests -->
