<?xml version="1.0" encoding="UTF-8"?>
<!-- Generated by org.testng.reporters.JUnitXMLReporter -->
<testsuite ignored="13" hostname="SVROLP01518" failures="0" tests="1" name="lp-integration" time="112.273" errors="0" timestamp="2022-03-17T12:22:59 EET">
  <testcase classname="User_PublishFolderTest" name="testC2210" time="103.729"/>
  <testcase classname="User_PublishFolderTest" name="testC2220" time="0.0">
    <ignored/>
  </testcase> <!-- testC2220 -->
  <testcase classname="User_PublishFolderTest" name="tesC2214" time="0.0">
    <ignored/>
  </testcase> <!-- tesC2214 -->
  <testcase classname="User_PublishFolderTest" name="testC2209" time="0.0">
    <ignored/>
  </testcase> <!-- testC2209 -->
  <testcase classname="User_PublishFolderTest" name="testC2219" time="0.0">
    <ignored/>
  </testcase> <!-- testC2219 -->
  <testcase classname="User_PublishFolderTest" name="testC2208" time="0.0">
    <ignored/>
  </testcase> <!-- testC2208 -->
  <testcase classname="User_PublishFolderTest" name="testC2218" time="0.0">
    <ignored/>
  </testcase> <!-- testC2218 -->
  <testcase classname="User_PublishFolderTest" name="testC2207" time="0.0">
    <ignored/>
  </testcase> <!-- testC2207 -->
  <testcase classname="User_PublishFolderTest" name="testC2213" time="0.0">
    <ignored/>
  </testcase> <!-- testC2213 -->
  <testcase classname="User_PublishFolderTest" name="testC2212" time="0.0">
    <ignored/>
  </testcase> <!-- testC2212 -->
  <testcase classname="User_PublishFolderTest" name="testC2211" time="0.0">
    <ignored/>
  </testcase> <!-- testC2211 -->
  <testcase classname="User_PublishFolderTest" name="testC2221" time="0.0">
    <ignored/>
  </testcase> <!-- testC2221 -->
  <testcase classname="User_PublishFolderTest" name="testC2217" time="0.0">
    <ignored/>
  </testcase> <!-- testC2217 -->
  <testcase classname="User_PublishFolderTest" name="testC2216" time="0.0">
    <ignored/>
  </testcase> <!-- testC2216 -->
</testsuite> <!-- lp-integration -->
