<?xml version="1.0" encoding="UTF-8"?>
<!-- Generated by org.testng.reporters.JUnitXMLReporter -->
<testsuite ignored="2" hostname="SVROLP01518" failures="0" tests="24" name="Account Management Tests" time="1611.718" errors="0" timestamp="2022-02-17T16:22:55 EET">
  <testcase classname="User_AccountManagement_StepTwoTest" name="testLessonp_5252" time="41.136"/>
  <testcase classname="User_AccountManagement_StepTwoTest" name="testLessonp_5253" time="41.878"/>
  <testcase classname="User_AccountManagement_CreateActiveAccountTest" name="testLessonp_3849" time="36.519"/>
  <testcase classname="User_AccountManagement_CreateActiveAccountTest" name="testLessonp_3851" time="33.032"/>
  <testcase classname="User_AccountManagement_CreateActiveAccountTest" name="testLessonp_3883" time="34.786"/>
  <testcase classname="User_AccountManagement_LoginTest" name="testLessonp_5033" time="22.823"/>
  <testcase classname="User_AccountManagement_LoginTest" name="testLessonp_5034" time="24.369"/>
  <testcase classname="User_AccountManagement_CreateFreeMemberAccountTest" name="testLessonp_3884" time="182.435"/>
  <testcase classname="User_AccountManagement_CreateFreeMemberAccountTest" name="testLessonp_673" time="34.039"/>
  <testcase classname="User_AccountManagement_CreateFreeMemberAccountTest" name="testLessonp_675" time="37.4"/>
  <testcase classname="User_AccountManagement_CreateFreeMemberAccountTest" name="testLessonp_676" time="33.922"/>
  <testcase classname="User_AccountManagement_CreateFreeMemberAccountTest" name="testLessonp_678" time="58.58"/>
  <testcase classname="User_AccountManagement_CreateFreeMemberAccountTest" name="testLessonp_679" time="34.617"/>
  <testcase classname="User_AccountManagement_CreateFreeMemberAccountTest" name="testLessonp_682" time="30.966"/>
  <testcase classname="User_AccountManagement_CreateFreeMemberAccountTest" name="testLessonp_684" time="75.99"/>
  <testcase classname="User_AccountManagement_CreateFreeMemberAccountTest" name="testLessonp_686" time="46.135"/>
  <testcase classname="User_AccountManagement_CreateFreeMemberAccountTest" name="testLessonp_687" time="51.156"/>
  <testcase classname="User_AccountManagement_CreateFreeMemberAccountTest" name="testLessonp_688" time="47.797"/>
  <testcase classname="User_AccountManagement_CreateFreeMemberAccountTest" name="testLessonp_690" time="184.337"/>
  <testcase classname="User_AccountManagement_CreateFreeMemberAccountTest" name="testLessonp_692" time="47.258"/>
  <testcase classname="User_AccountManagement_CreateFreeMemberAccountTest" name="testLessonp_693" time="20.609"/>
  <testcase classname="User_AccountManagement_CreateFreeMemberAccountTest" name="testLessonp_694" time="43.662"/>
  <testcase classname="User_AccountManagement_CreateFreeMemberAccountTest" name="testLessonp_717" time="10.836"/>
  <testcase classname="User_AccountManagement_CreateFreeMemberAccountTest" name="testLessonp_948" time="75.96"/>
  <testcase classname="User_AccountManagement_CreateFreeMemberAccountTest" name="testLessonp_983" time="0.0">
    <ignored/>
  </testcase> <!-- testLessonp_983 -->
  <testcase classname="User_AccountManagement_CreateActiveAccountTest" name="testLessonp_3881" time="0.0">
    <ignored/>
  </testcase> <!-- testLessonp_3881 -->
</testsuite> <!-- Account Management Tests -->
