<?xml version="1.0" encoding="UTF-8"?>
<!-- Generated by org.testng.reporters.JUnitXMLReporter -->
<testsuite ignored="167" hostname="SVROLP01518" failures="7" tests="111" name="Active User" time="11091.789" errors="0" timestamp="2022-02-17T19:01:01 EET">
  <testcase classname="User_ArticlesTest" name="testLessonp_5257" time="23.787"/>
  <testcase classname="User_ArticlesTest" name="testLessonp_5258" time="48.752"/>
  <testcase classname="User_CalendarTest" name="testLessonp_5260" time="157.724"/>
  <testcase classname="User_CollectionBuilderTest" name="testLessonp_4914" time="88.409"/>
  <testcase classname="User_CollectionBuilderTest" name="testLessonp_4915" time="88.22"/>
  <testcase classname="User_CollectionPlayerTest" name="testLessonp_557" time="90.616"/>
  <testcase classname="User_CollectionPlayerTest" name="testLessonp_624" time="65.459">
    <failure type="org.openqa.selenium.TimeoutException" message="Expected condition failed: waiting for com.lessonplanet.pages.LpUiBasePage$2@7d247660 (tried for 5 second(s) with 500 MILLISECONDS interval)
Build info: version: &amp;apos;3.141.59&amp;apos;, revision: &amp;apos;e82be7d358&amp;apos;, time: &amp;apos;2018-11-14T08:17:03&amp;apos;
System info: host: &amp;apos;SVROLP01518&amp;apos;, ip: &amp;apos;10.97.2.250&amp;apos;, os.name: &amp;apos;Windows 10&amp;apos;, os.arch: &amp;apos;amd64&amp;apos;, os.version: &amp;apos;10.0&amp;apos;, java.version: &amp;apos;11.0.3&amp;apos;
Driver info: org.openqa.selenium.firefox.FirefoxDriver
Capabilities {acceptInsecureCerts: true, browserName: firefox, browserVersion: 97.0, javascriptEnabled: true, moz:accessibilityChecks: false, moz:buildID: 20220202182137, moz:geckodriverVersion: 0.30.0, moz:headless: true, moz:processID: 21636, moz:profile: C:\Users\teodora.vermesan\A..., moz:shutdownTimeout: 60000, moz:useNonSpecCompliantPointerOrigin: false, moz:webdriverClick: true, pageLoadStrategy: normal, platform: WINDOWS, platformName: WINDOWS, platformVersion: 10.0, proxy: Proxy(), setWindowRect: true, strictFileInteractability: false, timeouts: {implicit: 0, pageLoad: 300000, script: 30000}, unhandledPromptBehavior: dismiss and notify}
Session ID: 36c67059-01bd-4251-a134-a40f8df1ded0">
      <![CDATA[org.openqa.selenium.TimeoutException: Expected condition failed: waiting for com.lessonplanet.pages.LpUiBasePage$2@7d247660 (tried for 5 second(s) with 500 MILLISECONDS interval)
Build info: version: '3.141.59', revision: 'e82be7d358', time: '2018-11-14T08:17:03'
System info: host: 'SVROLP01518', ip: '10.97.2.250', os.name: 'Windows 10', os.arch: 'amd64', os.version: '10.0', java.version: '11.0.3'
Driver info: org.openqa.selenium.firefox.FirefoxDriver
Capabilities {acceptInsecureCerts: true, browserName: firefox, browserVersion: 97.0, javascriptEnabled: true, moz:accessibilityChecks: false, moz:buildID: 20220202182137, moz:geckodriverVersion: 0.30.0, moz:headless: true, moz:processID: 21636, moz:profile: C:\Users\teodora.vermesan\A..., moz:shutdownTimeout: 60000, moz:useNonSpecCompliantPointerOrigin: false, moz:webdriverClick: true, pageLoadStrategy: normal, platform: WINDOWS, platformName: WINDOWS, platformVersion: 10.0, proxy: Proxy(), setWindowRect: true, strictFileInteractability: false, timeouts: {implicit: 0, pageLoad: 300000, script: 30000}, unhandledPromptBehavior: dismiss and notify}
Session ID: 36c67059-01bd-4251-a134-a40f8df1ded0
at org.openqa.selenium.support.ui.WebDriverWait.timeoutException(WebDriverWait.java:82)
at org.openqa.selenium.support.ui.FluentWait.until(FluentWait.java:231)
at com.lessonplanet.pages.LpUiBasePage.waitUntilDocumentIsReady(LpUiBasePage.java:295)
at com.lessonplanet.pages.LpUiBasePage.waitForPageLoad(LpUiBasePage.java:290)
at com.lessonplanet.pages.LpUiBasePage.waitForLoad(LpUiBasePage.java:307)
at com.lessonplanet.pages.LpUiBasePage.isElementDisplayed(LpUiBasePage.java:664)
at com.lessonplanet.pages.CollectionPlayerPage.isUpArrowButtonDisplayed(CollectionPlayerPage.java:78)
at User_CollectionPlayerTest.testCollectionNavigator(User_CollectionPlayerTest.java:167)
at User_CollectionPlayerTest.testLessonp_624(User_CollectionPlayerTest.java:65)
at java.base/java.util.ArrayList.forEach(ArrayList.java:1540)
at com.intellij.rt.testng.IDEARemoteTestNG.run(IDEARemoteTestNG.java:66)
at com.intellij.rt.testng.RemoteTestNGStarter.main(RemoteTestNGStarter.java:110)
... Removed 24 stack frames]]>
    </failure>
  </testcase> <!-- testLessonp_624 -->
  <testcase classname="User_CollectionPlayerTest" name="testLessonp_625" time="236.08">
    <failure type="org.openqa.selenium.TimeoutException" message="Expected condition failed: waiting for com.lessonplanet.pages.LpUiBasePage$2@74d6736 (tried for 5 second(s) with 500 MILLISECONDS interval)
Build info: version: &amp;apos;3.141.59&amp;apos;, revision: &amp;apos;e82be7d358&amp;apos;, time: &amp;apos;2018-11-14T08:17:03&amp;apos;
System info: host: &amp;apos;SVROLP01518&amp;apos;, ip: &amp;apos;10.97.2.250&amp;apos;, os.name: &amp;apos;Windows 10&amp;apos;, os.arch: &amp;apos;amd64&amp;apos;, os.version: &amp;apos;10.0&amp;apos;, java.version: &amp;apos;11.0.3&amp;apos;
Driver info: org.openqa.selenium.firefox.FirefoxDriver
Capabilities {acceptInsecureCerts: true, browserName: firefox, browserVersion: 97.0, javascriptEnabled: true, moz:accessibilityChecks: false, moz:buildID: 20220202182137, moz:geckodriverVersion: 0.30.0, moz:headless: true, moz:processID: 20980, moz:profile: C:\Users\teodora.vermesan\A..., moz:shutdownTimeout: 60000, moz:useNonSpecCompliantPointerOrigin: false, moz:webdriverClick: true, pageLoadStrategy: normal, platform: WINDOWS, platformName: WINDOWS, platformVersion: 10.0, proxy: Proxy(), setWindowRect: true, strictFileInteractability: false, timeouts: {implicit: 0, pageLoad: 300000, script: 30000}, unhandledPromptBehavior: dismiss and notify}
Session ID: 8346c710-cab4-4025-84dc-dbcf3d157e7b">
      <![CDATA[org.openqa.selenium.TimeoutException: Expected condition failed: waiting for com.lessonplanet.pages.LpUiBasePage$2@74d6736 (tried for 5 second(s) with 500 MILLISECONDS interval)
Build info: version: '3.141.59', revision: 'e82be7d358', time: '2018-11-14T08:17:03'
System info: host: 'SVROLP01518', ip: '10.97.2.250', os.name: 'Windows 10', os.arch: 'amd64', os.version: '10.0', java.version: '11.0.3'
Driver info: org.openqa.selenium.firefox.FirefoxDriver
Capabilities {acceptInsecureCerts: true, browserName: firefox, browserVersion: 97.0, javascriptEnabled: true, moz:accessibilityChecks: false, moz:buildID: 20220202182137, moz:geckodriverVersion: 0.30.0, moz:headless: true, moz:processID: 20980, moz:profile: C:\Users\teodora.vermesan\A..., moz:shutdownTimeout: 60000, moz:useNonSpecCompliantPointerOrigin: false, moz:webdriverClick: true, pageLoadStrategy: normal, platform: WINDOWS, platformName: WINDOWS, platformVersion: 10.0, proxy: Proxy(), setWindowRect: true, strictFileInteractability: false, timeouts: {implicit: 0, pageLoad: 300000, script: 30000}, unhandledPromptBehavior: dismiss and notify}
Session ID: 8346c710-cab4-4025-84dc-dbcf3d157e7b
at org.openqa.selenium.support.ui.WebDriverWait.timeoutException(WebDriverWait.java:82)
at org.openqa.selenium.support.ui.FluentWait.until(FluentWait.java:231)
at com.lessonplanet.pages.LpUiBasePage.waitUntilDocumentIsReady(LpUiBasePage.java:295)
at com.lessonplanet.pages.LpUiBasePage.waitForPageLoad(LpUiBasePage.java:290)
at com.lessonplanet.pages.LpUiBasePage.waitForLoad(LpUiBasePage.java:307)
at com.lessonplanet.pages.LpUiBasePage.waitForElement(LpUiBasePage.java:113)
at com.lessonplanet.pages.LpUiBasePage.findElement(LpUiBasePage.java:35)
at com.lessonplanet.pages.LpUiBasePage.clickElement(LpUiBasePage.java:145)
at com.lessonplanet.pages.CollectionPlayerPage.clickOnUpArrowButton(CollectionPlayerPage.java:82)
at User_CollectionPlayerTest.testResourceViewer(User_CollectionPlayerTest.java:202)
at User_CollectionPlayerTest.testLessonp_625(User_CollectionPlayerTest.java:75)
at java.base/java.util.ArrayList.forEach(ArrayList.java:1540)
at com.intellij.rt.testng.IDEARemoteTestNG.run(IDEARemoteTestNG.java:66)
at com.intellij.rt.testng.RemoteTestNGStarter.main(RemoteTestNGStarter.java:110)
... Removed 24 stack frames]]>
    </failure>
  </testcase> <!-- testLessonp_625 -->
  <testcase classname="User_CollectionPlayerTest" name="testLessonp_626" time="115.253">
    <failure type="org.openqa.selenium.StaleElementReferenceException" message="The element reference of &amp;lt;input id=&amp;quot;react-select-55-input&amp;quot; type=&amp;quot;text&amp;quot;&amp;gt; is stale; either the element is no longer attached to the DOM, it is not in the current frame context, or the document has been refreshed
For documentation on this error, please visit: https://www.seleniumhq.org/exceptions/stale_element_reference.html
Build info: version: &amp;apos;3.141.59&amp;apos;, revision: &amp;apos;e82be7d358&amp;apos;, time: &amp;apos;2018-11-14T08:17:03&amp;apos;
System info: host: &amp;apos;SVROLP01518&amp;apos;, ip: &amp;apos;10.97.2.250&amp;apos;, os.name: &amp;apos;Windows 10&amp;apos;, os.arch: &amp;apos;amd64&amp;apos;, os.version: &amp;apos;10.0&amp;apos;, java.version: &amp;apos;11.0.3&amp;apos;
Driver info: org.openqa.selenium.firefox.FirefoxDriver
Capabilities {acceptInsecureCerts: true, browserName: firefox, browserVersion: 97.0, javascriptEnabled: true, moz:accessibilityChecks: false, moz:buildID: 20220202182137, moz:geckodriverVersion: 0.30.0, moz:headless: true, moz:processID: 25448, moz:profile: C:\Users\teodora.vermesan\A..., moz:shutdownTimeout: 60000, moz:useNonSpecCompliantPointerOrigin: false, moz:webdriverClick: true, pageLoadStrategy: normal, platform: WINDOWS, platformName: WINDOWS, platformVersion: 10.0, proxy: Proxy(), setWindowRect: true, strictFileInteractability: false, timeouts: {implicit: 0, pageLoad: 300000, script: 30000}, unhandledPromptBehavior: dismiss and notify}
Session ID: 49e11bb3-eb58-4993-bece-57ae1a68f4c5">
      <![CDATA[org.openqa.selenium.StaleElementReferenceException: The element reference of <input id="react-select-55-input" type="text"> is stale; either the element is no longer attached to the DOM, it is not in the current frame context, or the document has been refreshed
For documentation on this error, please visit: https://www.seleniumhq.org/exceptions/stale_element_reference.html
Build info: version: '3.141.59', revision: 'e82be7d358', time: '2018-11-14T08:17:03'
System info: host: 'SVROLP01518', ip: '10.97.2.250', os.name: 'Windows 10', os.arch: 'amd64', os.version: '10.0', java.version: '11.0.3'
Driver info: org.openqa.selenium.firefox.FirefoxDriver
Capabilities {acceptInsecureCerts: true, browserName: firefox, browserVersion: 97.0, javascriptEnabled: true, moz:accessibilityChecks: false, moz:buildID: 20220202182137, moz:geckodriverVersion: 0.30.0, moz:headless: true, moz:processID: 25448, moz:profile: C:\Users\teodora.vermesan\A..., moz:shutdownTimeout: 60000, moz:useNonSpecCompliantPointerOrigin: false, moz:webdriverClick: true, pageLoadStrategy: normal, platform: WINDOWS, platformName: WINDOWS, platformVersion: 10.0, proxy: Proxy(), setWindowRect: true, strictFileInteractability: false, timeouts: {implicit: 0, pageLoad: 300000, script: 30000}, unhandledPromptBehavior: dismiss and notify}
Session ID: 49e11bb3-eb58-4993-bece-57ae1a68f4c5
at org.openqa.selenium.remote.http.W3CHttpResponseCodec.createException(W3CHttpResponseCodec.java:187)
at org.openqa.selenium.remote.http.W3CHttpResponseCodec.decode(W3CHttpResponseCodec.java:122)
at org.openqa.selenium.remote.http.W3CHttpResponseCodec.decode(W3CHttpResponseCodec.java:49)
at org.openqa.selenium.remote.HttpCommandExecutor.execute(HttpCommandExecutor.java:160)
at org.openqa.selenium.remote.service.DriverCommandExecutor.execute(DriverCommandExecutor.java:83)
at org.openqa.selenium.remote.RemoteWebDriver.execute(RemoteWebDriver.java:601)
at org.openqa.selenium.remote.RemoteWebElement.execute(RemoteWebElement.java:279)
at org.openqa.selenium.remote.RemoteWebElement.getLocation(RemoteWebElement.java:331)
at com.lessonplanet.pages.LpUiBasePage.scrollWithOffsetForEditCollection(LpUiBasePage.java:444)
at com.lessonplanet.pages.LpUiBasePage.scrollWithOffsetForEditCollection(LpUiBasePage.java:451)
at com.lessonplanet.pages.EditCollection.chooseAdditionalTags(EditCollection.java:517)
at com.lessonplanet.pages.EditCollection.completePublishCollectionRequirements(EditCollection.java:545)
at com.lessonplanet.pages.EditCollection.completeCollectionForPublish(EditCollection.java:534)
at com.lessonplanet.pages.EditCollection.publishCollection(EditCollection.java:526)
at User_CollectionPlayerTest.testCollectionPlayerAppearance(User_CollectionPlayerTest.java:102)
at User_CollectionPlayerTest.testLessonp_626(User_CollectionPlayerTest.java:55)
at java.base/java.util.ArrayList.forEach(ArrayList.java:1540)
at com.intellij.rt.testng.IDEARemoteTestNG.run(IDEARemoteTestNG.java:66)
at com.intellij.rt.testng.RemoteTestNGStarter.main(RemoteTestNGStarter.java:110)
... Removed 28 stack frames]]>
    </failure>
  </testcase> <!-- testLessonp_626 -->
  <testcase classname="User_CollectionPlayerTest" name="testLessonp_629" time="75.756">
    <failure type="org.openqa.selenium.TimeoutException" message="Expected condition failed: waiting for com.lessonplanet.pages.LpUiBasePage$2@1e79d43 (tried for 5 second(s) with 500 MILLISECONDS interval)
Build info: version: &amp;apos;3.141.59&amp;apos;, revision: &amp;apos;e82be7d358&amp;apos;, time: &amp;apos;2018-11-14T08:17:03&amp;apos;
System info: host: &amp;apos;SVROLP01518&amp;apos;, ip: &amp;apos;10.97.2.250&amp;apos;, os.name: &amp;apos;Windows 10&amp;apos;, os.arch: &amp;apos;amd64&amp;apos;, os.version: &amp;apos;10.0&amp;apos;, java.version: &amp;apos;11.0.3&amp;apos;
Driver info: org.openqa.selenium.firefox.FirefoxDriver
Capabilities {acceptInsecureCerts: true, browserName: firefox, browserVersion: 97.0, javascriptEnabled: true, moz:accessibilityChecks: false, moz:buildID: 20220202182137, moz:geckodriverVersion: 0.30.0, moz:headless: true, moz:processID: 24900, moz:profile: C:\Users\teodora.vermesan\A..., moz:shutdownTimeout: 60000, moz:useNonSpecCompliantPointerOrigin: false, moz:webdriverClick: true, pageLoadStrategy: normal, platform: WINDOWS, platformName: WINDOWS, platformVersion: 10.0, proxy: Proxy(), setWindowRect: true, strictFileInteractability: false, timeouts: {implicit: 0, pageLoad: 300000, script: 30000}, unhandledPromptBehavior: dismiss and notify}
Session ID: f81bc4d3-3c3c-479a-8bd1-75b8cf35fcda">
      <![CDATA[org.openqa.selenium.TimeoutException: Expected condition failed: waiting for com.lessonplanet.pages.LpUiBasePage$2@1e79d43 (tried for 5 second(s) with 500 MILLISECONDS interval)
Build info: version: '3.141.59', revision: 'e82be7d358', time: '2018-11-14T08:17:03'
System info: host: 'SVROLP01518', ip: '10.97.2.250', os.name: 'Windows 10', os.arch: 'amd64', os.version: '10.0', java.version: '11.0.3'
Driver info: org.openqa.selenium.firefox.FirefoxDriver
Capabilities {acceptInsecureCerts: true, browserName: firefox, browserVersion: 97.0, javascriptEnabled: true, moz:accessibilityChecks: false, moz:buildID: 20220202182137, moz:geckodriverVersion: 0.30.0, moz:headless: true, moz:processID: 24900, moz:profile: C:\Users\teodora.vermesan\A..., moz:shutdownTimeout: 60000, moz:useNonSpecCompliantPointerOrigin: false, moz:webdriverClick: true, pageLoadStrategy: normal, platform: WINDOWS, platformName: WINDOWS, platformVersion: 10.0, proxy: Proxy(), setWindowRect: true, strictFileInteractability: false, timeouts: {implicit: 0, pageLoad: 300000, script: 30000}, unhandledPromptBehavior: dismiss and notify}
Session ID: f81bc4d3-3c3c-479a-8bd1-75b8cf35fcda
at org.openqa.selenium.support.ui.WebDriverWait.timeoutException(WebDriverWait.java:82)
at org.openqa.selenium.support.ui.FluentWait.until(FluentWait.java:231)
at com.lessonplanet.pages.LpUiBasePage.waitUntilDocumentIsReady(LpUiBasePage.java:295)
at com.lessonplanet.pages.LpUiBasePage.waitForPageLoad(LpUiBasePage.java:290)
at com.lessonplanet.pages.LpUiBasePage.waitForLoad(LpUiBasePage.java:307)
at com.lessonplanet.pages.LpUiBasePage.waitForElement(LpUiBasePage.java:113)
at com.lessonplanet.pages.LpUiBasePage.findElement(LpUiBasePage.java:35)
at com.lessonplanet.pages.LpUiBasePage.clickElement(LpUiBasePage.java:145)
at com.lessonplanet.pages.CollectionPlayerPage.clickAssignFolderButton(CollectionPlayerPage.java:98)
at User_CollectionPlayerTest.testTeacherView(User_CollectionPlayerTest.java:304)
at User_CollectionPlayerTest.testLessonp_629(User_CollectionPlayerTest.java:80)
at java.base/java.util.ArrayList.forEach(ArrayList.java:1540)
at com.intellij.rt.testng.IDEARemoteTestNG.run(IDEARemoteTestNG.java:66)
at com.intellij.rt.testng.RemoteTestNGStarter.main(RemoteTestNGStarter.java:110)
... Removed 24 stack frames]]>
    </failure>
  </testcase> <!-- testLessonp_629 -->
  <testcase classname="User_CurriculumManagerPageTest" name="testLessonp_5022" time="148.626">
    <failure type="org.openqa.selenium.NoSuchElementException" message="Unable to locate element: [class*=&amp;apos;popuptext show&amp;apos;]
For documentation on this error, please visit: https://www.seleniumhq.org/exceptions/no_such_element.html
Build info: version: &amp;apos;3.141.59&amp;apos;, revision: &amp;apos;e82be7d358&amp;apos;, time: &amp;apos;2018-11-14T08:17:03&amp;apos;
System info: host: &amp;apos;SVROLP01518&amp;apos;, ip: &amp;apos;10.97.2.250&amp;apos;, os.name: &amp;apos;Windows 10&amp;apos;, os.arch: &amp;apos;amd64&amp;apos;, os.version: &amp;apos;10.0&amp;apos;, java.version: &amp;apos;11.0.3&amp;apos;
Driver info: org.openqa.selenium.firefox.FirefoxDriver
Capabilities {acceptInsecureCerts: true, browserName: firefox, browserVersion: 97.0, javascriptEnabled: true, moz:accessibilityChecks: false, moz:buildID: 20220202182137, moz:geckodriverVersion: 0.30.0, moz:headless: true, moz:processID: 26644, moz:profile: C:\Users\teodora.vermesan\A..., moz:shutdownTimeout: 60000, moz:useNonSpecCompliantPointerOrigin: false, moz:webdriverClick: true, pageLoadStrategy: normal, platform: WINDOWS, platformName: WINDOWS, platformVersion: 10.0, proxy: Proxy(), setWindowRect: true, strictFileInteractability: false, timeouts: {implicit: 0, pageLoad: 300000, script: 30000}, unhandledPromptBehavior: dismiss and notify}
Session ID: 493ab5c5-e952-40a2-a995-97706a577daa
*** Element info: {Using=css selector, value=[class*=&amp;apos;popuptext show&amp;apos;]}">
      <![CDATA[org.openqa.selenium.NoSuchElementException: Unable to locate element: [class*='popuptext show']
For documentation on this error, please visit: https://www.seleniumhq.org/exceptions/no_such_element.html
Build info: version: '3.141.59', revision: 'e82be7d358', time: '2018-11-14T08:17:03'
System info: host: 'SVROLP01518', ip: '10.97.2.250', os.name: 'Windows 10', os.arch: 'amd64', os.version: '10.0', java.version: '11.0.3'
Driver info: org.openqa.selenium.firefox.FirefoxDriver
Capabilities {acceptInsecureCerts: true, browserName: firefox, browserVersion: 97.0, javascriptEnabled: true, moz:accessibilityChecks: false, moz:buildID: 20220202182137, moz:geckodriverVersion: 0.30.0, moz:headless: true, moz:processID: 26644, moz:profile: C:\Users\teodora.vermesan\A..., moz:shutdownTimeout: 60000, moz:useNonSpecCompliantPointerOrigin: false, moz:webdriverClick: true, pageLoadStrategy: normal, platform: WINDOWS, platformName: WINDOWS, platformVersion: 10.0, proxy: Proxy(), setWindowRect: true, strictFileInteractability: false, timeouts: {implicit: 0, pageLoad: 300000, script: 30000}, unhandledPromptBehavior: dismiss and notify}
Session ID: 493ab5c5-e952-40a2-a995-97706a577daa
*** Element info: {Using=css selector, value=[class*='popuptext show']}
at org.openqa.selenium.remote.http.W3CHttpResponseCodec.createException(W3CHttpResponseCodec.java:187)
at org.openqa.selenium.remote.http.W3CHttpResponseCodec.decode(W3CHttpResponseCodec.java:122)
at org.openqa.selenium.remote.http.W3CHttpResponseCodec.decode(W3CHttpResponseCodec.java:49)
at org.openqa.selenium.remote.HttpCommandExecutor.execute(HttpCommandExecutor.java:160)
at org.openqa.selenium.remote.service.DriverCommandExecutor.execute(DriverCommandExecutor.java:83)
at org.openqa.selenium.remote.RemoteWebDriver.execute(RemoteWebDriver.java:601)
at org.openqa.selenium.remote.RemoteWebDriver.findElement(RemoteWebDriver.java:371)
at org.openqa.selenium.remote.RemoteWebDriver.findElementByCssSelector(RemoteWebDriver.java:465)
at org.openqa.selenium.By$ByCssSelector.findElement(By.java:431)
at org.openqa.selenium.remote.RemoteWebDriver.findElement(RemoteWebDriver.java:363)
at com.lessonplanet.pages.LpUiBasePage.findElement(LpUiBasePage.java:37)
at com.lessonplanet.pages.LpUiBasePage.getTextForElement(LpUiBasePage.java:215)
at com.lessonplanet.pages.CurriculumManagerPage.getPopoverText(CurriculumManagerPage.java:132)
at User_CurriculumManagerPageTest.testPlayFolderWithItems(User_CurriculumManagerPageTest.java:706)
at User_CurriculumManagerPageTest.testFolderActions(User_CurriculumManagerPageTest.java:634)
at User_CurriculumManagerPageTest.testLessonp_5022(User_CurriculumManagerPageTest.java:198)
at java.base/java.util.ArrayList.forEach(ArrayList.java:1540)
at com.intellij.rt.testng.IDEARemoteTestNG.run(IDEARemoteTestNG.java:66)
at com.intellij.rt.testng.RemoteTestNGStarter.main(RemoteTestNGStarter.java:110)
... Removed 28 stack frames]]>
    </failure>
  </testcase> <!-- testLessonp_5022 -->
  <testcase classname="User_CurriculumManagerPageTest" name="testLessonp_5542" time="144.821"/>
  <testcase classname="User_CurriculumManagerPageTest" name="testLessonp_5544" time="137.384"/>
  <testcase classname="User_CurriculumManagerPageTest" name="testLessonp_5545" time="144.159"/>
  <testcase classname="User_CurriculumManagerPageTest" name="testLessonp_5547" time="90.267"/>
  <testcase classname="User_CurriculumManagerPageTest" name="testLessonp_5548" time="296.556"/>
  <testcase classname="User_CurriculumManagerPageTest" name="testLessonp_5550" time="306.951"/>
  <testcase classname="User_CurriculumManagerPageTest" name="testLessonp_5554" time="42.288"/>
  <testcase classname="User_CurriculumManagerPageTest" name="testLessonp_5615" time="83.375"/>
  <testcase classname="User_CurriculumManagerPageTest" name="testLessonp_5737" time="80.45"/>
  <testcase classname="User_CurriculumManagerPageTest" name="testLessonp_5738" time="89.049"/>
  <testcase classname="User_CurriculumManagerPageTest" name="testLessonp_5739" time="171.048"/>
  <testcase classname="User_CurriculumManagerPageTest" name="testLessonp_5741" time="74.098"/>
  <testcase classname="User_CurriculumManagerPageTest" name="testLessonp_5742" time="74.08"/>
  <testcase classname="User_CurriculumManagerPageTest" name="testLessonp_5743" time="83.474"/>
  <testcase classname="User_CurriculumManagerPageTest" name="testLessonp_5744" time="72.688"/>
  <testcase classname="User_CurriculumManagerPageTest" name="testLessonp_5745" time="75.977"/>
  <testcase classname="User_CurriculumManagerPageTest" name="testLessonp_5746" time="90.329"/>
  <testcase classname="User_CurriculumManagerPageTest" name="testLessonp_5747" time="165.431"/>
  <testcase classname="User_CurriculumManagerPageTest" name="testLessonp_5991" time="348.223"/>
  <testcase classname="User_BrowseResourceDirectory_MainPageTest" name="testLessonp_1040" time="69.586"/>
  <testcase classname="User_BrowseResourceDirectory_MainPageTest" name="testLessonp_1041" time="50.809"/>
  <testcase classname="User_BrowseResourceDirectory_MainPageTest" name="testLessonp_1042" time="234.214"/>
  <testcase classname="User_BrowseResourceDirectory_MainPageTest" name="testLessonp_1043" time="11.197"/>
  <testcase classname="User_BrowseResourceDirectory_MainPageTest" name="testLessonp_1044" time="25.043"/>
  <testcase classname="User_BrowseResourceDirectory_SubjectsTest" name="testLessonp_1209" time="34.875"/>
  <testcase classname="User_BrowseResourceDirectory_SubjectsTest" name="testLessonp_1211" time="433.233">
    <failure type="org.openqa.selenium.TimeoutException" message="TimedPromise timed out after 300000 ms
Build info: version: &amp;apos;3.141.59&amp;apos;, revision: &amp;apos;e82be7d358&amp;apos;, time: &amp;apos;2018-11-14T08:17:03&amp;apos;
System info: host: &amp;apos;SVROLP01518&amp;apos;, ip: &amp;apos;10.97.2.250&amp;apos;, os.name: &amp;apos;Windows 10&amp;apos;, os.arch: &amp;apos;amd64&amp;apos;, os.version: &amp;apos;10.0&amp;apos;, java.version: &amp;apos;11.0.3&amp;apos;
Driver info: org.openqa.selenium.firefox.FirefoxDriver
Capabilities {acceptInsecureCerts: true, browserName: firefox, browserVersion: 97.0, javascriptEnabled: true, moz:accessibilityChecks: false, moz:buildID: 20220202182137, moz:geckodriverVersion: 0.30.0, moz:headless: true, moz:processID: 30068, moz:profile: C:\Users\teodora.vermesan\A..., moz:shutdownTimeout: 60000, moz:useNonSpecCompliantPointerOrigin: false, moz:webdriverClick: true, pageLoadStrategy: normal, platform: WINDOWS, platformName: WINDOWS, platformVersion: 10.0, proxy: Proxy(), setWindowRect: true, strictFileInteractability: false, timeouts: {implicit: 0, pageLoad: 300000, script: 30000}, unhandledPromptBehavior: dismiss and notify}
Session ID: e9e34656-e97b-45bf-a064-3af1a4c8cf6f">
      <![CDATA[org.openqa.selenium.TimeoutException: TimedPromise timed out after 300000 ms
Build info: version: '3.141.59', revision: 'e82be7d358', time: '2018-11-14T08:17:03'
System info: host: 'SVROLP01518', ip: '10.97.2.250', os.name: 'Windows 10', os.arch: 'amd64', os.version: '10.0', java.version: '11.0.3'
Driver info: org.openqa.selenium.firefox.FirefoxDriver
Capabilities {acceptInsecureCerts: true, browserName: firefox, browserVersion: 97.0, javascriptEnabled: true, moz:accessibilityChecks: false, moz:buildID: 20220202182137, moz:geckodriverVersion: 0.30.0, moz:headless: true, moz:processID: 30068, moz:profile: C:\Users\teodora.vermesan\A..., moz:shutdownTimeout: 60000, moz:useNonSpecCompliantPointerOrigin: false, moz:webdriverClick: true, pageLoadStrategy: normal, platform: WINDOWS, platformName: WINDOWS, platformVersion: 10.0, proxy: Proxy(), setWindowRect: true, strictFileInteractability: false, timeouts: {implicit: 0, pageLoad: 300000, script: 30000}, unhandledPromptBehavior: dismiss and notify}
Session ID: e9e34656-e97b-45bf-a064-3af1a4c8cf6f
at org.openqa.selenium.remote.http.W3CHttpResponseCodec.createException(W3CHttpResponseCodec.java:187)
at org.openqa.selenium.remote.http.W3CHttpResponseCodec.decode(W3CHttpResponseCodec.java:122)
at org.openqa.selenium.remote.http.W3CHttpResponseCodec.decode(W3CHttpResponseCodec.java:49)
at org.openqa.selenium.remote.HttpCommandExecutor.execute(HttpCommandExecutor.java:160)
at org.openqa.selenium.remote.service.DriverCommandExecutor.execute(DriverCommandExecutor.java:83)
at org.openqa.selenium.remote.RemoteWebDriver.execute(RemoteWebDriver.java:601)
at org.openqa.selenium.remote.RemoteWebDriver.get(RemoteWebDriver.java:325)
at com.lessonplanet.pages.LpUiBasePage.openInANewTab(LpUiBasePage.java:514)
at com.lessonplanet.pages.LpUiBasePage.openInANewTabOrClick(LpUiBasePage.java:523)
at com.lessonplanet.pages.ResourcesPage.clickFirstButtonOfType(ResourcesPage.java:293)
at com.lessonplanet.pages.ResourcesPage.clickGoToResourceForRegularResource(ResourcesPage.java:255)
at User_BrowseResourceDirectory_SubjectsTest.testResourceTiles(User_BrowseResourceDirectory_SubjectsTest.java:251)
at User_BrowseResourceDirectory_SubjectsTest.testLessonp_1211(User_BrowseResourceDirectory_SubjectsTest.java:96)
at java.base/java.util.ArrayList.forEach(ArrayList.java:1540)
at com.intellij.rt.testng.IDEARemoteTestNG.run(IDEARemoteTestNG.java:66)
at com.intellij.rt.testng.RemoteTestNGStarter.main(RemoteTestNGStarter.java:110)
... Removed 28 stack frames]]>
    </failure>
  </testcase> <!-- testLessonp_1211 -->
  <testcase classname="User_BrowseResourceDirectory_SubjectsTest" name="testLessonp_1216" time="38.665"/>
  <testcase classname="User_BrowseResourceDirectory_SubjectsTest" name="testLessonp_1218" time="19.111"/>
  <testcase classname="User_BrowseResourceDirectory_SubjectsTest" name="testLessonp_1219" time="22.423"/>
  <testcase classname="User_EditFolderTest" name="testLessonp_5169" time="84.731"/>
  <testcase classname="User_EditFolderTest" name="testLessonp_5261" time="118.318"/>
  <testcase classname="User_EditFolderTest" name="testLessonp_5264" time="49.924"/>
  <testcase classname="User_EditFolderTest" name="testLessonp_5272" time="162.114"/>
  <testcase classname="User_EditFolderTest" name="testLessonp_5280" time="34.27"/>
  <testcase classname="User_EditFolderTest" name="testLessonp_5640" time="133.763"/>
  <testcase classname="User_HeaderTest" name="testLessonp_4111" time="36.035"/>
  <testcase classname="User_HeaderTest" name="testLessonp_4617" time="87.878"/>
  <testcase classname="User_HeaderTest" name="testLessonp_5366" time="40.69"/>
  <testcase classname="User_HeaderTest" name="testLessonp_5660" time="98.157"/>
  <testcase classname="User_FooterTest" name="testLessonp_4117" time="14.056"/>
  <testcase classname="User_FooterTest" name="testLessonp_4118" time="13.797"/>
  <testcase classname="User_FooterTest" name="testLessonp_4119" time="12.708"/>
  <testcase classname="User_FooterTest" name="testLessonp_4120" time="40.77"/>
  <testcase classname="User_FooterTest" name="testLessonp_669" time="8.59"/>
  <testcase classname="User_FooterTest" name="testLessonp_670" time="30.782"/>
  <testcase classname="User_FooterTest" name="testLessonp_671" time="43.715"/>
  <testcase classname="User_FooterTest" name="testLessonp_672" time="33.809"/>
  <testcase classname="User_HomepageTest" name="testLessonp_5322" time="33.408"/>
  <testcase classname="User_HomepageTest" name="testLessonp_5323" time="25.998"/>
  <testcase classname="User_HomepageTest" name="testLessonp_5324" time="21.559"/>
  <testcase classname="User_HomepageTest" name="testLessonp_5325" time="19.608"/>
  <testcase classname="User_HomepageTest" name="testLessonp_5327" time="12.124"/>
  <testcase classname="User_HomepageTest" name="testLessonp_5328" time="11.119"/>
  <testcase classname="User_HomepageTest" name="testLessonp_5329" time="15.393"/>
  <testcase classname="User_HomepageTest" name="testLessonp_5330" time="13.135"/>
  <testcase classname="User_HomepageTest" name="testLessonp_5331" time="21.919"/>
  <testcase classname="User_HomepageTest" name="testLessonp_5332" time="13.759"/>
  <testcase classname="User_HomepageTest" name="testLessonp_5333" time="17.17"/>
  <testcase classname="User_PublishFolderTest" name="testLessonp_5794" time="134.723"/>
  <testcase classname="User_PublishFolderTest" name="testLessonp_5795" time="126.407"/>
  <testcase classname="User_PublishFolderTest" name="testLessonp_5826" time="70.625"/>
  <testcase classname="User_PublishFolderTest" name="testLessonp_5827" time="126.287">
    <failure type="org.openqa.selenium.TimeoutException" message="Expected condition failed: waiting for element to no longer be visible: By.cssSelector: [class=&amp;apos;fa fa-circle-o-notch fa-spin&amp;apos;] (tried for 5 second(s) with 500 MILLISECONDS interval)
Build info: version: &amp;apos;3.141.59&amp;apos;, revision: &amp;apos;e82be7d358&amp;apos;, time: &amp;apos;2018-11-14T08:17:03&amp;apos;
System info: host: &amp;apos;SVROLP01518&amp;apos;, ip: &amp;apos;10.97.2.250&amp;apos;, os.name: &amp;apos;Windows 10&amp;apos;, os.arch: &amp;apos;amd64&amp;apos;, os.version: &amp;apos;10.0&amp;apos;, java.version: &amp;apos;11.0.3&amp;apos;
Driver info: org.openqa.selenium.firefox.FirefoxDriver
Capabilities {acceptInsecureCerts: true, browserName: firefox, browserVersion: 97.0, javascriptEnabled: true, moz:accessibilityChecks: false, moz:buildID: 20220202182137, moz:geckodriverVersion: 0.30.0, moz:headless: true, moz:processID: 28312, moz:profile: C:\Users\teodora.vermesan\A..., moz:shutdownTimeout: 60000, moz:useNonSpecCompliantPointerOrigin: false, moz:webdriverClick: true, pageLoadStrategy: normal, platform: WINDOWS, platformName: WINDOWS, platformVersion: 10.0, proxy: Proxy(), setWindowRect: true, strictFileInteractability: false, timeouts: {implicit: 0, pageLoad: 300000, script: 30000}, unhandledPromptBehavior: dismiss and notify}
Session ID: c35f12c8-1cb8-4664-a826-ec950b109b4a">
      <![CDATA[org.openqa.selenium.TimeoutException: Expected condition failed: waiting for element to no longer be visible: By.cssSelector: [class='fa fa-circle-o-notch fa-spin'] (tried for 5 second(s) with 500 MILLISECONDS interval)
Build info: version: '3.141.59', revision: 'e82be7d358', time: '2018-11-14T08:17:03'
System info: host: 'SVROLP01518', ip: '10.97.2.250', os.name: 'Windows 10', os.arch: 'amd64', os.version: '10.0', java.version: '11.0.3'
Driver info: org.openqa.selenium.firefox.FirefoxDriver
Capabilities {acceptInsecureCerts: true, browserName: firefox, browserVersion: 97.0, javascriptEnabled: true, moz:accessibilityChecks: false, moz:buildID: 20220202182137, moz:geckodriverVersion: 0.30.0, moz:headless: true, moz:processID: 28312, moz:profile: C:\Users\teodora.vermesan\A..., moz:shutdownTimeout: 60000, moz:useNonSpecCompliantPointerOrigin: false, moz:webdriverClick: true, pageLoadStrategy: normal, platform: WINDOWS, platformName: WINDOWS, platformVersion: 10.0, proxy: Proxy(), setWindowRect: true, strictFileInteractability: false, timeouts: {implicit: 0, pageLoad: 300000, script: 30000}, unhandledPromptBehavior: dismiss and notify}
Session ID: c35f12c8-1cb8-4664-a826-ec950b109b4a
at org.openqa.selenium.support.ui.WebDriverWait.timeoutException(WebDriverWait.java:82)
at org.openqa.selenium.support.ui.FluentWait.until(FluentWait.java:231)
at com.lessonplanet.pages.LpUiBasePage.waitUntilElementIsHidden(LpUiBasePage.java:455)
at com.lessonplanet.pages.EditCollection.waitUntilPublishFolderSectionIsNotDisplayed(EditCollection.java:557)
at User_PublishFolderTest.testPublishFolders(User_PublishFolderTest.java:189)
at User_PublishFolderTest.testAddResourcesToPublishCollection(User_PublishFolderTest.java:213)
at User_PublishFolderTest.testLessonp_5827(User_PublishFolderTest.java:64)
at java.base/java.util.ArrayList.forEach(ArrayList.java:1540)
at com.intellij.rt.testng.IDEARemoteTestNG.run(IDEARemoteTestNG.java:66)
at com.intellij.rt.testng.RemoteTestNGStarter.main(RemoteTestNGStarter.java:110)
... Removed 24 stack frames]]>
    </failure>
  </testcase> <!-- testLessonp_5827 -->
  <testcase classname="User_PublishFolderTest" name="testLessonp_5828" time="84.058"/>
  <testcase classname="User_PublishFolderTest" name="testLessonp_5863" time="76.105"/>
  <testcase classname="User_PublishFolderTest" name="testLessonp_5864" time="105.79"/>
  <testcase classname="User_PublishFolderTest" name="testLessonp_5865" time="101.681"/>
  <testcase classname="User_PublishFolderTest" name="testLessonp_5866" time="112.384"/>
  <testcase classname="User_PublishFolderTest" name="testLessonp_5867" time="172.523"/>
  <testcase classname="User_PublishFolderTest" name="testLessonp_5868" time="125.97"/>
  <testcase classname="User_PublishFolderTest" name="testLessonp_986" time="97.499"/>
  <testcase classname="User_PublishFolderTest" name="testLessonp_987" time="94.014"/>
  <testcase classname="User_PublishFolderTest" name="testLessonp_995" time="60.082"/>
  <testcase classname="User_SearchTest" name="testLessonp_4007" time="600.433"/>
  <testcase classname="User_SearchTest" name="testLessonp_4008" time="166.653"/>
  <testcase classname="User_SearchTest" name="testLessonp_4009" time="146.666"/>
  <testcase classname="User_SearchTest" name="testLessonp_601" time="87.237"/>
  <testcase classname="User_SearchTest" name="testLessonp_602" time="104.18"/>
  <testcase classname="User_SearchTest" name="testLessonp_603" time="57.817"/>
  <testcase classname="User_SearchTest" name="testLessonp_604" time="62.884"/>
  <testcase classname="User_SearchTest" name="testLessonp_605" time="43.782"/>
  <testcase classname="User_RrpSearchTest" name="testLessonp_4792" time="47.669"/>
  <testcase classname="User_RrpSearchTest" name="testLessonp_4793" time="115.733"/>
  <testcase classname="User_RrpSearchTest" name="testLessonp_4794" time="68.943"/>
  <testcase classname="User_RrpSearchTest" name="testLessonp_4795" time="36.274"/>
  <testcase classname="User_RrpSearchTest" name="testLessonp_4796" time="45.06"/>
  <testcase classname="User_RrpSearchTest" name="testLessonp_4797" time="59.941"/>
  <testcase classname="User_RrpSearchTest" name="testLessonp_4805" time="78.707"/>
  <testcase classname="User_RrpSearchTest" name="testLessonp_4811" time="89.979"/>
  <testcase classname="User_RrpSearchTest" name="testLessonp_4817" time="79.794"/>
  <testcase classname="User_RrpSearchTest" name="testLessonp_586" time="33.704"/>
  <testcase classname="User_RrpSearchTest" name="testLessonp_587" time="57.466"/>
  <testcase classname="User_RrpSearchTest" name="testLessonp_954" time="32.609"/>
  <testcase classname="User_RrpBrowseResourceDirectoryTest" name="testLessonp_4824" time="41.067"/>
  <testcase classname="User_RrpBrowseResourceDirectoryTest" name="testLessonp_4825" time="119.801"/>
  <testcase classname="User_RrpBrowseResourceDirectoryTest" name="testLessonp_4826" time="39.574"/>
  <testcase classname="User_RrpBrowseResourceDirectoryTest" name="testLessonp_4827" time="55.394"/>
  <testcase classname="User_RrpBrowseResourceDirectoryTest" name="testLessonp_4846" time="55.201"/>
  <testcase classname="User_RrpBrowseResourceDirectoryTest" name="testLessonp_4847" time="34.559"/>
  <testcase classname="User_RrpBrowseResourceDirectoryTest" name="testLessonp_4849" time="52.951"/>
  <testcase classname="User_RrpBrowseResourceDirectoryTest" name="testLessonp_5627" time="37.619"/>
  <testcase classname="User_CalendarTest" name="testLessonp_5259" time="0.0">
    <ignored/>
  </testcase> <!-- testLessonp_5259 -->
  <testcase classname="User_BrowseResourceDirectory_MainPageTest" name="testLessonp_1015" time="0.0">
    <ignored/>
  </testcase> <!-- testLessonp_1015 -->
  <testcase classname="User_CurriculumManagerPageTest" name="testLessonp_5614" time="0.0">
    <ignored/>
  </testcase> <!-- testLessonp_5614 -->
  <testcase classname="User_RrpSearchTest" name="testLessonp_473" time="0.0">
    <ignored/>
  </testcase> <!-- testLessonp_473 -->
  <testcase classname="User_RrpSearchTest" name="testLessonp_475" time="0.0">
    <ignored/>
  </testcase> <!-- testLessonp_475 -->
  <testcase classname="User_RrpBrowseResourceDirectoryTest" name="testLessonp_4705" time="0.0">
    <ignored/>
  </testcase> <!-- testLessonp_4705 -->
  <testcase classname="User_RrpSearchTest" name="testLessonp_1282" time="0.0">
    <ignored/>
  </testcase> <!-- testLessonp_1282 -->
  <testcase classname="User_RrpBrowseResourceDirectoryTest" name="testLessonp_4677" time="0.0">
    <ignored/>
  </testcase> <!-- testLessonp_4677 -->
  <testcase classname="User_SearchTest" name="testLessonp_492" time="0.0">
    <ignored/>
  </testcase> <!-- testLessonp_492 -->
  <testcase classname="User_RrpSearchTest" name="testLessonp_4671" time="0.0">
    <ignored/>
  </testcase> <!-- testLessonp_4671 -->
  <testcase classname="User_RrpBrowseResourceDirectoryTest" name="testLessonp_4674" time="0.0">
    <ignored/>
  </testcase> <!-- testLessonp_4674 -->
  <testcase classname="User_RrpSearchTest" name="testLessonp_4670" time="0.0">
    <ignored/>
  </testcase> <!-- testLessonp_4670 -->
  <testcase classname="User_SearchTest" name="testLessonp_494" time="0.0">
    <ignored/>
  </testcase> <!-- testLessonp_494 -->
  <testcase classname="User_SearchTest" name="testLessonp_491" time="0.0">
    <ignored/>
  </testcase> <!-- testLessonp_491 -->
  <testcase classname="User_SearchTest" name="testLessonp_493" time="0.0">
    <ignored/>
  </testcase> <!-- testLessonp_493 -->
  <testcase classname="User_SearchTest" name="testLessonp_490" time="0.0">
    <ignored/>
  </testcase> <!-- testLessonp_490 -->
  <testcase classname="User_RrpBrowseResourceDirectoryTest" name="testLessonp_4713" time="0.0">
    <ignored/>
  </testcase> <!-- testLessonp_4713 -->
  <testcase classname="User_BrowseResourceDirectory_MainPageTest" name="testLessonp_1018" time="0.0">
    <ignored/>
  </testcase> <!-- testLessonp_1018 -->
  <testcase classname="User_HeaderTest" name="testLessonp_4565" time="0.0">
    <ignored/>
  </testcase> <!-- testLessonp_4565 -->
  <testcase classname="User_HomepageTest" name="testLessonp_5295" time="0.0">
    <ignored/>
  </testcase> <!-- testLessonp_5295 -->
  <testcase classname="User_HomepageTest" name="testLessonp_5297" time="0.0">
    <ignored/>
  </testcase> <!-- testLessonp_5297 -->
  <testcase classname="User_HomepageTest" name="testLessonp_5298" time="0.0">
    <ignored/>
  </testcase> <!-- testLessonp_5298 -->
  <testcase classname="User_SearchTest" name="testLessonp_3993" time="0.0">
    <ignored/>
  </testcase> <!-- testLessonp_3993 -->
  <testcase classname="User_HeaderTest" name="testLessonp_4602" time="0.0">
    <ignored/>
  </testcase> <!-- testLessonp_4602 -->
  <testcase classname="User_SearchTest" name="testLessonp_3995" time="0.0">
    <ignored/>
  </testcase> <!-- testLessonp_3995 -->
  <testcase classname="User_HomepageTest" name="testLessonp_5334" time="0.0">
    <ignored/>
  </testcase> <!-- testLessonp_5334 -->
  <testcase classname="User_RrpSearchTest" name="testLessonp_524" time="0.0">
    <ignored/>
  </testcase> <!-- testLessonp_524 -->
  <testcase classname="User_SearchTest" name="testLessonp_3994" time="0.0">
    <ignored/>
  </testcase> <!-- testLessonp_3994 -->
  <testcase classname="User_HomepageTest" name="testLessonp_5296" time="0.0">
    <ignored/>
  </testcase> <!-- testLessonp_5296 -->
  <testcase classname="User_RrpSearchTest" name="testLessonp_523" time="0.0">
    <ignored/>
  </testcase> <!-- testLessonp_523 -->
  <testcase classname="User_BrowseResourceDirectory_SubjectsTest" name="testLessonp_1022" time="0.0">
    <ignored/>
  </testcase> <!-- testLessonp_1022 -->
  <testcase classname="User_RrpSearchTest" name="testLessonp_516" time="0.0">
    <ignored/>
  </testcase> <!-- testLessonp_516 -->
  <testcase classname="User_ArticlesTest" name="testLessonp_3331" time="0.0">
    <ignored/>
  </testcase> <!-- testLessonp_3331 -->
  <testcase classname="User_RrpSearchTest" name="testLessonp_515" time="0.0">
    <ignored/>
  </testcase> <!-- testLessonp_515 -->
  <testcase classname="User_RrpBrowseResourceDirectoryTest" name="testLessonp_4703" time="0.0">
    <ignored/>
  </testcase> <!-- testLessonp_4703 -->
  <testcase classname="User_BrowseResourceDirectory_SubjectsTest" name="testLessonp_1025" time="0.0">
    <ignored/>
  </testcase> <!-- testLessonp_1025 -->
  <testcase classname="User_RrpSearchTest" name="testLessonp_531" time="0.0">
    <ignored/>
  </testcase> <!-- testLessonp_531 -->
  <testcase classname="User_BrowseResourceDirectory_SubjectsTest" name="testLessonp_1024" time="0.0">
    <ignored/>
  </testcase> <!-- testLessonp_1024 -->
  <testcase classname="User_BrowseResourceDirectory_SubjectsTest" name="testLessonp_1023" time="0.0">
    <ignored/>
  </testcase> <!-- testLessonp_1023 -->
  <testcase classname="User_HomepageTest" name="testLessonp_5292" time="0.0">
    <ignored/>
  </testcase> <!-- testLessonp_5292 -->
  <testcase classname="User_RrpSearchTest" name="testLessonp_4668" time="0.0">
    <ignored/>
  </testcase> <!-- testLessonp_4668 -->
  <testcase classname="User_BrowseResourceDirectory_SubjectsTest" name="testLessonp_1020" time="0.0">
    <ignored/>
  </testcase> <!-- testLessonp_1020 -->
  <testcase classname="User_RrpSearchTest" name="testLessonp_4667" time="0.0">
    <ignored/>
  </testcase> <!-- testLessonp_4667 -->
  <testcase classname="User_BrowseResourceDirectory_SubjectsTest" name="testLessonp_1026" time="0.0">
    <ignored/>
  </testcase> <!-- testLessonp_1026 -->
  <testcase classname="User_RrpSearchTest" name="testLessonp_4669" time="0.0">
    <ignored/>
  </testcase> <!-- testLessonp_4669 -->
  <testcase classname="User_RrpSearchTest" name="testLessonp_4664" time="0.0">
    <ignored/>
  </testcase> <!-- testLessonp_4664 -->
  <testcase classname="User_HomepageTest" name="testLessonp_5290" time="0.0">
    <ignored/>
  </testcase> <!-- testLessonp_5290 -->
  <testcase classname="User_RrpSearchTest" name="testLessonp_4663" time="0.0">
    <ignored/>
  </testcase> <!-- testLessonp_4663 -->
  <testcase classname="User_HomepageTest" name="testLessonp_5291" time="0.0">
    <ignored/>
  </testcase> <!-- testLessonp_5291 -->
  <testcase classname="User_RrpSearchTest" name="testLessonp_4666" time="0.0">
    <ignored/>
  </testcase> <!-- testLessonp_4666 -->
  <testcase classname="User_FooterTest" name="testLessonp_4036" time="0.0">
    <ignored/>
  </testcase> <!-- testLessonp_4036 -->
  <testcase classname="User_FooterTest" name="testLessonp_4034" time="0.0">
    <ignored/>
  </testcase> <!-- testLessonp_4034 -->
  <testcase classname="User_CollectionPlayerTest" name="testLessonp_556" time="0.0">
    <ignored/>
  </testcase> <!-- testLessonp_556 -->
  <testcase classname="User_CollectionPlayerTest" name="testLessonp_555" time="0.0">
    <ignored/>
  </testcase> <!-- testLessonp_555 -->
  <testcase classname="User_FooterTest" name="testLessonp_4035" time="0.0">
    <ignored/>
  </testcase> <!-- testLessonp_4035 -->
  <testcase classname="User_CollectionPlayerTest" name="testLessonp_554" time="0.0">
    <ignored/>
  </testcase> <!-- testLessonp_554 -->
  <testcase classname="User_FooterTest" name="testLessonp_4033" time="0.0">
    <ignored/>
  </testcase> <!-- testLessonp_4033 -->
  <testcase classname="User_FooterTest" name="testLessonp_667" time="0.0">
    <ignored/>
  </testcase> <!-- testLessonp_667 -->
  <testcase classname="User_RrpBrowseResourceDirectoryTest" name="testLessonp_3285" time="0.0">
    <ignored/>
  </testcase> <!-- testLessonp_3285 -->
  <testcase classname="User_BrowseResourceDirectory_MainPageTest" name="testLessonp_1030" time="0.0">
    <ignored/>
  </testcase> <!-- testLessonp_1030 -->
  <testcase classname="User_BrowseResourceDirectory_MainPageTest" name="testLessonp_1035" time="0.0">
    <ignored/>
  </testcase> <!-- testLessonp_1035 -->
  <testcase classname="User_BrowseResourceDirectory_MainPageTest" name="testLessonp_1039" time="0.0">
    <ignored/>
  </testcase> <!-- testLessonp_1039 -->
  <testcase classname="User_RrpBrowseResourceDirectoryTest" name="testLessonp_3284" time="0.0">
    <ignored/>
  </testcase> <!-- testLessonp_3284 -->
  <testcase classname="User_CollectionBuilderTest" name="testLessonp_548" time="0.0">
    <ignored/>
  </testcase> <!-- testLessonp_548 -->
  <testcase classname="User_HeaderTest" name="testLessonp_4107" time="0.0">
    <ignored/>
  </testcase> <!-- testLessonp_4107 -->
  <testcase classname="User_RrpSearchTest" name="testLessonp_469" time="0.0">
    <ignored/>
  </testcase> <!-- testLessonp_469 -->
  <testcase classname="User_RrpBrowseResourceDirectoryTest" name="testLessonp_3309" time="0.0">
    <ignored/>
  </testcase> <!-- testLessonp_3309 -->
  <testcase classname="User_CalendarTest" name="testLessonp_4196" time="0.0">
    <ignored/>
  </testcase> <!-- testLessonp_4196 -->
  <testcase classname="User_RrpSearchTest" name="testLessonp_468" time="0.0">
    <ignored/>
  </testcase> <!-- testLessonp_468 -->
  <testcase classname="User_SearchTest" name="testLessonp_4747" time="0.0">
    <ignored/>
  </testcase> <!-- testLessonp_4747 -->
  <testcase classname="User_RrpSearchTest" name="testLessonp_467" time="0.0">
    <ignored/>
  </testcase> <!-- testLessonp_467 -->
  <testcase classname="User_RrpBrowseResourceDirectoryTest" name="testLessonp_3308" time="0.0">
    <ignored/>
  </testcase> <!-- testLessonp_3308 -->
  <testcase classname="User_BrowseResourceDirectory_SubjectsTest" name="testLessonp_1205" time="0.0">
    <ignored/>
  </testcase> <!-- testLessonp_1205 -->
  <testcase classname="User_BrowseResourceDirectory_SubjectsTest" name="testLessonp_1204" time="0.0">
    <ignored/>
  </testcase> <!-- testLessonp_1204 -->
  <testcase classname="User_RrpSearchTest" name="testLessonp_476" time="0.0">
    <ignored/>
  </testcase> <!-- testLessonp_476 -->
  <testcase classname="User_CollectionBuilderTest" name="testLessonp_431" time="0.0">
    <ignored/>
  </testcase> <!-- testLessonp_431 -->
  <testcase classname="User_ArticlesTest" name="testLessonp_3398" time="0.0">
    <ignored/>
  </testcase> <!-- testLessonp_3398 -->
  <testcase classname="User_RrpSearchTest" name="testLessonp_1254" time="0.0">
    <ignored/>
  </testcase> <!-- testLessonp_1254 -->
  <testcase classname="User_HomepageTest" name="testLessonp_5300" time="0.0">
    <ignored/>
  </testcase> <!-- testLessonp_5300 -->
  <testcase classname="User_CurriculumManagerPageTest" name="testLessonp_5535" time="0.0">
    <ignored/>
  </testcase> <!-- testLessonp_5535 -->
  <testcase classname="User_CurriculumManagerPageTest" name="testLessonp_5536" time="0.0">
    <ignored/>
  </testcase> <!-- testLessonp_5536 -->
  <testcase classname="User_EditFolderTest" name="testLessonp_5279" time="0.0">
    <ignored/>
  </testcase> <!-- testLessonp_5279 -->
  <testcase classname="User_CurriculumManagerPageTest" name="testLessonp_5537" time="0.0">
    <ignored/>
  </testcase> <!-- testLessonp_5537 -->
  <testcase classname="User_CurriculumManagerPageTest" name="testLessonp_5538" time="0.0">
    <ignored/>
  </testcase> <!-- testLessonp_5538 -->
  <testcase classname="User_CurriculumManagerPageTest" name="testLessonp_5539" time="0.0">
    <ignored/>
  </testcase> <!-- testLessonp_5539 -->
  <testcase classname="User_BrowseResourceDirectory_SubjectsTest" name="testLessonp_1206" time="0.0">
    <ignored/>
  </testcase> <!-- testLessonp_1206 -->
  <testcase classname="User_HomepageTest" name="testLessonp_5308" time="0.0">
    <ignored/>
  </testcase> <!-- testLessonp_5308 -->
  <testcase classname="User_HomepageTest" name="testLessonp_5301" time="0.0">
    <ignored/>
  </testcase> <!-- testLessonp_5301 -->
  <testcase classname="User_HomepageTest" name="testLessonp_5302" time="0.0">
    <ignored/>
  </testcase> <!-- testLessonp_5302 -->
  <testcase classname="User_RrpSearchTest" name="testLessonp_950" time="0.0">
    <ignored/>
  </testcase> <!-- testLessonp_950 -->
  <testcase classname="User_RrpSearchTest" name="testLessonp_952" time="0.0">
    <ignored/>
  </testcase> <!-- testLessonp_952 -->
  <testcase classname="User_CurriculumManagerPageTest" name="testLessonp_5893" time="0.0">
    <ignored/>
  </testcase> <!-- testLessonp_5893 -->
  <testcase classname="User_HomepageTest" name="testLessonp_5306" time="0.0">
    <ignored/>
  </testcase> <!-- testLessonp_5306 -->
  <testcase classname="User_SearchTest" name="testLessonp_3957" time="0.0">
    <ignored/>
  </testcase> <!-- testLessonp_3957 -->
  <testcase classname="User_BrowseResourceDirectory_SubjectsTest" name="testLessonp_1207" time="0.0">
    <ignored/>
  </testcase> <!-- testLessonp_1207 -->
  <testcase classname="User_HomepageTest" name="testLessonp_5307" time="0.0">
    <ignored/>
  </testcase> <!-- testLessonp_5307 -->
  <testcase classname="User_SearchTest" name="testLessonp_3956" time="0.0">
    <ignored/>
  </testcase> <!-- testLessonp_3956 -->
  <testcase classname="User_SearchTest" name="testLessonp_3958" time="0.0">
    <ignored/>
  </testcase> <!-- testLessonp_3958 -->
  <testcase classname="User_RrpSearchTest" name="testLessonp_944" time="0.0">
    <ignored/>
  </testcase> <!-- testLessonp_944 -->
  <testcase classname="User_BrowseResourceDirectory_MainPageTest" name="testLessonp_1332" time="0.0">
    <ignored/>
  </testcase> <!-- testLessonp_1332 -->
  <testcase classname="User_BrowseResourceDirectory_MainPageTest" name="testLessonp_1331" time="0.0">
    <ignored/>
  </testcase> <!-- testLessonp_1331 -->
  <testcase classname="User_HeaderTest" name="testLessonp_4004" time="0.0">
    <ignored/>
  </testcase> <!-- testLessonp_4004 -->
  <testcase classname="User_SearchTest" name="testLessonp_4002" time="0.0">
    <ignored/>
  </testcase> <!-- testLessonp_4002 -->
  <testcase classname="User_CollectionBuilderTest" name="testLessonp_4378" time="0.0">
    <ignored/>
  </testcase> <!-- testLessonp_4378 -->
  <testcase classname="User_FooterTest" name="testLessonp_658" time="0.0">
    <ignored/>
  </testcase> <!-- testLessonp_658 -->
  <testcase classname="User_FooterTest" name="testLessonp_659" time="0.0">
    <ignored/>
  </testcase> <!-- testLessonp_659 -->
  <testcase classname="User_FooterTest" name="testLessonp_656" time="0.0">
    <ignored/>
  </testcase> <!-- testLessonp_656 -->
  <testcase classname="User_FooterTest" name="testLessonp_668" time="0.0">
    <ignored/>
  </testcase> <!-- testLessonp_668 -->
  <testcase classname="User_FooterTest" name="testLessonp_665" time="0.0">
    <ignored/>
  </testcase> <!-- testLessonp_665 -->
  <testcase classname="User_FooterTest" name="testLessonp_666" time="0.0">
    <ignored/>
  </testcase> <!-- testLessonp_666 -->
  <testcase classname="User_FooterTest" name="testLessonp_660" time="0.0">
    <ignored/>
  </testcase> <!-- testLessonp_660 -->
  <testcase classname="User_SearchTest" name="testLessonp_503" time="0.0">
    <ignored/>
  </testcase> <!-- testLessonp_503 -->
  <testcase classname="User_CollectionBuilderTest" name="testLessonp_4381" time="0.0">
    <ignored/>
  </testcase> <!-- testLessonp_4381 -->
  <testcase classname="User_CurriculumManagerPageTest" name="testLessonp_5676" time="0.0">
    <ignored/>
  </testcase> <!-- testLessonp_5676 -->
  <testcase classname="User_HomepageTest" name="testLessonp_5289" time="0.0">
    <ignored/>
  </testcase> <!-- testLessonp_5289 -->
  <testcase classname="User_CurriculumManagerPageTest" name="testLessonp_5677" time="0.0">
    <ignored/>
  </testcase> <!-- testLessonp_5677 -->
  <testcase classname="User_FooterTest" name="testLessonp_4116" time="0.0">
    <ignored/>
  </testcase> <!-- testLessonp_4116 -->
  <testcase classname="User_RrpSearchTest" name="testLessonp_4609" time="0.0">
    <ignored/>
  </testcase> <!-- testLessonp_4609 -->
  <testcase classname="User_CurriculumManagerPageTest" name="testLessonp_3258" time="0.0">
    <ignored/>
  </testcase> <!-- testLessonp_3258 -->
  <testcase classname="User_FooterTest" name="testLessonp_4114" time="0.0">
    <ignored/>
  </testcase> <!-- testLessonp_4114 -->
  <testcase classname="User_SearchTest" name="testLessonp_507" time="0.0">
    <ignored/>
  </testcase> <!-- testLessonp_507 -->
  <testcase classname="User_HomepageTest" name="testLessonp_5286" time="0.0">
    <ignored/>
  </testcase> <!-- testLessonp_5286 -->
  <testcase classname="User_SearchTest" name="testLessonp_504" time="0.0">
    <ignored/>
  </testcase> <!-- testLessonp_504 -->
  <testcase classname="User_FooterTest" name="testLessonp_4115" time="0.0">
    <ignored/>
  </testcase> <!-- testLessonp_4115 -->
  <testcase classname="User_HomepageTest" name="testLessonp_5288" time="0.0">
    <ignored/>
  </testcase> <!-- testLessonp_5288 -->
  <testcase classname="User_SearchTest" name="testLessonp_506" time="0.0">
    <ignored/>
  </testcase> <!-- testLessonp_506 -->
  <testcase classname="User_RrpSearchTest" name="testLessonp_4608" time="0.0">
    <ignored/>
  </testcase> <!-- testLessonp_4608 -->
  <testcase classname="User_RrpSearchTest" name="testLessonp_535" time="0.0">
    <ignored/>
  </testcase> <!-- testLessonp_535 -->
  <testcase classname="User_CurriculumManagerPageTest" name="testLessonp_5670" time="0.0">
    <ignored/>
  </testcase> <!-- testLessonp_5670 -->
  <testcase classname="User_RrpBrowseResourceDirectoryTest" name="testLessonp_4613" time="0.0">
    <ignored/>
  </testcase> <!-- testLessonp_4613 -->
  <testcase classname="User_CurriculumManagerPageTest" name="testLessonp_5671" time="0.0">
    <ignored/>
  </testcase> <!-- testLessonp_5671 -->
  <testcase classname="User_CurriculumManagerPageTest" name="testLessonp_5672" time="0.0">
    <ignored/>
  </testcase> <!-- testLessonp_5672 -->
  <testcase classname="User_CurriculumManagerPageTest" name="testLessonp_5673" time="0.0">
    <ignored/>
  </testcase> <!-- testLessonp_5673 -->
  <testcase classname="User_FooterTest" name="testLessonp_4112" time="0.0">
    <ignored/>
  </testcase> <!-- testLessonp_4112 -->
  <testcase classname="User_CurriculumManagerPageTest" name="testLessonp_5674" time="0.0">
    <ignored/>
  </testcase> <!-- testLessonp_5674 -->
  <testcase classname="User_CurriculumManagerPageTest" name="testLessonp_5675" time="0.0">
    <ignored/>
  </testcase> <!-- testLessonp_5675 -->
  <testcase classname="User_RrpBrowseResourceDirectoryTest" name="testLessonp_4611" time="0.0">
    <ignored/>
  </testcase> <!-- testLessonp_4611 -->
  <testcase classname="User_RrpBrowseResourceDirectoryTest" name="testLessonp_4696" time="0.0">
    <ignored/>
  </testcase> <!-- testLessonp_4696 -->
  <testcase classname="User_RrpBrowseResourceDirectoryTest" name="testLessonp_4610" time="0.0">
    <ignored/>
  </testcase> <!-- testLessonp_4610 -->
  <testcase classname="User_RrpBrowseResourceDirectoryTest" name="testLessonp_4612" time="0.0">
    <ignored/>
  </testcase> <!-- testLessonp_4612 -->
  <testcase classname="User_SearchTest" name="testLessonp_998" time="0.0">
    <ignored/>
  </testcase> <!-- testLessonp_998 -->
  <testcase classname="User_BrowseResourceDirectory_SubjectsTest" name="testLessonp_1197" time="0.0">
    <ignored/>
  </testcase> <!-- testLessonp_1197 -->
  <testcase classname="User_SearchTest" name="testLessonp_505" time="0.0">
    <ignored/>
  </testcase> <!-- testLessonp_505 -->
  <testcase classname="User_SearchTest" name="testLessonp_997" time="0.0">
    <ignored/>
  </testcase> <!-- testLessonp_997 -->
  <testcase classname="User_SearchTest" name="testLessonp_996" time="0.0">
    <ignored/>
  </testcase> <!-- testLessonp_996 -->
  <testcase classname="User_HomepageTest" name="testLessonp_5311" time="0.0">
    <ignored/>
  </testcase> <!-- testLessonp_5311 -->
  <testcase classname="User_CurriculumManagerPageTest" name="testLessonp_5964" time="0.0">
    <ignored/>
  </testcase> <!-- testLessonp_5964 -->
  <testcase classname="User_SearchTest" name="testLessonp_999" time="0.0">
    <ignored/>
  </testcase> <!-- testLessonp_999 -->
  <testcase classname="User_HomepageTest" name="testLessonp_5319" time="0.0">
    <ignored/>
  </testcase> <!-- testLessonp_5319 -->
  <testcase classname="User_HomepageTest" name="testLessonp_5312" time="0.0">
    <ignored/>
  </testcase> <!-- testLessonp_5312 -->
  <testcase classname="User_CurriculumManagerPageTest" name="testLessonp_5681" time="0.0">
    <ignored/>
  </testcase> <!-- testLessonp_5681 -->
  <testcase classname="User_EditFolderTest" name="testLessonp_5263" time="0.0">
    <ignored/>
  </testcase> <!-- testLessonp_5263 -->
  <testcase classname="User_HomepageTest" name="testLessonp_5313" time="0.0">
    <ignored/>
  </testcase> <!-- testLessonp_5313 -->
  <testcase classname="User_HomepageTest" name="testLessonp_5314" time="0.0">
    <ignored/>
  </testcase> <!-- testLessonp_5314 -->
  <testcase classname="User_HomepageTest" name="testLessonp_5316" time="0.0">
    <ignored/>
  </testcase> <!-- testLessonp_5316 -->
  <testcase classname="User_HomepageTest" name="testLessonp_5317" time="0.0">
    <ignored/>
  </testcase> <!-- testLessonp_5317 -->
  <testcase classname="User_HomepageTest" name="testLessonp_5318" time="0.0">
    <ignored/>
  </testcase> <!-- testLessonp_5318 -->
  <testcase classname="User_ArticlesTest" name="testLessonp_5255" time="0.0">
    <ignored/>
  </testcase> <!-- testLessonp_5255 -->
  <testcase classname="User_HomepageTest" name="testLessonp_5309" time="0.0">
    <ignored/>
  </testcase> <!-- testLessonp_5309 -->
  <testcase classname="User_ArticlesTest" name="testLessonp_5256" time="0.0">
    <ignored/>
  </testcase> <!-- testLessonp_5256 -->
  <testcase classname="User_HomepageTest" name="testLessonp_5315" time="0.0">
    <ignored/>
  </testcase> <!-- testLessonp_5315 -->
  <testcase classname="User_RrpBrowseResourceDirectoryTest" name="testLessonp_4725" time="0.0">
    <ignored/>
  </testcase> <!-- testLessonp_4725 -->
  <testcase classname="User_EditFolderTest" name="testLessonp_497" time="0.0">
    <ignored/>
  </testcase> <!-- testLessonp_497 -->
  <testcase classname="User_EditFolderTest" name="testLessonp_495" time="0.0">
    <ignored/>
  </testcase> <!-- testLessonp_495 -->
  <testcase classname="User_RrpSearchTest" name="testLessonp_4603" time="0.0">
    <ignored/>
  </testcase> <!-- testLessonp_4603 -->
  <testcase classname="User_RrpBrowseResourceDirectoryTest" name="testLessonp_4684" time="0.0">
    <ignored/>
  </testcase> <!-- testLessonp_4684 -->
  <testcase classname="User_SearchTest" name="testLessonp_487" time="0.0">
    <ignored/>
  </testcase> <!-- testLessonp_487 -->
</testsuite> <!-- Active User -->
