<?xml version="1.0" encoding="UTF-8"?>
<!-- Generated by org.testng.reporters.JUnitXMLReporter -->
<testsuite ignored="183" hostname="SVROLP01518" failures="5" tests="95" name="Free Member" time="7471.213" errors="0" timestamp="2022-02-17T18:41:33 EET">
  <testcase classname="User_ArticlesTest" name="testLessonp_5255" time="38.578"/>
  <testcase classname="User_ArticlesTest" name="testLessonp_5256" time="142.507"/>
  <testcase classname="User_SearchTest" name="testLessonp_3993" time="231.736"/>
  <testcase classname="User_SearchTest" name="testLessonp_3994" time="183.38"/>
  <testcase classname="User_SearchTest" name="testLessonp_3995" time="159.751"/>
  <testcase classname="User_SearchTest" name="testLessonp_4002" time="482.745"/>
  <testcase classname="User_SearchTest" name="testLessonp_503" time="170.105"/>
  <testcase classname="User_SearchTest" name="testLessonp_504" time="55.036"/>
  <testcase classname="User_SearchTest" name="testLessonp_505" time="78.947"/>
  <testcase classname="User_SearchTest" name="testLessonp_506" time="54.277"/>
  <testcase classname="User_SearchTest" name="testLessonp_507" time="51.723"/>
  <testcase classname="User_SearchTest" name="testLessonp_998" time="56.382"/>
  <testcase classname="User_SearchTest" name="testLessonp_999" time="44.302"/>
  <testcase classname="User_CalendarTest" name="testLessonp_5259" time="101.743"/>
  <testcase classname="User_RrpSearchTest" name="testLessonp_4663" time="30.084">
    <failure type="org.openqa.selenium.TimeoutException" message="Expected condition failed: waiting for com.lessonplanet.pages.LpUiBasePage$5@72bd2871 (tried for 5 second(s) with 500 MILLISECONDS interval)
Build info: version: &amp;apos;3.141.59&amp;apos;, revision: &amp;apos;e82be7d358&amp;apos;, time: &amp;apos;2018-11-14T08:17:03&amp;apos;
System info: host: &amp;apos;SVROLP01518&amp;apos;, ip: &amp;apos;10.97.2.250&amp;apos;, os.name: &amp;apos;Windows 10&amp;apos;, os.arch: &amp;apos;amd64&amp;apos;, os.version: &amp;apos;10.0&amp;apos;, java.version: &amp;apos;11.0.3&amp;apos;
Driver info: org.openqa.selenium.firefox.FirefoxDriver
Capabilities {acceptInsecureCerts: true, browserName: firefox, browserVersion: 97.0, javascriptEnabled: true, moz:accessibilityChecks: false, moz:buildID: 20220202182137, moz:geckodriverVersion: 0.30.0, moz:headless: true, moz:processID: 27972, moz:profile: C:\Users\teodora.vermesan\A..., moz:shutdownTimeout: 60000, moz:useNonSpecCompliantPointerOrigin: false, moz:webdriverClick: true, pageLoadStrategy: normal, platform: WINDOWS, platformName: WINDOWS, platformVersion: 10.0, proxy: Proxy(), setWindowRect: true, strictFileInteractability: false, timeouts: {implicit: 0, pageLoad: 300000, script: 30000}, unhandledPromptBehavior: dismiss and notify}
Session ID: c6389495-7741-4006-a2cc-df5fced7b60e">
      <![CDATA[org.openqa.selenium.TimeoutException: Expected condition failed: waiting for com.lessonplanet.pages.LpUiBasePage$5@72bd2871 (tried for 5 second(s) with 500 MILLISECONDS interval)
Build info: version: '3.141.59', revision: 'e82be7d358', time: '2018-11-14T08:17:03'
System info: host: 'SVROLP01518', ip: '10.97.2.250', os.name: 'Windows 10', os.arch: 'amd64', os.version: '10.0', java.version: '11.0.3'
Driver info: org.openqa.selenium.firefox.FirefoxDriver
Capabilities {acceptInsecureCerts: true, browserName: firefox, browserVersion: 97.0, javascriptEnabled: true, moz:accessibilityChecks: false, moz:buildID: 20220202182137, moz:geckodriverVersion: 0.30.0, moz:headless: true, moz:processID: 27972, moz:profile: C:\Users\teodora.vermesan\A..., moz:shutdownTimeout: 60000, moz:useNonSpecCompliantPointerOrigin: false, moz:webdriverClick: true, pageLoadStrategy: normal, platform: WINDOWS, platformName: WINDOWS, platformVersion: 10.0, proxy: Proxy(), setWindowRect: true, strictFileInteractability: false, timeouts: {implicit: 0, pageLoad: 300000, script: 30000}, unhandledPromptBehavior: dismiss and notify}
Session ID: c6389495-7741-4006-a2cc-df5fced7b60e
at org.openqa.selenium.support.ui.WebDriverWait.timeoutException(WebDriverWait.java:82)
at org.openqa.selenium.support.ui.FluentWait.until(FluentWait.java:231)
at com.lessonplanet.pages.LpUiBasePage.waitForLinkToLoad(LpUiBasePage.java:562)
at User_RrpSearchTest.testNewTabFreeSampleResourceUrl(User_RrpSearchTest.java:797)
at User_RrpSearchTest.testThumbnailForFreeSampleResource(User_RrpSearchTest.java:898)
at User_RrpSearchTest.testLessonp_4663(User_RrpSearchTest.java:279)
at java.base/java.util.ArrayList.forEach(ArrayList.java:1540)
at com.intellij.rt.testng.IDEARemoteTestNG.run(IDEARemoteTestNG.java:66)
at com.intellij.rt.testng.RemoteTestNGStarter.main(RemoteTestNGStarter.java:110)
... Removed 24 stack frames]]>
    </failure>
  </testcase> <!-- testLessonp_4663 -->
  <testcase classname="User_RrpSearchTest" name="testLessonp_4664" time="68.388"/>
  <testcase classname="User_RrpSearchTest" name="testLessonp_4666" time="78.985"/>
  <testcase classname="User_RrpSearchTest" name="testLessonp_4667" time="112.895"/>
  <testcase classname="User_RrpSearchTest" name="testLessonp_4668" time="79.336"/>
  <testcase classname="User_RrpSearchTest" name="testLessonp_4669" time="99.779"/>
  <testcase classname="User_RrpSearchTest" name="testLessonp_4670" time="84.884"/>
  <testcase classname="User_RrpSearchTest" name="testLessonp_4671" time="121.597">
    <failure type="java.lang.NullPointerException">
      <![CDATA[java.lang.NullPointerException
at org.openqa.selenium.remote.RemoteWebElement.isDisplayed(RemoteWebElement.java:323)
at org.openqa.selenium.support.ui.ExpectedConditions.elementIfVisible(ExpectedConditions.java:315)
at org.openqa.selenium.support.ui.ExpectedConditions.access$100(ExpectedConditions.java:44)
at org.openqa.selenium.support.ui.ExpectedConditions$7.apply(ExpectedConditions.java:206)
at org.openqa.selenium.support.ui.ExpectedConditions$7.apply(ExpectedConditions.java:202)
at org.openqa.selenium.support.ui.FluentWait.until(FluentWait.java:208)
at com.lessonplanet.pages.LpUiBasePage.waitForElement(LpUiBasePage.java:117)
at com.lessonplanet.pages.LpUiBasePage.findElement(LpUiBasePage.java:35)
at com.lessonplanet.pages.LpUiBasePage.openInANewTab(LpUiBasePage.java:497)
at com.lessonplanet.pages.LpUiBasePage.openInANewTabOrClick(LpUiBasePage.java:531)
at com.lessonplanet.pages.WhatMembersSayWidget.clickOnSubmitYourOwnButton(WhatMembersSayWidget.java:28)
at User_BrowseResourceDirectory_SubjectsTest.testTestimonials(User_BrowseResourceDirectory_SubjectsTest.java:387)
at User_RrpSearchTest.testLessonp_4671(User_RrpSearchTest.java:356)
at java.base/java.util.ArrayList.forEach(ArrayList.java:1540)
at com.intellij.rt.testng.IDEARemoteTestNG.run(IDEARemoteTestNG.java:66)
at com.intellij.rt.testng.RemoteTestNGStarter.main(RemoteTestNGStarter.java:110)
... Removed 24 stack frames]]>
    </failure>
  </testcase> <!-- testLessonp_4671 -->
  <testcase classname="User_RrpSearchTest" name="testLessonp_515" time="60.748"/>
  <testcase classname="User_RrpSearchTest" name="testLessonp_516" time="60.473"/>
  <testcase classname="User_RrpSearchTest" name="testLessonp_523" time="37.44"/>
  <testcase classname="User_RrpSearchTest" name="testLessonp_524" time="59.316"/>
  <testcase classname="User_RrpSearchTest" name="testLessonp_531" time="46.182"/>
  <testcase classname="User_RrpSearchTest" name="testLessonp_535" time="41.687"/>
  <testcase classname="User_RrpSearchTest" name="testLessonp_950" time="44.28"/>
  <testcase classname="User_RrpSearchTest" name="testLessonp_952" time="27.388"/>
  <testcase classname="User_CollectionBuilderTest" name="testLessonp_4381" time="75.653"/>
  <testcase classname="User_CollectionBuilderTest" name="testLessonp_548" time="76.893"/>
  <testcase classname="User_RrpBrowseResourceDirectoryTest" name="testLessonp_4674" time="31.956"/>
  <testcase classname="User_RrpBrowseResourceDirectoryTest" name="testLessonp_4677" time="36.263"/>
  <testcase classname="User_RrpBrowseResourceDirectoryTest" name="testLessonp_4684" time="67.494"/>
  <testcase classname="User_RrpBrowseResourceDirectoryTest" name="testLessonp_4696" time="117.527"/>
  <testcase classname="User_RrpBrowseResourceDirectoryTest" name="testLessonp_4703" time="29.383"/>
  <testcase classname="User_RrpBrowseResourceDirectoryTest" name="testLessonp_4705" time="38.93"/>
  <testcase classname="User_RrpBrowseResourceDirectoryTest" name="testLessonp_4713" time="75.353"/>
  <testcase classname="User_RrpBrowseResourceDirectoryTest" name="testLessonp_4725" time="73.815"/>
  <testcase classname="User_CollectionPlayerTest" name="testLessonp_554" time="60.371"/>
  <testcase classname="User_CollectionPlayerTest" name="testLessonp_555" time="158.565"/>
  <testcase classname="User_CollectionPlayerTest" name="testLessonp_556" time="60.443"/>
  <testcase classname="User_CurriculumManagerPageTest" name="testLessonp_5535" time="22.356"/>
  <testcase classname="User_CurriculumManagerPageTest" name="testLessonp_5536" time="97.844">
    <failure type="java.lang.AssertionError" message="expected [Interactive] but found [Lesson Plan]">
      <![CDATA[java.lang.AssertionError: expected [Interactive] but found [Lesson Plan]
at User_CurriculumManagerPageTest.testFavoriteButton(User_CurriculumManagerPageTest.java:493)
at User_CurriculumManagerPageTest.testFavoriteFreeSampleResource(User_CurriculumManagerPageTest.java:836)
at User_CurriculumManagerPageTest.testFavoriteResources(User_CurriculumManagerPageTest.java:820)
at User_CurriculumManagerPageTest.testLessonp_5536(User_CurriculumManagerPageTest.java:129)
at java.base/java.util.ArrayList.forEach(ArrayList.java:1540)
at com.intellij.rt.testng.IDEARemoteTestNG.run(IDEARemoteTestNG.java:66)
at com.intellij.rt.testng.RemoteTestNGStarter.main(RemoteTestNGStarter.java:110)
... Removed 29 stack frames]]>
    </failure>
  </testcase> <!-- testLessonp_5536 -->
  <testcase classname="User_CurriculumManagerPageTest" name="testLessonp_5537" time="167.649"/>
  <testcase classname="User_CurriculumManagerPageTest" name="testLessonp_5538" time="35.158"/>
  <testcase classname="User_CurriculumManagerPageTest" name="testLessonp_5539" time="195.716"/>
  <testcase classname="User_CurriculumManagerPageTest" name="testLessonp_5614" time="56.439"/>
  <testcase classname="User_CurriculumManagerPageTest" name="testLessonp_5670" time="58.257"/>
  <testcase classname="User_CurriculumManagerPageTest" name="testLessonp_5671" time="56.633"/>
  <testcase classname="User_CurriculumManagerPageTest" name="testLessonp_5672" time="55.894"/>
  <testcase classname="User_CurriculumManagerPageTest" name="testLessonp_5673" time="59.157"/>
  <testcase classname="User_CurriculumManagerPageTest" name="testLessonp_5674" time="55.244"/>
  <testcase classname="User_CurriculumManagerPageTest" name="testLessonp_5675" time="59.505"/>
  <testcase classname="User_CurriculumManagerPageTest" name="testLessonp_5676" time="56.57"/>
  <testcase classname="User_CurriculumManagerPageTest" name="testLessonp_5677" time="76.973"/>
  <testcase classname="User_CurriculumManagerPageTest" name="testLessonp_5681" time="133.619"/>
  <testcase classname="User_CurriculumManagerPageTest" name="testLessonp_5893" time="125.828"/>
  <testcase classname="User_CurriculumManagerPageTest" name="testLessonp_5964" time="89.27"/>
  <testcase classname="User_BrowseResourceDirectory_MainPageTest" name="testLessonp_1030" time="64.883"/>
  <testcase classname="User_BrowseResourceDirectory_MainPageTest" name="testLessonp_1035" time="44.837"/>
  <testcase classname="User_BrowseResourceDirectory_MainPageTest" name="testLessonp_1039" time="21.476"/>
  <testcase classname="User_BrowseResourceDirectory_MainPageTest" name="testLessonp_1331" time="235.098"/>
  <testcase classname="User_BrowseResourceDirectory_MainPageTest" name="testLessonp_1332" time="11.196"/>
  <testcase classname="User_BrowseResourceDirectory_SubjectsTest" name="testLessonp_1197" time="33.56"/>
  <testcase classname="User_BrowseResourceDirectory_SubjectsTest" name="testLessonp_1204" time="39.343"/>
  <testcase classname="User_BrowseResourceDirectory_SubjectsTest" name="testLessonp_1205" time="24.669"/>
  <testcase classname="User_BrowseResourceDirectory_SubjectsTest" name="testLessonp_1206" time="19.666"/>
  <testcase classname="User_BrowseResourceDirectory_SubjectsTest" name="testLessonp_1207" time="40.773"/>
  <testcase classname="User_EditFolderTest" name="testLessonp_495" time="65.011">
    <failure type="java.lang.Error" message=" Unable to click on webElement [[FirefoxDriver: firefox on WINDOWS (a07820b8-9d96-40a3-82c8-dae74961e563)] -&amp;gt; css selector: [class*=&amp;apos;panel-footer&amp;apos;] [href*=&amp;apos;teachers&amp;apos;]:not([class*=&amp;apos;free-sample&amp;apos;])]">
      <![CDATA[java.lang.Error:  Unable to click on webElement [[FirefoxDriver: firefox on WINDOWS (a07820b8-9d96-40a3-82c8-dae74961e563)] -> css selector: [class*='panel-footer'] [href*='teachers']:not([class*='free-sample'])]
at com.lessonplanet.pages.LpUiBasePage.clickElement(LpUiBasePage.java:165)
at com.lessonplanet.pages.LpUiBasePage.openInANewTabOrClick(LpUiBasePage.java:525)
at com.lessonplanet.pages.ResourcesPage.clickFirstButtonOfType(ResourcesPage.java:293)
at com.lessonplanet.pages.ResourcesPage.clickSeeReview(ResourcesPage.java:239)
at com.lessonplanet.pages.DiscoverResourcesPage.clickSeeReview(DiscoverResourcesPage.java:104)
at User_CurriculumManagerPageTest.testAddRegularResourceToFolder(User_CurriculumManagerPageTest.java:672)
at User_EditFolderTest.testEditFolderAppearance(User_EditFolderTest.java:129)
at User_EditFolderTest.testLessonp_495(User_EditFolderTest.java:53)
at java.base/java.util.ArrayList.forEach(ArrayList.java:1540)
at com.intellij.rt.testng.IDEARemoteTestNG.run(IDEARemoteTestNG.java:66)
at com.intellij.rt.testng.RemoteTestNGStarter.main(RemoteTestNGStarter.java:110)
... Removed 24 stack frames]]>
    </failure>
  </testcase> <!-- testLessonp_495 -->
  <testcase classname="User_EditFolderTest" name="testLessonp_497" time="123.14"/>
  <testcase classname="User_EditFolderTest" name="testLessonp_5263" time="39.142"/>
  <testcase classname="User_EditFolderTest" name="testLessonp_5279" time="27.485"/>
  <testcase classname="User_HeaderTest" name="testLessonp_4107" time="30.603"/>
  <testcase classname="User_HeaderTest" name="testLessonp_4602" time="85.536"/>
  <testcase classname="User_FooterTest" name="testLessonp_4112" time="18.048"/>
  <testcase classname="User_FooterTest" name="testLessonp_4114" time="15.972"/>
  <testcase classname="User_FooterTest" name="testLessonp_4115" time="14.117">
    <failure type="java.lang.AssertionError" message="expected [© 1999-2022 Education Planet, Inc.
Teacher Lesson Plans, Worksheets and Resources] but found []">
      <![CDATA[java.lang.AssertionError: expected [© 1999-2022 Education Planet, Inc.
Teacher Lesson Plans, Worksheets and Resources] but found []
at User_FooterTest.testLpLogo(User_FooterTest.java:331)
at User_FooterTest.testLessonp_4115(User_FooterTest.java:144)
at java.base/java.util.ArrayList.forEach(ArrayList.java:1540)
at com.intellij.rt.testng.IDEARemoteTestNG.run(IDEARemoteTestNG.java:66)
at com.intellij.rt.testng.RemoteTestNGStarter.main(RemoteTestNGStarter.java:110)
... Removed 29 stack frames]]>
    </failure>
  </testcase> <!-- testLessonp_4115 -->
  <testcase classname="User_FooterTest" name="testLessonp_4116" time="16.358"/>
  <testcase classname="User_FooterTest" name="testLessonp_665" time="8.876"/>
  <testcase classname="User_FooterTest" name="testLessonp_666" time="35.876"/>
  <testcase classname="User_FooterTest" name="testLessonp_667" time="47.414"/>
  <testcase classname="User_FooterTest" name="testLessonp_668" time="31.176"/>
  <testcase classname="User_HomepageTest" name="testLessonp_5306" time="32.4"/>
  <testcase classname="User_HomepageTest" name="testLessonp_5307" time="25.091"/>
  <testcase classname="User_HomepageTest" name="testLessonp_5308" time="17.67"/>
  <testcase classname="User_HomepageTest" name="testLessonp_5309" time="19.227"/>
  <testcase classname="User_HomepageTest" name="testLessonp_5311" time="13.063"/>
  <testcase classname="User_HomepageTest" name="testLessonp_5312" time="11.097"/>
  <testcase classname="User_HomepageTest" name="testLessonp_5313" time="14.954"/>
  <testcase classname="User_HomepageTest" name="testLessonp_5314" time="11.491"/>
  <testcase classname="User_HomepageTest" name="testLessonp_5315" time="15.42"/>
  <testcase classname="User_HomepageTest" name="testLessonp_5316" time="14.349"/>
  <testcase classname="User_HomepageTest" name="testLessonp_5317" time="11.44"/>
  <testcase classname="User_HeaderTest" name="testLessonp_5660" time="0.0">
    <ignored/>
  </testcase> <!-- testLessonp_5660 -->
  <testcase classname="User_BrowseResourceDirectory_MainPageTest" name="testLessonp_1015" time="0.0">
    <ignored/>
  </testcase> <!-- testLessonp_1015 -->
  <testcase classname="User_CurriculumManagerPageTest" name="testLessonp_5615" time="0.0">
    <ignored/>
  </testcase> <!-- testLessonp_5615 -->
  <testcase classname="User_CurriculumManagerPageTest" name="testLessonp_5737" time="0.0">
    <ignored/>
  </testcase> <!-- testLessonp_5737 -->
  <testcase classname="User_RrpSearchTest" name="testLessonp_473" time="0.0">
    <ignored/>
  </testcase> <!-- testLessonp_473 -->
  <testcase classname="User_RrpSearchTest" name="testLessonp_475" time="0.0">
    <ignored/>
  </testcase> <!-- testLessonp_475 -->
  <testcase classname="User_RrpBrowseResourceDirectoryTest" name="testLessonp_4825" time="0.0">
    <ignored/>
  </testcase> <!-- testLessonp_4825 -->
  <testcase classname="User_RrpBrowseResourceDirectoryTest" name="testLessonp_4827" time="0.0">
    <ignored/>
  </testcase> <!-- testLessonp_4827 -->
  <testcase classname="User_RrpBrowseResourceDirectoryTest" name="testLessonp_4826" time="0.0">
    <ignored/>
  </testcase> <!-- testLessonp_4826 -->
  <testcase classname="User_RrpSearchTest" name="testLessonp_1282" time="0.0">
    <ignored/>
  </testcase> <!-- testLessonp_1282 -->
  <testcase classname="User_SearchTest" name="testLessonp_492" time="0.0">
    <ignored/>
  </testcase> <!-- testLessonp_492 -->
  <testcase classname="User_RrpSearchTest" name="testLessonp_4792" time="0.0">
    <ignored/>
  </testcase> <!-- testLessonp_4792 -->
  <testcase classname="User_SearchTest" name="testLessonp_494" time="0.0">
    <ignored/>
  </testcase> <!-- testLessonp_494 -->
  <testcase classname="User_RrpSearchTest" name="testLessonp_4794" time="0.0">
    <ignored/>
  </testcase> <!-- testLessonp_4794 -->
  <testcase classname="User_SearchTest" name="testLessonp_491" time="0.0">
    <ignored/>
  </testcase> <!-- testLessonp_491 -->
  <testcase classname="User_RrpSearchTest" name="testLessonp_4793" time="0.0">
    <ignored/>
  </testcase> <!-- testLessonp_4793 -->
  <testcase classname="User_SearchTest" name="testLessonp_493" time="0.0">
    <ignored/>
  </testcase> <!-- testLessonp_493 -->
  <testcase classname="User_SearchTest" name="testLessonp_490" time="0.0">
    <ignored/>
  </testcase> <!-- testLessonp_490 -->
  <testcase classname="User_RrpSearchTest" name="testLessonp_4796" time="0.0">
    <ignored/>
  </testcase> <!-- testLessonp_4796 -->
  <testcase classname="User_RrpSearchTest" name="testLessonp_4795" time="0.0">
    <ignored/>
  </testcase> <!-- testLessonp_4795 -->
  <testcase classname="User_BrowseResourceDirectory_MainPageTest" name="testLessonp_1018" time="0.0">
    <ignored/>
  </testcase> <!-- testLessonp_1018 -->
  <testcase classname="User_CurriculumManagerPageTest" name="testLessonp_5742" time="0.0">
    <ignored/>
  </testcase> <!-- testLessonp_5742 -->
  <testcase classname="User_HomepageTest" name="testLessonp_5333" time="0.0">
    <ignored/>
  </testcase> <!-- testLessonp_5333 -->
  <testcase classname="User_RrpSearchTest" name="testLessonp_4797" time="0.0">
    <ignored/>
  </testcase> <!-- testLessonp_4797 -->
  <testcase classname="User_CurriculumManagerPageTest" name="testLessonp_5743" time="0.0">
    <ignored/>
  </testcase> <!-- testLessonp_5743 -->
  <testcase classname="User_CurriculumManagerPageTest" name="testLessonp_5744" time="0.0">
    <ignored/>
  </testcase> <!-- testLessonp_5744 -->
  <testcase classname="User_CurriculumManagerPageTest" name="testLessonp_5745" time="0.0">
    <ignored/>
  </testcase> <!-- testLessonp_5745 -->
  <testcase classname="User_HeaderTest" name="testLessonp_4565" time="0.0">
    <ignored/>
  </testcase> <!-- testLessonp_4565 -->
  <testcase classname="User_HomepageTest" name="testLessonp_5295" time="0.0">
    <ignored/>
  </testcase> <!-- testLessonp_5295 -->
  <testcase classname="User_CurriculumManagerPageTest" name="testLessonp_5746" time="0.0">
    <ignored/>
  </testcase> <!-- testLessonp_5746 -->
  <testcase classname="User_CurriculumManagerPageTest" name="testLessonp_5747" time="0.0">
    <ignored/>
  </testcase> <!-- testLessonp_5747 -->
  <testcase classname="User_HomepageTest" name="testLessonp_5330" time="0.0">
    <ignored/>
  </testcase> <!-- testLessonp_5330 -->
  <testcase classname="User_HomepageTest" name="testLessonp_5297" time="0.0">
    <ignored/>
  </testcase> <!-- testLessonp_5297 -->
  <testcase classname="User_HomepageTest" name="testLessonp_5298" time="0.0">
    <ignored/>
  </testcase> <!-- testLessonp_5298 -->
  <testcase classname="User_HomepageTest" name="testLessonp_5331" time="0.0">
    <ignored/>
  </testcase> <!-- testLessonp_5331 -->
  <testcase classname="User_HomepageTest" name="testLessonp_5332" time="0.0">
    <ignored/>
  </testcase> <!-- testLessonp_5332 -->
  <testcase classname="User_RrpSearchTest" name="testLessonp_4817" time="0.0">
    <ignored/>
  </testcase> <!-- testLessonp_4817 -->
  <testcase classname="User_HomepageTest" name="testLessonp_5334" time="0.0">
    <ignored/>
  </testcase> <!-- testLessonp_5334 -->
  <testcase classname="User_FooterTest" name="testLessonp_4120" time="0.0">
    <ignored/>
  </testcase> <!-- testLessonp_4120 -->
  <testcase classname="User_HomepageTest" name="testLessonp_5296" time="0.0">
    <ignored/>
  </testcase> <!-- testLessonp_5296 -->
  <testcase classname="User_EditFolderTest" name="testLessonp_5640" time="0.0">
    <ignored/>
  </testcase> <!-- testLessonp_5640 -->
  <testcase classname="User_CalendarTest" name="testLessonp_5260" time="0.0">
    <ignored/>
  </testcase> <!-- testLessonp_5260 -->
  <testcase classname="User_CurriculumManagerPageTest" name="testLessonp_5741" time="0.0">
    <ignored/>
  </testcase> <!-- testLessonp_5741 -->
  <testcase classname="User_PublishFolderTest" name="testLessonp_995" time="0.0">
    <ignored/>
  </testcase> <!-- testLessonp_995 -->
  <testcase classname="User_BrowseResourceDirectory_SubjectsTest" name="testLessonp_1022" time="0.0">
    <ignored/>
  </testcase> <!-- testLessonp_1022 -->
  <testcase classname="User_ArticlesTest" name="testLessonp_3331" time="0.0">
    <ignored/>
  </testcase> <!-- testLessonp_3331 -->
  <testcase classname="User_RrpBrowseResourceDirectoryTest" name="testLessonp_4824" time="0.0">
    <ignored/>
  </testcase> <!-- testLessonp_4824 -->
  <testcase classname="User_BrowseResourceDirectory_SubjectsTest" name="testLessonp_1025" time="0.0">
    <ignored/>
  </testcase> <!-- testLessonp_1025 -->
  <testcase classname="User_BrowseResourceDirectory_SubjectsTest" name="testLessonp_1024" time="0.0">
    <ignored/>
  </testcase> <!-- testLessonp_1024 -->
  <testcase classname="User_BrowseResourceDirectory_SubjectsTest" name="testLessonp_1023" time="0.0">
    <ignored/>
  </testcase> <!-- testLessonp_1023 -->
  <testcase classname="User_CurriculumManagerPageTest" name="testLessonp_5739" time="0.0">
    <ignored/>
  </testcase> <!-- testLessonp_5739 -->
  <testcase classname="User_HomepageTest" name="testLessonp_5292" time="0.0">
    <ignored/>
  </testcase> <!-- testLessonp_5292 -->
  <testcase classname="User_BrowseResourceDirectory_SubjectsTest" name="testLessonp_1020" time="0.0">
    <ignored/>
  </testcase> <!-- testLessonp_1020 -->
  <testcase classname="User_BrowseResourceDirectory_SubjectsTest" name="testLessonp_1026" time="0.0">
    <ignored/>
  </testcase> <!-- testLessonp_1026 -->
  <testcase classname="User_HomepageTest" name="testLessonp_5290" time="0.0">
    <ignored/>
  </testcase> <!-- testLessonp_5290 -->
  <testcase classname="User_HomepageTest" name="testLessonp_5291" time="0.0">
    <ignored/>
  </testcase> <!-- testLessonp_5291 -->
  <testcase classname="User_FooterTest" name="testLessonp_4036" time="0.0">
    <ignored/>
  </testcase> <!-- testLessonp_4036 -->
  <testcase classname="User_PublishFolderTest" name="testLessonp_986" time="0.0">
    <ignored/>
  </testcase> <!-- testLessonp_986 -->
  <testcase classname="User_FooterTest" name="testLessonp_4034" time="0.0">
    <ignored/>
  </testcase> <!-- testLessonp_4034 -->
  <testcase classname="User_PublishFolderTest" name="testLessonp_987" time="0.0">
    <ignored/>
  </testcase> <!-- testLessonp_987 -->
  <testcase classname="User_RrpSearchTest" name="testLessonp_4805" time="0.0">
    <ignored/>
  </testcase> <!-- testLessonp_4805 -->
  <testcase classname="User_CurriculumManagerPageTest" name="testLessonp_5991" time="0.0">
    <ignored/>
  </testcase> <!-- testLessonp_5991 -->
  <testcase classname="User_CollectionPlayerTest" name="testLessonp_557" time="0.0">
    <ignored/>
  </testcase> <!-- testLessonp_557 -->
  <testcase classname="User_FooterTest" name="testLessonp_4035" time="0.0">
    <ignored/>
  </testcase> <!-- testLessonp_4035 -->
  <testcase classname="User_HeaderTest" name="testLessonp_4111" time="0.0">
    <ignored/>
  </testcase> <!-- testLessonp_4111 -->
  <testcase classname="User_FooterTest" name="testLessonp_4033" time="0.0">
    <ignored/>
  </testcase> <!-- testLessonp_4033 -->
  <testcase classname="User_RrpBrowseResourceDirectoryTest" name="testLessonp_3285" time="0.0">
    <ignored/>
  </testcase> <!-- testLessonp_3285 -->
  <testcase classname="User_RrpBrowseResourceDirectoryTest" name="testLessonp_5627" time="0.0">
    <ignored/>
  </testcase> <!-- testLessonp_5627 -->
  <testcase classname="User_RrpSearchTest" name="testLessonp_586" time="0.0">
    <ignored/>
  </testcase> <!-- testLessonp_586 -->
  <testcase classname="User_RrpSearchTest" name="testLessonp_4811" time="0.0">
    <ignored/>
  </testcase> <!-- testLessonp_4811 -->
  <testcase classname="User_RrpBrowseResourceDirectoryTest" name="testLessonp_3284" time="0.0">
    <ignored/>
  </testcase> <!-- testLessonp_3284 -->
  <testcase classname="User_RrpSearchTest" name="testLessonp_469" time="0.0">
    <ignored/>
  </testcase> <!-- testLessonp_469 -->
  <testcase classname="User_RrpSearchTest" name="testLessonp_587" time="0.0">
    <ignored/>
  </testcase> <!-- testLessonp_587 -->
  <testcase classname="User_RrpBrowseResourceDirectoryTest" name="testLessonp_3309" time="0.0">
    <ignored/>
  </testcase> <!-- testLessonp_3309 -->
  <testcase classname="User_CalendarTest" name="testLessonp_4196" time="0.0">
    <ignored/>
  </testcase> <!-- testLessonp_4196 -->
  <testcase classname="User_RrpSearchTest" name="testLessonp_468" time="0.0">
    <ignored/>
  </testcase> <!-- testLessonp_468 -->
  <testcase classname="User_SearchTest" name="testLessonp_4747" time="0.0">
    <ignored/>
  </testcase> <!-- testLessonp_4747 -->
  <testcase classname="User_RrpSearchTest" name="testLessonp_467" time="0.0">
    <ignored/>
  </testcase> <!-- testLessonp_467 -->
  <testcase classname="User_RrpBrowseResourceDirectoryTest" name="testLessonp_3308" time="0.0">
    <ignored/>
  </testcase> <!-- testLessonp_3308 -->
  <testcase classname="User_PublishFolderTest" name="testLessonp_5864" time="0.0">
    <ignored/>
  </testcase> <!-- testLessonp_5864 -->
  <testcase classname="User_PublishFolderTest" name="testLessonp_5863" time="0.0">
    <ignored/>
  </testcase> <!-- testLessonp_5863 -->
  <testcase classname="User_PublishFolderTest" name="testLessonp_5865" time="0.0">
    <ignored/>
  </testcase> <!-- testLessonp_5865 -->
  <testcase classname="User_BrowseResourceDirectory_MainPageTest" name="testLessonp_1042" time="0.0">
    <ignored/>
  </testcase> <!-- testLessonp_1042 -->
  <testcase classname="User_PublishFolderTest" name="testLessonp_5868" time="0.0">
    <ignored/>
  </testcase> <!-- testLessonp_5868 -->
  <testcase classname="User_BrowseResourceDirectory_MainPageTest" name="testLessonp_1041" time="0.0">
    <ignored/>
  </testcase> <!-- testLessonp_1041 -->
  <testcase classname="User_PublishFolderTest" name="testLessonp_5867" time="0.0">
    <ignored/>
  </testcase> <!-- testLessonp_5867 -->
  <testcase classname="User_RrpSearchTest" name="testLessonp_476" time="0.0">
    <ignored/>
  </testcase> <!-- testLessonp_476 -->
  <testcase classname="User_BrowseResourceDirectory_MainPageTest" name="testLessonp_1043" time="0.0">
    <ignored/>
  </testcase> <!-- testLessonp_1043 -->
  <testcase classname="User_SearchTest" name="testLessonp_602" time="0.0">
    <ignored/>
  </testcase> <!-- testLessonp_602 -->
  <testcase classname="User_BrowseResourceDirectory_MainPageTest" name="testLessonp_1040" time="0.0">
    <ignored/>
  </testcase> <!-- testLessonp_1040 -->
  <testcase classname="User_PublishFolderTest" name="testLessonp_5866" time="0.0">
    <ignored/>
  </testcase> <!-- testLessonp_5866 -->
  <testcase classname="User_HeaderTest" name="testLessonp_4617" time="0.0">
    <ignored/>
  </testcase> <!-- testLessonp_4617 -->
  <testcase classname="User_SearchTest" name="testLessonp_601" time="0.0">
    <ignored/>
  </testcase> <!-- testLessonp_601 -->
  <testcase classname="User_CollectionBuilderTest" name="testLessonp_431" time="0.0">
    <ignored/>
  </testcase> <!-- testLessonp_431 -->
  <testcase classname="User_ArticlesTest" name="testLessonp_3398" time="0.0">
    <ignored/>
  </testcase> <!-- testLessonp_3398 -->
  <testcase classname="User_BrowseResourceDirectory_MainPageTest" name="testLessonp_1044" time="0.0">
    <ignored/>
  </testcase> <!-- testLessonp_1044 -->
  <testcase classname="User_RrpSearchTest" name="testLessonp_1254" time="0.0">
    <ignored/>
  </testcase> <!-- testLessonp_1254 -->
  <testcase classname="User_HomepageTest" name="testLessonp_5300" time="0.0">
    <ignored/>
  </testcase> <!-- testLessonp_5300 -->
  <testcase classname="User_SearchTest" name="testLessonp_603" time="0.0">
    <ignored/>
  </testcase> <!-- testLessonp_603 -->
  <testcase classname="User_SearchTest" name="testLessonp_605" time="0.0">
    <ignored/>
  </testcase> <!-- testLessonp_605 -->
  <testcase classname="User_PublishFolderTest" name="testLessonp_5828" time="0.0">
    <ignored/>
  </testcase> <!-- testLessonp_5828 -->
  <testcase classname="User_HomepageTest" name="testLessonp_5301" time="0.0">
    <ignored/>
  </testcase> <!-- testLessonp_5301 -->
  <testcase classname="User_PublishFolderTest" name="testLessonp_5827" time="0.0">
    <ignored/>
  </testcase> <!-- testLessonp_5827 -->
  <testcase classname="User_HomepageTest" name="testLessonp_5302" time="0.0">
    <ignored/>
  </testcase> <!-- testLessonp_5302 -->
  <testcase classname="User_BrowseResourceDirectory_SubjectsTest" name="testLessonp_1209" time="0.0">
    <ignored/>
  </testcase> <!-- testLessonp_1209 -->
  <testcase classname="User_PublishFolderTest" name="testLessonp_5826" time="0.0">
    <ignored/>
  </testcase> <!-- testLessonp_5826 -->
  <testcase classname="User_SearchTest" name="testLessonp_3957" time="0.0">
    <ignored/>
  </testcase> <!-- testLessonp_3957 -->
  <testcase classname="User_RrpSearchTest" name="testLessonp_954" time="0.0">
    <ignored/>
  </testcase> <!-- testLessonp_954 -->
  <testcase classname="User_CollectionBuilderTest" name="testLessonp_4914" time="0.0">
    <ignored/>
  </testcase> <!-- testLessonp_4914 -->
  <testcase classname="User_CollectionBuilderTest" name="testLessonp_4915" time="0.0">
    <ignored/>
  </testcase> <!-- testLessonp_4915 -->
  <testcase classname="User_BrowseResourceDirectory_SubjectsTest" name="testLessonp_1216" time="0.0">
    <ignored/>
  </testcase> <!-- testLessonp_1216 -->
  <testcase classname="User_SearchTest" name="testLessonp_3956" time="0.0">
    <ignored/>
  </testcase> <!-- testLessonp_3956 -->
  <testcase classname="User_SearchTest" name="testLessonp_3958" time="0.0">
    <ignored/>
  </testcase> <!-- testLessonp_3958 -->
  <testcase classname="User_RrpSearchTest" name="testLessonp_944" time="0.0">
    <ignored/>
  </testcase> <!-- testLessonp_944 -->
  <testcase classname="User_BrowseResourceDirectory_SubjectsTest" name="testLessonp_1211" time="0.0">
    <ignored/>
  </testcase> <!-- testLessonp_1211 -->
  <testcase classname="User_SearchTest" name="testLessonp_604" time="0.0">
    <ignored/>
  </testcase> <!-- testLessonp_604 -->
  <testcase classname="User_PublishFolderTest" name="testLessonp_5794" time="0.0">
    <ignored/>
  </testcase> <!-- testLessonp_5794 -->
  <testcase classname="User_PublishFolderTest" name="testLessonp_5795" time="0.0">
    <ignored/>
  </testcase> <!-- testLessonp_5795 -->
  <testcase classname="User_CurriculumManagerPageTest" name="testLessonp_5544" time="0.0">
    <ignored/>
  </testcase> <!-- testLessonp_5544 -->
  <testcase classname="User_CurriculumManagerPageTest" name="testLessonp_5545" time="0.0">
    <ignored/>
  </testcase> <!-- testLessonp_5545 -->
  <testcase classname="User_CurriculumManagerPageTest" name="testLessonp_5547" time="0.0">
    <ignored/>
  </testcase> <!-- testLessonp_5547 -->
  <testcase classname="User_EditFolderTest" name="testLessonp_5169" time="0.0">
    <ignored/>
  </testcase> <!-- testLessonp_5169 -->
  <testcase classname="User_HeaderTest" name="testLessonp_4004" time="0.0">
    <ignored/>
  </testcase> <!-- testLessonp_4004 -->
  <testcase classname="User_CurriculumManagerPageTest" name="testLessonp_5548" time="0.0">
    <ignored/>
  </testcase> <!-- testLessonp_5548 -->
  <testcase classname="User_CollectionBuilderTest" name="testLessonp_4378" time="0.0">
    <ignored/>
  </testcase> <!-- testLessonp_4378 -->
  <testcase classname="User_CollectionPlayerTest" name="testLessonp_624" time="0.0">
    <ignored/>
  </testcase> <!-- testLessonp_624 -->
  <testcase classname="User_CurriculumManagerPageTest" name="testLessonp_5022" time="0.0">
    <ignored/>
  </testcase> <!-- testLessonp_5022 -->
  <testcase classname="User_SearchTest" name="testLessonp_4008" time="0.0">
    <ignored/>
  </testcase> <!-- testLessonp_4008 -->
  <testcase classname="User_SearchTest" name="testLessonp_4007" time="0.0">
    <ignored/>
  </testcase> <!-- testLessonp_4007 -->
  <testcase classname="User_FooterTest" name="testLessonp_658" time="0.0">
    <ignored/>
  </testcase> <!-- testLessonp_658 -->
  <testcase classname="User_CurriculumManagerPageTest" name="testLessonp_5542" time="0.0">
    <ignored/>
  </testcase> <!-- testLessonp_5542 -->
  <testcase classname="User_BrowseResourceDirectory_SubjectsTest" name="testLessonp_1219" time="0.0">
    <ignored/>
  </testcase> <!-- testLessonp_1219 -->
  <testcase classname="User_FooterTest" name="testLessonp_659" time="0.0">
    <ignored/>
  </testcase> <!-- testLessonp_659 -->
  <testcase classname="User_SearchTest" name="testLessonp_4009" time="0.0">
    <ignored/>
  </testcase> <!-- testLessonp_4009 -->
  <testcase classname="User_BrowseResourceDirectory_SubjectsTest" name="testLessonp_1218" time="0.0">
    <ignored/>
  </testcase> <!-- testLessonp_1218 -->
  <testcase classname="User_FooterTest" name="testLessonp_656" time="0.0">
    <ignored/>
  </testcase> <!-- testLessonp_656 -->
  <testcase classname="User_EditFolderTest" name="testLessonp_5280" time="0.0">
    <ignored/>
  </testcase> <!-- testLessonp_5280 -->
  <testcase classname="User_FooterTest" name="testLessonp_660" time="0.0">
    <ignored/>
  </testcase> <!-- testLessonp_660 -->
  <testcase classname="User_FooterTest" name="testLessonp_4119" time="0.0">
    <ignored/>
  </testcase> <!-- testLessonp_4119 -->
  <testcase classname="User_HomepageTest" name="testLessonp_5289" time="0.0">
    <ignored/>
  </testcase> <!-- testLessonp_5289 -->
  <testcase classname="User_HomepageTest" name="testLessonp_5322" time="0.0">
    <ignored/>
  </testcase> <!-- testLessonp_5322 -->
  <testcase classname="User_RrpSearchTest" name="testLessonp_4609" time="0.0">
    <ignored/>
  </testcase> <!-- testLessonp_4609 -->
  <testcase classname="User_CurriculumManagerPageTest" name="testLessonp_3258" time="0.0">
    <ignored/>
  </testcase> <!-- testLessonp_3258 -->
  <testcase classname="User_FooterTest" name="testLessonp_4117" time="0.0">
    <ignored/>
  </testcase> <!-- testLessonp_4117 -->
  <testcase classname="User_HomepageTest" name="testLessonp_5286" time="0.0">
    <ignored/>
  </testcase> <!-- testLessonp_5286 -->
  <testcase classname="User_CurriculumManagerPageTest" name="testLessonp_5738" time="0.0">
    <ignored/>
  </testcase> <!-- testLessonp_5738 -->
  <testcase classname="User_FooterTest" name="testLessonp_4118" time="0.0">
    <ignored/>
  </testcase> <!-- testLessonp_4118 -->
  <testcase classname="User_HomepageTest" name="testLessonp_5288" time="0.0">
    <ignored/>
  </testcase> <!-- testLessonp_5288 -->
  <testcase classname="User_RrpSearchTest" name="testLessonp_4608" time="0.0">
    <ignored/>
  </testcase> <!-- testLessonp_4608 -->
  <testcase classname="User_HomepageTest" name="testLessonp_5323" time="0.0">
    <ignored/>
  </testcase> <!-- testLessonp_5323 -->
  <testcase classname="User_RrpBrowseResourceDirectoryTest" name="testLessonp_4847" time="0.0">
    <ignored/>
  </testcase> <!-- testLessonp_4847 -->
  <testcase classname="User_HomepageTest" name="testLessonp_5324" time="0.0">
    <ignored/>
  </testcase> <!-- testLessonp_5324 -->
  <testcase classname="User_RrpBrowseResourceDirectoryTest" name="testLessonp_4613" time="0.0">
    <ignored/>
  </testcase> <!-- testLessonp_4613 -->
  <testcase classname="User_CurriculumManagerPageTest" name="testLessonp_5550" time="0.0">
    <ignored/>
  </testcase> <!-- testLessonp_5550 -->
  <testcase classname="User_HomepageTest" name="testLessonp_5325" time="0.0">
    <ignored/>
  </testcase> <!-- testLessonp_5325 -->
  <testcase classname="User_RrpBrowseResourceDirectoryTest" name="testLessonp_4849" time="0.0">
    <ignored/>
  </testcase> <!-- testLessonp_4849 -->
  <testcase classname="User_HeaderTest" name="testLessonp_5366" time="0.0">
    <ignored/>
  </testcase> <!-- testLessonp_5366 -->
  <testcase classname="User_FooterTest" name="testLessonp_669" time="0.0">
    <ignored/>
  </testcase> <!-- testLessonp_669 -->
  <testcase classname="User_HomepageTest" name="testLessonp_5327" time="0.0">
    <ignored/>
  </testcase> <!-- testLessonp_5327 -->
  <testcase classname="User_HomepageTest" name="testLessonp_5328" time="0.0">
    <ignored/>
  </testcase> <!-- testLessonp_5328 -->
  <testcase classname="User_CurriculumManagerPageTest" name="testLessonp_5554" time="0.0">
    <ignored/>
  </testcase> <!-- testLessonp_5554 -->
  <testcase classname="User_HomepageTest" name="testLessonp_5329" time="0.0">
    <ignored/>
  </testcase> <!-- testLessonp_5329 -->
  <testcase classname="User_RrpBrowseResourceDirectoryTest" name="testLessonp_4611" time="0.0">
    <ignored/>
  </testcase> <!-- testLessonp_4611 -->
  <testcase classname="User_CollectionPlayerTest" name="testLessonp_629" time="0.0">
    <ignored/>
  </testcase> <!-- testLessonp_629 -->
  <testcase classname="User_RrpBrowseResourceDirectoryTest" name="testLessonp_4610" time="0.0">
    <ignored/>
  </testcase> <!-- testLessonp_4610 -->
  <testcase classname="User_CollectionPlayerTest" name="testLessonp_626" time="0.0">
    <ignored/>
  </testcase> <!-- testLessonp_626 -->
  <testcase classname="User_EditFolderTest" name="testLessonp_5261" time="0.0">
    <ignored/>
  </testcase> <!-- testLessonp_5261 -->
  <testcase classname="User_FooterTest" name="testLessonp_672" time="0.0">
    <ignored/>
  </testcase> <!-- testLessonp_672 -->
  <testcase classname="User_RrpBrowseResourceDirectoryTest" name="testLessonp_4612" time="0.0">
    <ignored/>
  </testcase> <!-- testLessonp_4612 -->
  <testcase classname="User_CollectionPlayerTest" name="testLessonp_625" time="0.0">
    <ignored/>
  </testcase> <!-- testLessonp_625 -->
  <testcase classname="User_FooterTest" name="testLessonp_670" time="0.0">
    <ignored/>
  </testcase> <!-- testLessonp_670 -->
  <testcase classname="User_FooterTest" name="testLessonp_671" time="0.0">
    <ignored/>
  </testcase> <!-- testLessonp_671 -->
  <testcase classname="User_SearchTest" name="testLessonp_997" time="0.0">
    <ignored/>
  </testcase> <!-- testLessonp_997 -->
  <testcase classname="User_SearchTest" name="testLessonp_996" time="0.0">
    <ignored/>
  </testcase> <!-- testLessonp_996 -->
  <testcase classname="User_HomepageTest" name="testLessonp_5319" time="0.0">
    <ignored/>
  </testcase> <!-- testLessonp_5319 -->
  <testcase classname="User_EditFolderTest" name="testLessonp_5264" time="0.0">
    <ignored/>
  </testcase> <!-- testLessonp_5264 -->
  <testcase classname="User_HomepageTest" name="testLessonp_5318" time="0.0">
    <ignored/>
  </testcase> <!-- testLessonp_5318 -->
  <testcase classname="User_EditFolderTest" name="testLessonp_5272" time="0.0">
    <ignored/>
  </testcase> <!-- testLessonp_5272 -->
  <testcase classname="User_RrpBrowseResourceDirectoryTest" name="testLessonp_4846" time="0.0">
    <ignored/>
  </testcase> <!-- testLessonp_4846 -->
  <testcase classname="User_ArticlesTest" name="testLessonp_5258" time="0.0">
    <ignored/>
  </testcase> <!-- testLessonp_5258 -->
  <testcase classname="User_RrpSearchTest" name="testLessonp_4603" time="0.0">
    <ignored/>
  </testcase> <!-- testLessonp_4603 -->
  <testcase classname="User_ArticlesTest" name="testLessonp_5257" time="0.0">
    <ignored/>
  </testcase> <!-- testLessonp_5257 -->
  <testcase classname="User_SearchTest" name="testLessonp_487" time="0.0">
    <ignored/>
  </testcase> <!-- testLessonp_487 -->
</testsuite> <!-- Free Member -->
