<?xml version="1.0" encoding="UTF-8"?>
<!-- Generated by org.testng.reporters.JUnitXMLReporter -->
<testsuite ignored="206" hostname="SVROLP01518" failures="1" tests="72" name="Visitor" time="5544.339" errors="0" timestamp="2022-02-17T17:28:57 EET">
  <testcase classname="BaseTest" name="@AfterMethod tearDown" time="0.07">
    <failure type="org.openqa.selenium.NoSuchSessionException" message="Tried to run command without establishing a connection
Build info: version: &amp;apos;3.141.59&amp;apos;, revision: &amp;apos;e82be7d358&amp;apos;, time: &amp;apos;2018-11-14T08:17:03&amp;apos;
System info: host: &amp;apos;SVROLP01518&amp;apos;, ip: &amp;apos;10.97.2.250&amp;apos;, os.name: &amp;apos;Windows 10&amp;apos;, os.arch: &amp;apos;amd64&amp;apos;, os.version: &amp;apos;10.0&amp;apos;, java.version: &amp;apos;11.0.3&amp;apos;
Driver info: org.openqa.selenium.firefox.FirefoxDriver
Capabilities {acceptInsecureCerts: true, browserName: firefox, browserVersion: 97.0, javascriptEnabled: true, moz:accessibilityChecks: false, moz:buildID: 20220202182137, moz:geckodriverVersion: 0.30.0, moz:headless: true, moz:processID: 27488, moz:profile: C:\Users\teodora.vermesan\A..., moz:shutdownTimeout: 60000, moz:useNonSpecCompliantPointerOrigin: false, moz:webdriverClick: true, pageLoadStrategy: normal, platform: WINDOWS, platformName: WINDOWS, platformVersion: 10.0, proxy: Proxy(), setWindowRect: true, strictFileInteractability: false, timeouts: {implicit: 0, pageLoad: 300000, script: 30000}, unhandledPromptBehavior: dismiss and notify}
Session ID: 640495ec-17cb-41d8-8099-f64645ff2db1">
      <![CDATA[org.openqa.selenium.NoSuchSessionException: Tried to run command without establishing a connection
Build info: version: '3.141.59', revision: 'e82be7d358', time: '2018-11-14T08:17:03'
System info: host: 'SVROLP01518', ip: '10.97.2.250', os.name: 'Windows 10', os.arch: 'amd64', os.version: '10.0', java.version: '11.0.3'
Driver info: org.openqa.selenium.firefox.FirefoxDriver
Capabilities {acceptInsecureCerts: true, browserName: firefox, browserVersion: 97.0, javascriptEnabled: true, moz:accessibilityChecks: false, moz:buildID: 20220202182137, moz:geckodriverVersion: 0.30.0, moz:headless: true, moz:processID: 27488, moz:profile: C:\Users\teodora.vermesan\A..., moz:shutdownTimeout: 60000, moz:useNonSpecCompliantPointerOrigin: false, moz:webdriverClick: true, pageLoadStrategy: normal, platform: WINDOWS, platformName: WINDOWS, platformVersion: 10.0, proxy: Proxy(), setWindowRect: true, strictFileInteractability: false, timeouts: {implicit: 0, pageLoad: 300000, script: 30000}, unhandledPromptBehavior: dismiss and notify}
Session ID: 640495ec-17cb-41d8-8099-f64645ff2db1
at org.openqa.selenium.remote.http.W3CHttpResponseCodec.createException(W3CHttpResponseCodec.java:187)
at org.openqa.selenium.remote.http.W3CHttpResponseCodec.decode(W3CHttpResponseCodec.java:122)
at org.openqa.selenium.remote.http.W3CHttpResponseCodec.decode(W3CHttpResponseCodec.java:49)
at org.openqa.selenium.remote.HttpCommandExecutor.execute(HttpCommandExecutor.java:160)
at org.openqa.selenium.remote.service.DriverCommandExecutor.execute(DriverCommandExecutor.java:83)
at org.openqa.selenium.remote.RemoteWebDriver.execute(RemoteWebDriver.java:601)
at org.openqa.selenium.remote.RemoteWebDriver.execute(RemoteWebDriver.java:658)
at org.openqa.selenium.remote.RemoteWebDriver.quit(RemoteWebDriver.java:497)
at BaseTest.tearDown(BaseTest.java:51)
at java.base/java.util.ArrayList.forEach(ArrayList.java:1540)
at com.intellij.rt.testng.IDEARemoteTestNG.run(IDEARemoteTestNG.java:66)
at com.intellij.rt.testng.RemoteTestNGStarter.main(RemoteTestNGStarter.java:110)
... Removed 32 stack frames]]>
    </failure>
  </testcase> <!-- @AfterMethod tearDown -->
  <testcase classname="User_ArticlesTest" name="testLessonp_3331" time="130.216"/>
  <testcase classname="User_ArticlesTest" name="testLessonp_3398" time="27.642"/>
  <testcase classname="User_CurriculumManagerPageTest" name="testLessonp_3258" time="21.38"/>
  <testcase classname="User_HeaderTest" name="testLessonp_4004" time="43.946"/>
  <testcase classname="User_HeaderTest" name="testLessonp_4565" time="79.574"/>
  <testcase classname="User_SearchTest" name="testLessonp_3956" time="185.785"/>
  <testcase classname="User_SearchTest" name="testLessonp_3957" time="178.866"/>
  <testcase classname="User_SearchTest" name="testLessonp_3958" time="152.648"/>
  <testcase classname="User_SearchTest" name="testLessonp_4747" time="124.884"/>
  <testcase classname="User_SearchTest" name="testLessonp_487" time="37.817"/>
  <testcase classname="User_SearchTest" name="testLessonp_490" time="54.655"/>
  <testcase classname="User_SearchTest" name="testLessonp_491" time="58.97"/>
  <testcase classname="User_SearchTest" name="testLessonp_492" time="62.676"/>
  <testcase classname="User_SearchTest" name="testLessonp_493" time="25.23"/>
  <testcase classname="User_SearchTest" name="testLessonp_494" time="28.234"/>
  <testcase classname="User_SearchTest" name="testLessonp_996" time="70.941"/>
  <testcase classname="User_SearchTest" name="testLessonp_997" time="55.958"/>
  <testcase classname="User_CalendarTest" name="testLessonp_4196" time="32.164">
    <failure type="org.openqa.selenium.NoSuchSessionException" message="Tried to run command without establishing a connection
Build info: version: &amp;apos;3.141.59&amp;apos;, revision: &amp;apos;e82be7d358&amp;apos;, time: &amp;apos;2018-11-14T08:17:03&amp;apos;
System info: host: &amp;apos;SVROLP01518&amp;apos;, ip: &amp;apos;10.97.2.250&amp;apos;, os.name: &amp;apos;Windows 10&amp;apos;, os.arch: &amp;apos;amd64&amp;apos;, os.version: &amp;apos;10.0&amp;apos;, java.version: &amp;apos;11.0.3&amp;apos;
Driver info: org.openqa.selenium.firefox.FirefoxDriver
Capabilities {acceptInsecureCerts: true, browserName: firefox, browserVersion: 97.0, javascriptEnabled: true, moz:accessibilityChecks: false, moz:buildID: 20220202182137, moz:geckodriverVersion: 0.30.0, moz:headless: true, moz:processID: 27488, moz:profile: C:\Users\teodora.vermesan\A..., moz:shutdownTimeout: 60000, moz:useNonSpecCompliantPointerOrigin: false, moz:webdriverClick: true, pageLoadStrategy: normal, platform: WINDOWS, platformName: WINDOWS, platformVersion: 10.0, proxy: Proxy(), setWindowRect: true, strictFileInteractability: false, timeouts: {implicit: 0, pageLoad: 300000, script: 30000}, unhandledPromptBehavior: dismiss and notify}
Session ID: 640495ec-17cb-41d8-8099-f64645ff2db1">
      <![CDATA[org.openqa.selenium.NoSuchSessionException: Tried to run command without establishing a connection
Build info: version: '3.141.59', revision: 'e82be7d358', time: '2018-11-14T08:17:03'
System info: host: 'SVROLP01518', ip: '10.97.2.250', os.name: 'Windows 10', os.arch: 'amd64', os.version: '10.0', java.version: '11.0.3'
Driver info: org.openqa.selenium.firefox.FirefoxDriver
Capabilities {acceptInsecureCerts: true, browserName: firefox, browserVersion: 97.0, javascriptEnabled: true, moz:accessibilityChecks: false, moz:buildID: 20220202182137, moz:geckodriverVersion: 0.30.0, moz:headless: true, moz:processID: 27488, moz:profile: C:\Users\teodora.vermesan\A..., moz:shutdownTimeout: 60000, moz:useNonSpecCompliantPointerOrigin: false, moz:webdriverClick: true, pageLoadStrategy: normal, platform: WINDOWS, platformName: WINDOWS, platformVersion: 10.0, proxy: Proxy(), setWindowRect: true, strictFileInteractability: false, timeouts: {implicit: 0, pageLoad: 300000, script: 30000}, unhandledPromptBehavior: dismiss and notify}
Session ID: 640495ec-17cb-41d8-8099-f64645ff2db1
at org.openqa.selenium.remote.http.W3CHttpResponseCodec.createException(W3CHttpResponseCodec.java:187)
at org.openqa.selenium.remote.http.W3CHttpResponseCodec.decode(W3CHttpResponseCodec.java:122)
at org.openqa.selenium.remote.http.W3CHttpResponseCodec.decode(W3CHttpResponseCodec.java:49)
at org.openqa.selenium.remote.HttpCommandExecutor.execute(HttpCommandExecutor.java:160)
at org.openqa.selenium.remote.service.DriverCommandExecutor.execute(DriverCommandExecutor.java:83)
at org.openqa.selenium.remote.RemoteWebDriver.execute(RemoteWebDriver.java:601)
at org.openqa.selenium.remote.RemoteWebDriver.executeScript(RemoteWebDriver.java:537)
at com.lessonplanet.pages.LpUiBasePage$2.apply(LpUiBasePage.java:298)
at com.lessonplanet.pages.LpUiBasePage$2.apply(LpUiBasePage.java:295)
at org.openqa.selenium.support.ui.FluentWait.until(FluentWait.java:208)
at com.lessonplanet.pages.LpUiBasePage.waitUntilDocumentIsReady(LpUiBasePage.java:295)
at com.lessonplanet.pages.LpUiBasePage.waitForPageLoad(LpUiBasePage.java:290)
at User_CalendarTest.testMonthPage(User_CalendarTest.java:76)
at User_CalendarTest.testCurriculumCalendarPage(User_CalendarTest.java:50)
at User_CalendarTest.testLessonp_4196(User_CalendarTest.java:31)
at java.base/java.util.ArrayList.forEach(ArrayList.java:1540)
at com.intellij.rt.testng.IDEARemoteTestNG.run(IDEARemoteTestNG.java:66)
at com.intellij.rt.testng.RemoteTestNGStarter.main(RemoteTestNGStarter.java:110)
... Removed 28 stack frames]]>
    </failure>
  </testcase> <!-- testLessonp_4196 -->
  <testcase classname="User_BrowseResourceDirectory_MainPageTest" name="testLessonp_1015" time="76.261"/>
  <testcase classname="User_BrowseResourceDirectory_MainPageTest" name="testLessonp_1018" time="26.537"/>
  <testcase classname="User_FooterTest" name="testLessonp_4033" time="21.908"/>
  <testcase classname="User_FooterTest" name="testLessonp_4034" time="20.23"/>
  <testcase classname="User_FooterTest" name="testLessonp_4035" time="10.975"/>
  <testcase classname="User_FooterTest" name="testLessonp_4036" time="16.765"/>
  <testcase classname="User_FooterTest" name="testLessonp_656" time="8.621"/>
  <testcase classname="User_FooterTest" name="testLessonp_658" time="34.481"/>
  <testcase classname="User_FooterTest" name="testLessonp_659" time="56.225"/>
  <testcase classname="User_FooterTest" name="testLessonp_660" time="37.513"/>
  <testcase classname="User_RrpSearchTest" name="testLessonp_1254" time="70.094"/>
  <testcase classname="User_RrpSearchTest" name="testLessonp_1282" time="44.898"/>
  <testcase classname="User_RrpSearchTest" name="testLessonp_4603" time="82.31"/>
  <testcase classname="User_RrpSearchTest" name="testLessonp_4608" time="105.292"/>
  <testcase classname="User_RrpSearchTest" name="testLessonp_4609" time="129.708"/>
  <testcase classname="User_RrpSearchTest" name="testLessonp_467" time="39.53"/>
  <testcase classname="User_RrpSearchTest" name="testLessonp_468" time="62.402"/>
  <testcase classname="User_RrpSearchTest" name="testLessonp_469" time="60.277"/>
  <testcase classname="User_RrpSearchTest" name="testLessonp_473" time="142.716"/>
  <testcase classname="User_RrpSearchTest" name="testLessonp_475" time="39.353"/>
  <testcase classname="User_RrpSearchTest" name="testLessonp_476" time="63.949"/>
  <testcase classname="User_RrpSearchTest" name="testLessonp_944" time="51.035"/>
  <testcase classname="User_CollectionBuilderTest" name="testLessonp_431" time="34.228"/>
  <testcase classname="User_CollectionBuilderTest" name="testLessonp_4378" time="84.831"/>
  <testcase classname="User_BrowseResourceDirectory_SubjectsTest" name="testLessonp_1020" time="39.899"/>
  <testcase classname="User_BrowseResourceDirectory_SubjectsTest" name="testLessonp_1022" time="40.731"/>
  <testcase classname="User_BrowseResourceDirectory_SubjectsTest" name="testLessonp_1023" time="39.321"/>
  <testcase classname="User_BrowseResourceDirectory_SubjectsTest" name="testLessonp_1024" time="20.283"/>
  <testcase classname="User_BrowseResourceDirectory_SubjectsTest" name="testLessonp_1025" time="23.248"/>
  <testcase classname="User_BrowseResourceDirectory_SubjectsTest" name="testLessonp_1026" time="57.923"/>
  <testcase classname="User_HomepageTest" name="testLessonp_5286" time="29.41"/>
  <testcase classname="User_HomepageTest" name="testLessonp_5288" time="40.495"/>
  <testcase classname="User_HomepageTest" name="testLessonp_5289" time="46.665"/>
  <testcase classname="User_HomepageTest" name="testLessonp_5290" time="23.878"/>
  <testcase classname="User_HomepageTest" name="testLessonp_5291" time="297.624"/>
  <testcase classname="User_HomepageTest" name="testLessonp_5292" time="30.562"/>
  <testcase classname="User_HomepageTest" name="testLessonp_5295" time="33.157"/>
  <testcase classname="User_HomepageTest" name="testLessonp_5296" time="22.912"/>
  <testcase classname="User_HomepageTest" name="testLessonp_5297" time="17.429"/>
  <testcase classname="User_HomepageTest" name="testLessonp_5298" time="18.845"/>
  <testcase classname="User_HomepageTest" name="testLessonp_5300" time="9.485"/>
  <testcase classname="User_HomepageTest" name="testLessonp_5301" time="8.566"/>
  <testcase classname="User_HomepageTest" name="testLessonp_5302" time="10.322"/>
  <testcase classname="User_HomepageTest" name="testLessonp_5318" time="283.877"/>
  <testcase classname="User_HomepageTest" name="testLessonp_5319" time="28.229"/>
  <testcase classname="User_HomepageTest" name="testLessonp_5334" time="278.204"/>
  <testcase classname="User_RrpBrowseResourceDirectoryTest" name="testLessonp_3284" time="23.573"/>
  <testcase classname="User_RrpBrowseResourceDirectoryTest" name="testLessonp_3285" time="35.383"/>
  <testcase classname="User_RrpBrowseResourceDirectoryTest" name="testLessonp_3308" time="30.284"/>
  <testcase classname="User_RrpBrowseResourceDirectoryTest" name="testLessonp_3309" time="36.579"/>
  <testcase classname="User_RrpBrowseResourceDirectoryTest" name="testLessonp_4610" time="66.078"/>
  <testcase classname="User_RrpBrowseResourceDirectoryTest" name="testLessonp_4611" time="67.409"/>
  <testcase classname="User_RrpBrowseResourceDirectoryTest" name="testLessonp_4612" time="43.271"/>
  <testcase classname="User_RrpBrowseResourceDirectoryTest" name="testLessonp_4613" time="56.914"/>
  <testcase classname="User_CalendarTest" name="testLessonp_5259" time="0.0">
    <ignored/>
  </testcase> <!-- testLessonp_5259 -->
  <testcase classname="User_CurriculumManagerPageTest" name="testLessonp_5614" time="0.0">
    <ignored/>
  </testcase> <!-- testLessonp_5614 -->
  <testcase classname="User_CurriculumManagerPageTest" name="testLessonp_5615" time="0.0">
    <ignored/>
  </testcase> <!-- testLessonp_5615 -->
  <testcase classname="User_CurriculumManagerPageTest" name="testLessonp_5737" time="0.0">
    <ignored/>
  </testcase> <!-- testLessonp_5737 -->
  <testcase classname="User_RrpBrowseResourceDirectoryTest" name="testLessonp_4677" time="0.0">
    <ignored/>
  </testcase> <!-- testLessonp_4677 -->
  <testcase classname="User_RrpBrowseResourceDirectoryTest" name="testLessonp_4674" time="0.0">
    <ignored/>
  </testcase> <!-- testLessonp_4674 -->
  <testcase classname="User_CurriculumManagerPageTest" name="testLessonp_5742" time="0.0">
    <ignored/>
  </testcase> <!-- testLessonp_5742 -->
  <testcase classname="User_CurriculumManagerPageTest" name="testLessonp_5743" time="0.0">
    <ignored/>
  </testcase> <!-- testLessonp_5743 -->
  <testcase classname="User_CurriculumManagerPageTest" name="testLessonp_5744" time="0.0">
    <ignored/>
  </testcase> <!-- testLessonp_5744 -->
  <testcase classname="User_CurriculumManagerPageTest" name="testLessonp_5745" time="0.0">
    <ignored/>
  </testcase> <!-- testLessonp_5745 -->
  <testcase classname="User_CurriculumManagerPageTest" name="testLessonp_5746" time="0.0">
    <ignored/>
  </testcase> <!-- testLessonp_5746 -->
  <testcase classname="User_CurriculumManagerPageTest" name="testLessonp_5747" time="0.0">
    <ignored/>
  </testcase> <!-- testLessonp_5747 -->
  <testcase classname="User_HeaderTest" name="testLessonp_4602" time="0.0">
    <ignored/>
  </testcase> <!-- testLessonp_4602 -->
  <testcase classname="User_RrpSearchTest" name="testLessonp_4817" time="0.0">
    <ignored/>
  </testcase> <!-- testLessonp_4817 -->
  <testcase classname="User_EditFolderTest" name="testLessonp_5640" time="0.0">
    <ignored/>
  </testcase> <!-- testLessonp_5640 -->
  <testcase classname="User_CalendarTest" name="testLessonp_5260" time="0.0">
    <ignored/>
  </testcase> <!-- testLessonp_5260 -->
  <testcase classname="User_CurriculumManagerPageTest" name="testLessonp_5741" time="0.0">
    <ignored/>
  </testcase> <!-- testLessonp_5741 -->
  <testcase classname="User_CurriculumManagerPageTest" name="testLessonp_5739" time="0.0">
    <ignored/>
  </testcase> <!-- testLessonp_5739 -->
  <testcase classname="User_HeaderTest" name="testLessonp_4111" time="0.0">
    <ignored/>
  </testcase> <!-- testLessonp_4111 -->
  <testcase classname="User_FooterTest" name="testLessonp_667" time="0.0">
    <ignored/>
  </testcase> <!-- testLessonp_667 -->
  <testcase classname="User_RrpBrowseResourceDirectoryTest" name="testLessonp_5627" time="0.0">
    <ignored/>
  </testcase> <!-- testLessonp_5627 -->
  <testcase classname="User_HeaderTest" name="testLessonp_4107" time="0.0">
    <ignored/>
  </testcase> <!-- testLessonp_4107 -->
  <testcase classname="User_BrowseResourceDirectory_SubjectsTest" name="testLessonp_1205" time="0.0">
    <ignored/>
  </testcase> <!-- testLessonp_1205 -->
  <testcase classname="User_BrowseResourceDirectory_SubjectsTest" name="testLessonp_1204" time="0.0">
    <ignored/>
  </testcase> <!-- testLessonp_1204 -->
  <testcase classname="User_CurriculumManagerPageTest" name="testLessonp_5535" time="0.0">
    <ignored/>
  </testcase> <!-- testLessonp_5535 -->
  <testcase classname="User_CurriculumManagerPageTest" name="testLessonp_5536" time="0.0">
    <ignored/>
  </testcase> <!-- testLessonp_5536 -->
  <testcase classname="User_CurriculumManagerPageTest" name="testLessonp_5537" time="0.0">
    <ignored/>
  </testcase> <!-- testLessonp_5537 -->
  <testcase classname="User_CurriculumManagerPageTest" name="testLessonp_5538" time="0.0">
    <ignored/>
  </testcase> <!-- testLessonp_5538 -->
  <testcase classname="User_SearchTest" name="testLessonp_603" time="0.0">
    <ignored/>
  </testcase> <!-- testLessonp_603 -->
  <testcase classname="User_CurriculumManagerPageTest" name="testLessonp_5539" time="0.0">
    <ignored/>
  </testcase> <!-- testLessonp_5539 -->
  <testcase classname="User_SearchTest" name="testLessonp_605" time="0.0">
    <ignored/>
  </testcase> <!-- testLessonp_605 -->
  <testcase classname="User_BrowseResourceDirectory_SubjectsTest" name="testLessonp_1206" time="0.0">
    <ignored/>
  </testcase> <!-- testLessonp_1206 -->
  <testcase classname="User_PublishFolderTest" name="testLessonp_5828" time="0.0">
    <ignored/>
  </testcase> <!-- testLessonp_5828 -->
  <testcase classname="User_PublishFolderTest" name="testLessonp_5827" time="0.0">
    <ignored/>
  </testcase> <!-- testLessonp_5827 -->
  <testcase classname="User_CurriculumManagerPageTest" name="testLessonp_5893" time="0.0">
    <ignored/>
  </testcase> <!-- testLessonp_5893 -->
  <testcase classname="User_BrowseResourceDirectory_SubjectsTest" name="testLessonp_1209" time="0.0">
    <ignored/>
  </testcase> <!-- testLessonp_1209 -->
  <testcase classname="User_PublishFolderTest" name="testLessonp_5826" time="0.0">
    <ignored/>
  </testcase> <!-- testLessonp_5826 -->
  <testcase classname="User_BrowseResourceDirectory_SubjectsTest" name="testLessonp_1207" time="0.0">
    <ignored/>
  </testcase> <!-- testLessonp_1207 -->
  <testcase classname="User_BrowseResourceDirectory_SubjectsTest" name="testLessonp_1216" time="0.0">
    <ignored/>
  </testcase> <!-- testLessonp_1216 -->
  <testcase classname="User_BrowseResourceDirectory_SubjectsTest" name="testLessonp_1211" time="0.0">
    <ignored/>
  </testcase> <!-- testLessonp_1211 -->
  <testcase classname="User_SearchTest" name="testLessonp_604" time="0.0">
    <ignored/>
  </testcase> <!-- testLessonp_604 -->
  <testcase classname="User_CurriculumManagerPageTest" name="testLessonp_5544" time="0.0">
    <ignored/>
  </testcase> <!-- testLessonp_5544 -->
  <testcase classname="User_CurriculumManagerPageTest" name="testLessonp_5545" time="0.0">
    <ignored/>
  </testcase> <!-- testLessonp_5545 -->
  <testcase classname="User_CurriculumManagerPageTest" name="testLessonp_5547" time="0.0">
    <ignored/>
  </testcase> <!-- testLessonp_5547 -->
  <testcase classname="User_CurriculumManagerPageTest" name="testLessonp_5548" time="0.0">
    <ignored/>
  </testcase> <!-- testLessonp_5548 -->
  <testcase classname="User_CurriculumManagerPageTest" name="testLessonp_5542" time="0.0">
    <ignored/>
  </testcase> <!-- testLessonp_5542 -->
  <testcase classname="User_BrowseResourceDirectory_SubjectsTest" name="testLessonp_1219" time="0.0">
    <ignored/>
  </testcase> <!-- testLessonp_1219 -->
  <testcase classname="User_BrowseResourceDirectory_SubjectsTest" name="testLessonp_1218" time="0.0">
    <ignored/>
  </testcase> <!-- testLessonp_1218 -->
  <testcase classname="User_SearchTest" name="testLessonp_503" time="0.0">
    <ignored/>
  </testcase> <!-- testLessonp_503 -->
  <testcase classname="User_FooterTest" name="testLessonp_4119" time="0.0">
    <ignored/>
  </testcase> <!-- testLessonp_4119 -->
  <testcase classname="User_HomepageTest" name="testLessonp_5322" time="0.0">
    <ignored/>
  </testcase> <!-- testLessonp_5322 -->
  <testcase classname="User_FooterTest" name="testLessonp_4116" time="0.0">
    <ignored/>
  </testcase> <!-- testLessonp_4116 -->
  <testcase classname="User_FooterTest" name="testLessonp_4114" time="0.0">
    <ignored/>
  </testcase> <!-- testLessonp_4114 -->
  <testcase classname="User_FooterTest" name="testLessonp_4117" time="0.0">
    <ignored/>
  </testcase> <!-- testLessonp_4117 -->
  <testcase classname="User_FooterTest" name="testLessonp_4115" time="0.0">
    <ignored/>
  </testcase> <!-- testLessonp_4115 -->
  <testcase classname="User_CurriculumManagerPageTest" name="testLessonp_5738" time="0.0">
    <ignored/>
  </testcase> <!-- testLessonp_5738 -->
  <testcase classname="User_FooterTest" name="testLessonp_4118" time="0.0">
    <ignored/>
  </testcase> <!-- testLessonp_4118 -->
  <testcase classname="User_HomepageTest" name="testLessonp_5323" time="0.0">
    <ignored/>
  </testcase> <!-- testLessonp_5323 -->
  <testcase classname="User_HomepageTest" name="testLessonp_5324" time="0.0">
    <ignored/>
  </testcase> <!-- testLessonp_5324 -->
  <testcase classname="User_HomepageTest" name="testLessonp_5325" time="0.0">
    <ignored/>
  </testcase> <!-- testLessonp_5325 -->
  <testcase classname="User_HeaderTest" name="testLessonp_5366" time="0.0">
    <ignored/>
  </testcase> <!-- testLessonp_5366 -->
  <testcase classname="User_FooterTest" name="testLessonp_4112" time="0.0">
    <ignored/>
  </testcase> <!-- testLessonp_4112 -->
  <testcase classname="User_HomepageTest" name="testLessonp_5327" time="0.0">
    <ignored/>
  </testcase> <!-- testLessonp_5327 -->
  <testcase classname="User_HomepageTest" name="testLessonp_5328" time="0.0">
    <ignored/>
  </testcase> <!-- testLessonp_5328 -->
  <testcase classname="User_HomepageTest" name="testLessonp_5329" time="0.0">
    <ignored/>
  </testcase> <!-- testLessonp_5329 -->
  <testcase classname="User_RrpBrowseResourceDirectoryTest" name="testLessonp_4696" time="0.0">
    <ignored/>
  </testcase> <!-- testLessonp_4696 -->
  <testcase classname="User_CollectionPlayerTest" name="testLessonp_629" time="0.0">
    <ignored/>
  </testcase> <!-- testLessonp_629 -->
  <testcase classname="User_CollectionPlayerTest" name="testLessonp_626" time="0.0">
    <ignored/>
  </testcase> <!-- testLessonp_626 -->
  <testcase classname="User_CollectionPlayerTest" name="testLessonp_625" time="0.0">
    <ignored/>
  </testcase> <!-- testLessonp_625 -->
  <testcase classname="User_BrowseResourceDirectory_SubjectsTest" name="testLessonp_1197" time="0.0">
    <ignored/>
  </testcase> <!-- testLessonp_1197 -->
  <testcase classname="User_HomepageTest" name="testLessonp_5311" time="0.0">
    <ignored/>
  </testcase> <!-- testLessonp_5311 -->
  <testcase classname="User_CurriculumManagerPageTest" name="testLessonp_5964" time="0.0">
    <ignored/>
  </testcase> <!-- testLessonp_5964 -->
  <testcase classname="User_HomepageTest" name="testLessonp_5312" time="0.0">
    <ignored/>
  </testcase> <!-- testLessonp_5312 -->
  <testcase classname="User_HomepageTest" name="testLessonp_5313" time="0.0">
    <ignored/>
  </testcase> <!-- testLessonp_5313 -->
  <testcase classname="User_HomepageTest" name="testLessonp_5314" time="0.0">
    <ignored/>
  </testcase> <!-- testLessonp_5314 -->
  <testcase classname="User_HomepageTest" name="testLessonp_5316" time="0.0">
    <ignored/>
  </testcase> <!-- testLessonp_5316 -->
  <testcase classname="User_HomepageTest" name="testLessonp_5317" time="0.0">
    <ignored/>
  </testcase> <!-- testLessonp_5317 -->
  <testcase classname="User_HomepageTest" name="testLessonp_5309" time="0.0">
    <ignored/>
  </testcase> <!-- testLessonp_5309 -->
  <testcase classname="User_HomepageTest" name="testLessonp_5315" time="0.0">
    <ignored/>
  </testcase> <!-- testLessonp_5315 -->
  <testcase classname="User_EditFolderTest" name="testLessonp_497" time="0.0">
    <ignored/>
  </testcase> <!-- testLessonp_497 -->
  <testcase classname="User_EditFolderTest" name="testLessonp_495" time="0.0">
    <ignored/>
  </testcase> <!-- testLessonp_495 -->
  <testcase classname="User_RrpBrowseResourceDirectoryTest" name="testLessonp_4684" time="0.0">
    <ignored/>
  </testcase> <!-- testLessonp_4684 -->
  <testcase classname="User_HeaderTest" name="testLessonp_5660" time="0.0">
    <ignored/>
  </testcase> <!-- testLessonp_5660 -->
  <testcase classname="User_RrpBrowseResourceDirectoryTest" name="testLessonp_4825" time="0.0">
    <ignored/>
  </testcase> <!-- testLessonp_4825 -->
  <testcase classname="User_RrpBrowseResourceDirectoryTest" name="testLessonp_4827" time="0.0">
    <ignored/>
  </testcase> <!-- testLessonp_4827 -->
  <testcase classname="User_RrpBrowseResourceDirectoryTest" name="testLessonp_4705" time="0.0">
    <ignored/>
  </testcase> <!-- testLessonp_4705 -->
  <testcase classname="User_RrpBrowseResourceDirectoryTest" name="testLessonp_4826" time="0.0">
    <ignored/>
  </testcase> <!-- testLessonp_4826 -->
  <testcase classname="User_RrpSearchTest" name="testLessonp_4792" time="0.0">
    <ignored/>
  </testcase> <!-- testLessonp_4792 -->
  <testcase classname="User_RrpSearchTest" name="testLessonp_4671" time="0.0">
    <ignored/>
  </testcase> <!-- testLessonp_4671 -->
  <testcase classname="User_RrpSearchTest" name="testLessonp_4670" time="0.0">
    <ignored/>
  </testcase> <!-- testLessonp_4670 -->
  <testcase classname="User_RrpSearchTest" name="testLessonp_4794" time="0.0">
    <ignored/>
  </testcase> <!-- testLessonp_4794 -->
  <testcase classname="User_RrpSearchTest" name="testLessonp_4793" time="0.0">
    <ignored/>
  </testcase> <!-- testLessonp_4793 -->
  <testcase classname="User_RrpBrowseResourceDirectoryTest" name="testLessonp_4713" time="0.0">
    <ignored/>
  </testcase> <!-- testLessonp_4713 -->
  <testcase classname="User_RrpSearchTest" name="testLessonp_4796" time="0.0">
    <ignored/>
  </testcase> <!-- testLessonp_4796 -->
  <testcase classname="User_RrpSearchTest" name="testLessonp_4795" time="0.0">
    <ignored/>
  </testcase> <!-- testLessonp_4795 -->
  <testcase classname="User_HomepageTest" name="testLessonp_5333" time="0.0">
    <ignored/>
  </testcase> <!-- testLessonp_5333 -->
  <testcase classname="User_RrpSearchTest" name="testLessonp_4797" time="0.0">
    <ignored/>
  </testcase> <!-- testLessonp_4797 -->
  <testcase classname="User_HomepageTest" name="testLessonp_5330" time="0.0">
    <ignored/>
  </testcase> <!-- testLessonp_5330 -->
  <testcase classname="User_HomepageTest" name="testLessonp_5331" time="0.0">
    <ignored/>
  </testcase> <!-- testLessonp_5331 -->
  <testcase classname="User_SearchTest" name="testLessonp_3993" time="0.0">
    <ignored/>
  </testcase> <!-- testLessonp_3993 -->
  <testcase classname="User_HomepageTest" name="testLessonp_5332" time="0.0">
    <ignored/>
  </testcase> <!-- testLessonp_5332 -->
  <testcase classname="User_SearchTest" name="testLessonp_3995" time="0.0">
    <ignored/>
  </testcase> <!-- testLessonp_3995 -->
  <testcase classname="User_RrpSearchTest" name="testLessonp_524" time="0.0">
    <ignored/>
  </testcase> <!-- testLessonp_524 -->
  <testcase classname="User_SearchTest" name="testLessonp_3994" time="0.0">
    <ignored/>
  </testcase> <!-- testLessonp_3994 -->
  <testcase classname="User_FooterTest" name="testLessonp_4120" time="0.0">
    <ignored/>
  </testcase> <!-- testLessonp_4120 -->
  <testcase classname="User_RrpSearchTest" name="testLessonp_523" time="0.0">
    <ignored/>
  </testcase> <!-- testLessonp_523 -->
  <testcase classname="User_PublishFolderTest" name="testLessonp_995" time="0.0">
    <ignored/>
  </testcase> <!-- testLessonp_995 -->
  <testcase classname="User_RrpSearchTest" name="testLessonp_516" time="0.0">
    <ignored/>
  </testcase> <!-- testLessonp_516 -->
  <testcase classname="User_RrpSearchTest" name="testLessonp_515" time="0.0">
    <ignored/>
  </testcase> <!-- testLessonp_515 -->
  <testcase classname="User_RrpBrowseResourceDirectoryTest" name="testLessonp_4703" time="0.0">
    <ignored/>
  </testcase> <!-- testLessonp_4703 -->
  <testcase classname="User_RrpBrowseResourceDirectoryTest" name="testLessonp_4824" time="0.0">
    <ignored/>
  </testcase> <!-- testLessonp_4824 -->
  <testcase classname="User_RrpSearchTest" name="testLessonp_531" time="0.0">
    <ignored/>
  </testcase> <!-- testLessonp_531 -->
  <testcase classname="User_RrpSearchTest" name="testLessonp_4668" time="0.0">
    <ignored/>
  </testcase> <!-- testLessonp_4668 -->
  <testcase classname="User_RrpSearchTest" name="testLessonp_4667" time="0.0">
    <ignored/>
  </testcase> <!-- testLessonp_4667 -->
  <testcase classname="User_RrpSearchTest" name="testLessonp_4669" time="0.0">
    <ignored/>
  </testcase> <!-- testLessonp_4669 -->
  <testcase classname="User_RrpSearchTest" name="testLessonp_4664" time="0.0">
    <ignored/>
  </testcase> <!-- testLessonp_4664 -->
  <testcase classname="User_RrpSearchTest" name="testLessonp_4663" time="0.0">
    <ignored/>
  </testcase> <!-- testLessonp_4663 -->
  <testcase classname="User_RrpSearchTest" name="testLessonp_4666" time="0.0">
    <ignored/>
  </testcase> <!-- testLessonp_4666 -->
  <testcase classname="User_PublishFolderTest" name="testLessonp_986" time="0.0">
    <ignored/>
  </testcase> <!-- testLessonp_986 -->
  <testcase classname="User_PublishFolderTest" name="testLessonp_987" time="0.0">
    <ignored/>
  </testcase> <!-- testLessonp_987 -->
  <testcase classname="User_CollectionPlayerTest" name="testLessonp_556" time="0.0">
    <ignored/>
  </testcase> <!-- testLessonp_556 -->
  <testcase classname="User_RrpSearchTest" name="testLessonp_4805" time="0.0">
    <ignored/>
  </testcase> <!-- testLessonp_4805 -->
  <testcase classname="User_CollectionPlayerTest" name="testLessonp_555" time="0.0">
    <ignored/>
  </testcase> <!-- testLessonp_555 -->
  <testcase classname="User_CurriculumManagerPageTest" name="testLessonp_5991" time="0.0">
    <ignored/>
  </testcase> <!-- testLessonp_5991 -->
  <testcase classname="User_CollectionPlayerTest" name="testLessonp_557" time="0.0">
    <ignored/>
  </testcase> <!-- testLessonp_557 -->
  <testcase classname="User_CollectionPlayerTest" name="testLessonp_554" time="0.0">
    <ignored/>
  </testcase> <!-- testLessonp_554 -->
  <testcase classname="User_BrowseResourceDirectory_MainPageTest" name="testLessonp_1030" time="0.0">
    <ignored/>
  </testcase> <!-- testLessonp_1030 -->
  <testcase classname="User_RrpSearchTest" name="testLessonp_586" time="0.0">
    <ignored/>
  </testcase> <!-- testLessonp_586 -->
  <testcase classname="User_BrowseResourceDirectory_MainPageTest" name="testLessonp_1035" time="0.0">
    <ignored/>
  </testcase> <!-- testLessonp_1035 -->
  <testcase classname="User_RrpSearchTest" name="testLessonp_4811" time="0.0">
    <ignored/>
  </testcase> <!-- testLessonp_4811 -->
  <testcase classname="User_BrowseResourceDirectory_MainPageTest" name="testLessonp_1039" time="0.0">
    <ignored/>
  </testcase> <!-- testLessonp_1039 -->
  <testcase classname="User_CollectionBuilderTest" name="testLessonp_548" time="0.0">
    <ignored/>
  </testcase> <!-- testLessonp_548 -->
  <testcase classname="User_RrpSearchTest" name="testLessonp_587" time="0.0">
    <ignored/>
  </testcase> <!-- testLessonp_587 -->
  <testcase classname="User_PublishFolderTest" name="testLessonp_5864" time="0.0">
    <ignored/>
  </testcase> <!-- testLessonp_5864 -->
  <testcase classname="User_PublishFolderTest" name="testLessonp_5863" time="0.0">
    <ignored/>
  </testcase> <!-- testLessonp_5863 -->
  <testcase classname="User_PublishFolderTest" name="testLessonp_5865" time="0.0">
    <ignored/>
  </testcase> <!-- testLessonp_5865 -->
  <testcase classname="User_BrowseResourceDirectory_MainPageTest" name="testLessonp_1042" time="0.0">
    <ignored/>
  </testcase> <!-- testLessonp_1042 -->
  <testcase classname="User_PublishFolderTest" name="testLessonp_5868" time="0.0">
    <ignored/>
  </testcase> <!-- testLessonp_5868 -->
  <testcase classname="User_BrowseResourceDirectory_MainPageTest" name="testLessonp_1041" time="0.0">
    <ignored/>
  </testcase> <!-- testLessonp_1041 -->
  <testcase classname="User_PublishFolderTest" name="testLessonp_5867" time="0.0">
    <ignored/>
  </testcase> <!-- testLessonp_5867 -->
  <testcase classname="User_BrowseResourceDirectory_MainPageTest" name="testLessonp_1043" time="0.0">
    <ignored/>
  </testcase> <!-- testLessonp_1043 -->
  <testcase classname="User_SearchTest" name="testLessonp_602" time="0.0">
    <ignored/>
  </testcase> <!-- testLessonp_602 -->
  <testcase classname="User_BrowseResourceDirectory_MainPageTest" name="testLessonp_1040" time="0.0">
    <ignored/>
  </testcase> <!-- testLessonp_1040 -->
  <testcase classname="User_PublishFolderTest" name="testLessonp_5866" time="0.0">
    <ignored/>
  </testcase> <!-- testLessonp_5866 -->
  <testcase classname="User_HeaderTest" name="testLessonp_4617" time="0.0">
    <ignored/>
  </testcase> <!-- testLessonp_4617 -->
  <testcase classname="User_SearchTest" name="testLessonp_601" time="0.0">
    <ignored/>
  </testcase> <!-- testLessonp_601 -->
  <testcase classname="User_BrowseResourceDirectory_MainPageTest" name="testLessonp_1044" time="0.0">
    <ignored/>
  </testcase> <!-- testLessonp_1044 -->
  <testcase classname="User_EditFolderTest" name="testLessonp_5279" time="0.0">
    <ignored/>
  </testcase> <!-- testLessonp_5279 -->
  <testcase classname="User_HomepageTest" name="testLessonp_5308" time="0.0">
    <ignored/>
  </testcase> <!-- testLessonp_5308 -->
  <testcase classname="User_RrpSearchTest" name="testLessonp_950" time="0.0">
    <ignored/>
  </testcase> <!-- testLessonp_950 -->
  <testcase classname="User_RrpSearchTest" name="testLessonp_952" time="0.0">
    <ignored/>
  </testcase> <!-- testLessonp_952 -->
  <testcase classname="User_HomepageTest" name="testLessonp_5306" time="0.0">
    <ignored/>
  </testcase> <!-- testLessonp_5306 -->
  <testcase classname="User_RrpSearchTest" name="testLessonp_954" time="0.0">
    <ignored/>
  </testcase> <!-- testLessonp_954 -->
  <testcase classname="User_HomepageTest" name="testLessonp_5307" time="0.0">
    <ignored/>
  </testcase> <!-- testLessonp_5307 -->
  <testcase classname="User_CollectionBuilderTest" name="testLessonp_4914" time="0.0">
    <ignored/>
  </testcase> <!-- testLessonp_4914 -->
  <testcase classname="User_CollectionBuilderTest" name="testLessonp_4915" time="0.0">
    <ignored/>
  </testcase> <!-- testLessonp_4915 -->
  <testcase classname="User_BrowseResourceDirectory_MainPageTest" name="testLessonp_1332" time="0.0">
    <ignored/>
  </testcase> <!-- testLessonp_1332 -->
  <testcase classname="User_BrowseResourceDirectory_MainPageTest" name="testLessonp_1331" time="0.0">
    <ignored/>
  </testcase> <!-- testLessonp_1331 -->
  <testcase classname="User_PublishFolderTest" name="testLessonp_5794" time="0.0">
    <ignored/>
  </testcase> <!-- testLessonp_5794 -->
  <testcase classname="User_PublishFolderTest" name="testLessonp_5795" time="0.0">
    <ignored/>
  </testcase> <!-- testLessonp_5795 -->
  <testcase classname="User_EditFolderTest" name="testLessonp_5169" time="0.0">
    <ignored/>
  </testcase> <!-- testLessonp_5169 -->
  <testcase classname="User_SearchTest" name="testLessonp_4002" time="0.0">
    <ignored/>
  </testcase> <!-- testLessonp_4002 -->
  <testcase classname="User_CollectionPlayerTest" name="testLessonp_624" time="0.0">
    <ignored/>
  </testcase> <!-- testLessonp_624 -->
  <testcase classname="User_CurriculumManagerPageTest" name="testLessonp_5022" time="0.0">
    <ignored/>
  </testcase> <!-- testLessonp_5022 -->
  <testcase classname="User_SearchTest" name="testLessonp_4008" time="0.0">
    <ignored/>
  </testcase> <!-- testLessonp_4008 -->
  <testcase classname="User_SearchTest" name="testLessonp_4007" time="0.0">
    <ignored/>
  </testcase> <!-- testLessonp_4007 -->
  <testcase classname="User_SearchTest" name="testLessonp_4009" time="0.0">
    <ignored/>
  </testcase> <!-- testLessonp_4009 -->
  <testcase classname="User_FooterTest" name="testLessonp_668" time="0.0">
    <ignored/>
  </testcase> <!-- testLessonp_668 -->
  <testcase classname="User_FooterTest" name="testLessonp_665" time="0.0">
    <ignored/>
  </testcase> <!-- testLessonp_665 -->
  <testcase classname="User_FooterTest" name="testLessonp_666" time="0.0">
    <ignored/>
  </testcase> <!-- testLessonp_666 -->
  <testcase classname="User_EditFolderTest" name="testLessonp_5280" time="0.0">
    <ignored/>
  </testcase> <!-- testLessonp_5280 -->
  <testcase classname="User_CollectionBuilderTest" name="testLessonp_4381" time="0.0">
    <ignored/>
  </testcase> <!-- testLessonp_4381 -->
  <testcase classname="User_CurriculumManagerPageTest" name="testLessonp_5676" time="0.0">
    <ignored/>
  </testcase> <!-- testLessonp_5676 -->
  <testcase classname="User_CurriculumManagerPageTest" name="testLessonp_5677" time="0.0">
    <ignored/>
  </testcase> <!-- testLessonp_5677 -->
  <testcase classname="User_SearchTest" name="testLessonp_507" time="0.0">
    <ignored/>
  </testcase> <!-- testLessonp_507 -->
  <testcase classname="User_SearchTest" name="testLessonp_504" time="0.0">
    <ignored/>
  </testcase> <!-- testLessonp_504 -->
  <testcase classname="User_SearchTest" name="testLessonp_506" time="0.0">
    <ignored/>
  </testcase> <!-- testLessonp_506 -->
  <testcase classname="User_RrpSearchTest" name="testLessonp_535" time="0.0">
    <ignored/>
  </testcase> <!-- testLessonp_535 -->
  <testcase classname="User_RrpBrowseResourceDirectoryTest" name="testLessonp_4847" time="0.0">
    <ignored/>
  </testcase> <!-- testLessonp_4847 -->
  <testcase classname="User_CurriculumManagerPageTest" name="testLessonp_5670" time="0.0">
    <ignored/>
  </testcase> <!-- testLessonp_5670 -->
  <testcase classname="User_CurriculumManagerPageTest" name="testLessonp_5671" time="0.0">
    <ignored/>
  </testcase> <!-- testLessonp_5671 -->
  <testcase classname="User_CurriculumManagerPageTest" name="testLessonp_5550" time="0.0">
    <ignored/>
  </testcase> <!-- testLessonp_5550 -->
  <testcase classname="User_RrpBrowseResourceDirectoryTest" name="testLessonp_4849" time="0.0">
    <ignored/>
  </testcase> <!-- testLessonp_4849 -->
  <testcase classname="User_CurriculumManagerPageTest" name="testLessonp_5672" time="0.0">
    <ignored/>
  </testcase> <!-- testLessonp_5672 -->
  <testcase classname="User_CurriculumManagerPageTest" name="testLessonp_5673" time="0.0">
    <ignored/>
  </testcase> <!-- testLessonp_5673 -->
  <testcase classname="User_FooterTest" name="testLessonp_669" time="0.0">
    <ignored/>
  </testcase> <!-- testLessonp_669 -->
  <testcase classname="User_CurriculumManagerPageTest" name="testLessonp_5674" time="0.0">
    <ignored/>
  </testcase> <!-- testLessonp_5674 -->
  <testcase classname="User_CurriculumManagerPageTest" name="testLessonp_5554" time="0.0">
    <ignored/>
  </testcase> <!-- testLessonp_5554 -->
  <testcase classname="User_CurriculumManagerPageTest" name="testLessonp_5675" time="0.0">
    <ignored/>
  </testcase> <!-- testLessonp_5675 -->
  <testcase classname="User_EditFolderTest" name="testLessonp_5261" time="0.0">
    <ignored/>
  </testcase> <!-- testLessonp_5261 -->
  <testcase classname="User_FooterTest" name="testLessonp_672" time="0.0">
    <ignored/>
  </testcase> <!-- testLessonp_672 -->
  <testcase classname="User_FooterTest" name="testLessonp_670" time="0.0">
    <ignored/>
  </testcase> <!-- testLessonp_670 -->
  <testcase classname="User_FooterTest" name="testLessonp_671" time="0.0">
    <ignored/>
  </testcase> <!-- testLessonp_671 -->
  <testcase classname="User_SearchTest" name="testLessonp_998" time="0.0">
    <ignored/>
  </testcase> <!-- testLessonp_998 -->
  <testcase classname="User_SearchTest" name="testLessonp_505" time="0.0">
    <ignored/>
  </testcase> <!-- testLessonp_505 -->
  <testcase classname="User_SearchTest" name="testLessonp_999" time="0.0">
    <ignored/>
  </testcase> <!-- testLessonp_999 -->
  <testcase classname="User_CurriculumManagerPageTest" name="testLessonp_5681" time="0.0">
    <ignored/>
  </testcase> <!-- testLessonp_5681 -->
  <testcase classname="User_EditFolderTest" name="testLessonp_5263" time="0.0">
    <ignored/>
  </testcase> <!-- testLessonp_5263 -->
  <testcase classname="User_EditFolderTest" name="testLessonp_5264" time="0.0">
    <ignored/>
  </testcase> <!-- testLessonp_5264 -->
  <testcase classname="User_ArticlesTest" name="testLessonp_5255" time="0.0">
    <ignored/>
  </testcase> <!-- testLessonp_5255 -->
  <testcase classname="User_ArticlesTest" name="testLessonp_5256" time="0.0">
    <ignored/>
  </testcase> <!-- testLessonp_5256 -->
  <testcase classname="User_EditFolderTest" name="testLessonp_5272" time="0.0">
    <ignored/>
  </testcase> <!-- testLessonp_5272 -->
  <testcase classname="User_RrpBrowseResourceDirectoryTest" name="testLessonp_4846" time="0.0">
    <ignored/>
  </testcase> <!-- testLessonp_4846 -->
  <testcase classname="User_RrpBrowseResourceDirectoryTest" name="testLessonp_4725" time="0.0">
    <ignored/>
  </testcase> <!-- testLessonp_4725 -->
  <testcase classname="User_ArticlesTest" name="testLessonp_5258" time="0.0">
    <ignored/>
  </testcase> <!-- testLessonp_5258 -->
  <testcase classname="User_ArticlesTest" name="testLessonp_5257" time="0.0">
    <ignored/>
  </testcase> <!-- testLessonp_5257 -->
</testsuite> <!-- Visitor -->
